[ 2016-09-04T09:08:42+08:00 ] 127.0.0.1 /index.php/Wap/Wap/project_right?id=160
INFO: [ app_begin ] --START--
INFO: Run Behavior\ReadHtmlCacheBehavior [ RunTime:0.001000s ]
INFO: [ app_begin ] --END-- [ RunTime:0.002000s ]
SQL: SHOW COLUMNS FROM `sd_class` [ RunTime:0.0050s ]
SQL: SELECT * FROM `sd_class` WHERE ( pid = 0 ) ORDER BY sort DESC  [ RunTime:0.0000s ]
SQL: SHOW COLUMNS FROM `sd_nav` [ RunTime:0.0050s ]
SQL: SELECT * FROM `sd_nav`  [ RunTime:0.0000s ]
SQL: SELECT `class_name`,`id`,`pid`,`sort` FROM `sd_class` WHERE `pid` = 160 ORDER BY sort desc  [ RunTime:0.0010s ]

[ 2016-09-04T10:07:35+08:00 ] 127.0.0.1 /index.php/Wap/Wap/project_right?id=160
INFO: [ app_begin ] --START--
INFO: Run Behavior\ReadHtmlCacheBehavior [ RunTime:0.001000s ]
INFO: [ app_begin ] --END-- [ RunTime:0.001000s ]
SQL: SHOW COLUMNS FROM `sd_class` [ RunTime:0.0070s ]
SQL: SELECT * FROM `sd_class` WHERE ( pid = 0 ) ORDER BY sort DESC  [ RunTime:0.0000s ]
SQL: SHOW COLUMNS FROM `sd_nav` [ RunTime:0.0040s ]
SQL: SELECT * FROM `sd_nav`  [ RunTime:0.0000s ]
SQL: SELECT `class_name`,`id`,`pid`,`sort` FROM `sd_class` WHERE `pid` = 160 ORDER BY sort desc  [ RunTime:0.0000s ]

[ 2016-09-04T13:20:52+08:00 ] 127.0.0.1 /
ERR: 1054:Champ 'banner_url' inconnu dans field list
 [ SQL语句 ] : SELECT `id`,`banner_url`,`banner_filename`,`sort` FROM `sd_banner` ORDER BY sort desc 

[ 2016-09-04T14:35:57+08:00 ] 127.0.0.1 /
ERR: 1054:Champ 'banner_url' inconnu dans field list
 [ SQL语句 ] : SELECT `id`,`banner_url`,`banner_filename`,`sort` FROM `sd_banner` ORDER BY sort desc 

[ 2016-09-04T15:59:26+08:00 ] 127.0.0.1 /
ERR: 1054:Champ 'banner_url' inconnu dans field list
 [ SQL语句 ] : SELECT `id`,`banner_url`,`banner_filename`,`sort` FROM `sd_banner` ORDER BY sort desc 

[ 2016-09-04T18:08:56+08:00 ] 127.0.0.1 /
ERR: 1054:Champ 'banner_url' inconnu dans field list
 [ SQL语句 ] : SELECT `id`,`banner_url`,`banner_filename`,`sort` FROM `sd_banner` ORDER BY sort desc 

