[ 2016-09-02T13:22:17+08:00 ] 127.0.0.1 /index.php/Wap/Wap/project_right?id=160
INFO: [ app_begin ] --START--
INFO: Run Behavior\ReadHtmlCacheBehavior [ RunTime:0.000000s ]
INFO: [ app_begin ] --END-- [ RunTime:0.000000s ]
SQL: SHOW COLUMNS FROM `sd_class` [ RunTime:0.0070s ]
SQL: SELECT * FROM `sd_class` WHERE ( pid = 0 ) ORDER BY sort DESC  [ RunTime:0.0000s ]
SQL: SHOW COLUMNS FROM `sd_nav` [ RunTime:0.0070s ]
SQL: SELECT * FROM `sd_nav`  [ RunTime:0.0000s ]
SQL: SELECT `class_name`,`id`,`pid`,`sort` FROM `sd_class` WHERE `pid` = 160 ORDER BY sort desc  [ RunTime:0.0000s ]

[ 2016-09-02T13:22:25+08:00 ] 127.0.0.1 /index.php/Wap/Wap/doctor_info?id=15
INFO: [ app_begin ] --START--
INFO: Run Behavior\ReadHtmlCacheBehavior [ RunTime:0.001000s ]
INFO: [ app_begin ] --END-- [ RunTime:0.001000s ]
SQL: SHOW COLUMNS FROM `sd_class` [ RunTime:0.0180s ]
SQL: SELECT * FROM `sd_class` WHERE ( pid = 0 ) ORDER BY sort DESC  [ RunTime:0.0010s ]
SQL: SHOW COLUMNS FROM `sd_nav` [ RunTime:0.0050s ]
SQL: SELECT * FROM `sd_nav`  [ RunTime:0.0000s ]
SQL: SHOW COLUMNS FROM `sd_doctor` [ RunTime:0.0030s ]
SQL: SELECT d.id,d.img_url FROM sd_doctor d WHERE `cid` = 15  [ RunTime:0.0000s ]

[ 2016-09-02T13:22:27+08:00 ] 127.0.0.1 /index.php/Wap/Wap/doctor_info?id=16
INFO: [ app_begin ] --START--
INFO: Run Behavior\ReadHtmlCacheBehavior [ RunTime:0.001000s ]
INFO: [ app_begin ] --END-- [ RunTime:0.001000s ]
SQL: SHOW COLUMNS FROM `sd_class` [ RunTime:0.0080s ]
SQL: SELECT * FROM `sd_class` WHERE ( pid = 0 ) ORDER BY sort DESC  [ RunTime:0.0000s ]
SQL: SHOW COLUMNS FROM `sd_nav` [ RunTime:0.0100s ]
SQL: SELECT * FROM `sd_nav`  [ RunTime:0.0000s ]
SQL: SHOW COLUMNS FROM `sd_doctor` [ RunTime:0.0110s ]
SQL: SELECT d.id,d.img_url FROM sd_doctor d WHERE `cid` = 16  [ RunTime:0.0010s ]

[ 2016-09-02T13:22:28+08:00 ] 127.0.0.1 /index.php/Wap/Wap/project_right?id=160
INFO: [ app_begin ] --START--
INFO: Run Behavior\ReadHtmlCacheBehavior [ RunTime:0.001000s ]
INFO: [ app_begin ] --END-- [ RunTime:0.001000s ]
SQL: SHOW COLUMNS FROM `sd_class` [ RunTime:0.0040s ]
SQL: SELECT * FROM `sd_class` WHERE ( pid = 0 ) ORDER BY sort DESC  [ RunTime:0.0000s ]
SQL: SHOW COLUMNS FROM `sd_nav` [ RunTime:0.0040s ]
SQL: SELECT * FROM `sd_nav`  [ RunTime:0.0000s ]
SQL: SELECT `class_name`,`id`,`pid`,`sort` FROM `sd_class` WHERE `pid` = 160 ORDER BY sort desc  [ RunTime:0.0000s ]

[ 2016-09-02T13:22:29+08:00 ] 127.0.0.1 /index.php/Wap/Wap/project_right?id=166
INFO: [ app_begin ] --START--
INFO: Run Behavior\ReadHtmlCacheBehavior [ RunTime:0.000000s ]
INFO: [ app_begin ] --END-- [ RunTime:0.002001s ]
SQL: SHOW COLUMNS FROM `sd_class` [ RunTime:0.0050s ]
SQL: SELECT * FROM `sd_class` WHERE ( pid = 0 ) ORDER BY sort DESC  [ RunTime:0.0000s ]
SQL: SHOW COLUMNS FROM `sd_nav` [ RunTime:0.0040s ]
SQL: SELECT * FROM `sd_nav`  [ RunTime:0.0010s ]
SQL: SELECT `class_name`,`id`,`pid`,`sort` FROM `sd_class` WHERE `pid` = 166 ORDER BY sort desc  [ RunTime:0.0000s ]

[ 2016-09-02T13:22:30+08:00 ] 127.0.0.1 /index.php/Wap/Wap/project_right?id=163
INFO: [ app_begin ] --START--
INFO: Run Behavior\ReadHtmlCacheBehavior [ RunTime:0.001000s ]
INFO: [ app_begin ] --END-- [ RunTime:0.002000s ]
SQL: SHOW COLUMNS FROM `sd_class` [ RunTime:0.0040s ]
SQL: SELECT * FROM `sd_class` WHERE ( pid = 0 ) ORDER BY sort DESC  [ RunTime:0.0000s ]
SQL: SHOW COLUMNS FROM `sd_nav` [ RunTime:0.0030s ]
SQL: SELECT * FROM `sd_nav`  [ RunTime:0.0000s ]
SQL: SELECT `class_name`,`id`,`pid`,`sort` FROM `sd_class` WHERE `pid` = 163 ORDER BY sort desc  [ RunTime:0.0000s ]

[ 2016-09-02T13:29:50+08:00 ] 127.0.0.1 /index.php/Wap/Wap/project_right?id=160
INFO: [ app_begin ] --START--
INFO: Run Behavior\ReadHtmlCacheBehavior [ RunTime:0.001000s ]
INFO: [ app_begin ] --END-- [ RunTime:0.001000s ]
SQL: SHOW COLUMNS FROM `sd_class` [ RunTime:0.0050s ]
SQL: SELECT * FROM `sd_class` WHERE ( pid = 0 ) ORDER BY sort DESC  [ RunTime:0.0000s ]
SQL: SHOW COLUMNS FROM `sd_nav` [ RunTime:0.0040s ]
SQL: SELECT * FROM `sd_nav`  [ RunTime:0.0000s ]
SQL: SELECT `class_name`,`id`,`pid`,`sort` FROM `sd_class` WHERE `pid` = 160 ORDER BY sort desc  [ RunTime:0.0000s ]

[ 2016-09-02T13:29:51+08:00 ] 127.0.0.1 /index.php/Wap/Wap/project_right?id=121
INFO: [ app_begin ] --START--
INFO: Run Behavior\ReadHtmlCacheBehavior [ RunTime:0.001000s ]
INFO: [ app_begin ] --END-- [ RunTime:0.001000s ]
SQL: SHOW COLUMNS FROM `sd_class` [ RunTime:0.0150s ]
SQL: SELECT * FROM `sd_class` WHERE ( pid = 0 ) ORDER BY sort DESC  [ RunTime:0.0000s ]
SQL: SHOW COLUMNS FROM `sd_nav` [ RunTime:0.0050s ]
SQL: SELECT * FROM `sd_nav`  [ RunTime:0.0000s ]
SQL: SELECT `class_name`,`id`,`pid`,`sort` FROM `sd_class` WHERE `pid` = 121 ORDER BY sort desc  [ RunTime:0.0000s ]

[ 2016-09-02T13:31:27+08:00 ] 127.0.0.1 /index.php/Wap/Wap/project_right?id=161
INFO: [ app_begin ] --START--
INFO: Run Behavior\ReadHtmlCacheBehavior [ RunTime:0.002000s ]
INFO: [ app_begin ] --END-- [ RunTime:0.003000s ]
SQL: SHOW COLUMNS FROM `sd_class` [ RunTime:0.0100s ]
SQL: SELECT * FROM `sd_class` WHERE ( pid = 0 ) ORDER BY sort DESC  [ RunTime:0.0010s ]
SQL: SHOW COLUMNS FROM `sd_nav` [ RunTime:0.0050s ]
SQL: SELECT * FROM `sd_nav`  [ RunTime:0.0010s ]
SQL: SELECT `class_name`,`id`,`pid`,`sort` FROM `sd_class` WHERE `pid` = 161 ORDER BY sort desc  [ RunTime:0.0000s ]

[ 2016-09-02T13:31:36+08:00 ] 127.0.0.1 /index.php/Wap/Wap/project_right?id=160
INFO: [ app_begin ] --START--
INFO: Run Behavior\ReadHtmlCacheBehavior [ RunTime:0.000000s ]
INFO: [ app_begin ] --END-- [ RunTime:0.001000s ]
SQL: SHOW COLUMNS FROM `sd_class` [ RunTime:0.0290s ]
SQL: SELECT * FROM `sd_class` WHERE ( pid = 0 ) ORDER BY sort DESC  [ RunTime:0.0000s ]
SQL: SHOW COLUMNS FROM `sd_nav` [ RunTime:0.0050s ]
SQL: SELECT * FROM `sd_nav`  [ RunTime:0.0000s ]
SQL: SELECT `class_name`,`id`,`pid`,`sort` FROM `sd_class` WHERE `pid` = 160 ORDER BY sort desc  [ RunTime:0.0010s ]

[ 2016-09-02T13:32:28+08:00 ] 127.0.0.1 /index.php/Wap/Wap/doctor_info?id=15
INFO: [ app_begin ] --START--
INFO: Run Behavior\ReadHtmlCacheBehavior [ RunTime:0.001000s ]
INFO: [ app_begin ] --END-- [ RunTime:0.001000s ]
SQL: SHOW COLUMNS FROM `sd_class` [ RunTime:0.0050s ]
SQL: SELECT * FROM `sd_class` WHERE ( pid = 0 ) ORDER BY sort DESC  [ RunTime:0.0000s ]
SQL: SHOW COLUMNS FROM `sd_nav` [ RunTime:0.0040s ]
SQL: SELECT * FROM `sd_nav`  [ RunTime:0.0000s ]
SQL: SHOW COLUMNS FROM `sd_doctor` [ RunTime:0.0080s ]
SQL: SELECT d.id,d.img_url FROM sd_doctor d WHERE `cid` = 15  [ RunTime:0.0000s ]

[ 2016-09-02T13:32:35+08:00 ] 127.0.0.1 /index.php/Wap/Wap/doctor_info?id=16
INFO: [ app_begin ] --START--
INFO: Run Behavior\ReadHtmlCacheBehavior [ RunTime:0.001000s ]
INFO: [ app_begin ] --END-- [ RunTime:0.002000s ]
SQL: SHOW COLUMNS FROM `sd_class` [ RunTime:0.0040s ]
SQL: SELECT * FROM `sd_class` WHERE ( pid = 0 ) ORDER BY sort DESC  [ RunTime:0.0000s ]
SQL: SHOW COLUMNS FROM `sd_nav` [ RunTime:0.0040s ]
SQL: SELECT * FROM `sd_nav`  [ RunTime:0.0010s ]
SQL: SHOW COLUMNS FROM `sd_doctor` [ RunTime:0.0050s ]
SQL: SELECT d.id,d.img_url FROM sd_doctor d WHERE `cid` = 16  [ RunTime:0.0010s ]

[ 2016-09-02T13:45:49+08:00 ] 127.0.0.1 /index.php/Wap/Wap/project_right?id=160
INFO: [ app_begin ] --START--
INFO: Run Behavior\ReadHtmlCacheBehavior [ RunTime:0.000000s ]
INFO: [ app_begin ] --END-- [ RunTime:0.000000s ]
SQL: SHOW COLUMNS FROM `sd_class` [ RunTime:0.0040s ]
SQL: SELECT * FROM `sd_class` WHERE ( pid = 0 ) ORDER BY sort DESC  [ RunTime:0.0000s ]
SQL: SHOW COLUMNS FROM `sd_nav` [ RunTime:0.0040s ]
SQL: SELECT * FROM `sd_nav`  [ RunTime:0.0000s ]
SQL: SELECT `class_name`,`id`,`pid`,`sort` FROM `sd_class` WHERE `pid` = 160 ORDER BY sort desc  [ RunTime:0.0000s ]

[ 2016-09-02T13:46:05+08:00 ] 127.0.0.1 /index.php/Wap/Wap/project_right?id=160
INFO: [ app_begin ] --START--
INFO: Run Behavior\ReadHtmlCacheBehavior [ RunTime:0.001000s ]
INFO: [ app_begin ] --END-- [ RunTime:0.001000s ]
SQL: SHOW COLUMNS FROM `sd_class` [ RunTime:0.0040s ]
SQL: SELECT * FROM `sd_class` WHERE ( pid = 0 ) ORDER BY sort DESC  [ RunTime:0.0000s ]
SQL: SHOW COLUMNS FROM `sd_nav` [ RunTime:0.0040s ]
SQL: SELECT * FROM `sd_nav`  [ RunTime:0.0000s ]
SQL: SELECT `class_name`,`id`,`pid`,`sort` FROM `sd_class` WHERE `pid` = 160 ORDER BY sort desc  [ RunTime:0.0000s ]

[ 2016-09-02T13:52:05+08:00 ] 127.0.0.1 /index.php/Wap/Wap/doctor_info?id=15
INFO: [ app_begin ] --START--
INFO: Run Behavior\ReadHtmlCacheBehavior [ RunTime:0.000000s ]
INFO: [ app_begin ] --END-- [ RunTime:0.001000s ]
SQL: SHOW COLUMNS FROM `sd_class` [ RunTime:0.0040s ]
SQL: SELECT * FROM `sd_class` WHERE ( pid = 0 ) ORDER BY sort DESC  [ RunTime:0.0000s ]
SQL: SHOW COLUMNS FROM `sd_nav` [ RunTime:0.0030s ]
SQL: SELECT * FROM `sd_nav`  [ RunTime:0.0000s ]
SQL: SHOW COLUMNS FROM `sd_doctor` [ RunTime:0.0050s ]
SQL: SELECT d.id,d.img_url FROM sd_doctor d WHERE `cid` = 15  [ RunTime:0.0010s ]

[ 2016-09-02T13:53:43+08:00 ] 127.0.0.1 /index.php/Wap/Special/special_info?id=26
INFO: [ app_begin ] --START--
INFO: Run Behavior\ReadHtmlCacheBehavior [ RunTime:0.001000s ]
INFO: [ app_begin ] --END-- [ RunTime:0.001000s ]
SQL: SHOW COLUMNS FROM `sd_class` [ RunTime:0.0040s ]
SQL: SELECT * FROM `sd_class` WHERE ( pid = 0 ) ORDER BY sort DESC  [ RunTime:0.0000s ]
SQL: SHOW COLUMNS FROM `sd_nav` [ RunTime:0.0050s ]
SQL: SELECT * FROM `sd_nav`  [ RunTime:0.0000s ]
SQL: SHOW COLUMNS FROM `sd_special` [ RunTime:0.0040s ]
SQL: SELECT s.id,s.active,c.sp_link,c.sp_id,c.id as cid,c.sp_img FROM sd_special s INNER JOIN sd_spcontent as c on s.id = c.sp_id  WHERE s.pid = '26' AND s.active = 1  [ RunTime:0.0010s ]

[ 2016-09-02T13:53:45+08:00 ] 127.0.0.1 /index.php/Wap/Special/special_info?id=27
INFO: [ app_begin ] --START--
INFO: Run Behavior\ReadHtmlCacheBehavior [ RunTime:0.001000s ]
INFO: [ app_begin ] --END-- [ RunTime:0.001000s ]
SQL: SHOW COLUMNS FROM `sd_class` [ RunTime:0.0060s ]
SQL: SELECT * FROM `sd_class` WHERE ( pid = 0 ) ORDER BY sort DESC  [ RunTime:0.0000s ]
SQL: SHOW COLUMNS FROM `sd_nav` [ RunTime:0.0060s ]
SQL: SELECT * FROM `sd_nav`  [ RunTime:0.0000s ]
SQL: SHOW COLUMNS FROM `sd_special` [ RunTime:0.0050s ]
SQL: SELECT s.id,s.active,c.sp_link,c.sp_id,c.id as cid,c.sp_img FROM sd_special s INNER JOIN sd_spcontent as c on s.id = c.sp_id  WHERE s.pid = '27' AND s.active = 1  [ RunTime:0.0010s ]

[ 2016-09-02T13:53:46+08:00 ] 127.0.0.1 /index.php/Wap/Special/special_info?id=28
INFO: [ app_begin ] --START--
INFO: Run Behavior\ReadHtmlCacheBehavior [ RunTime:0.000000s ]
INFO: [ app_begin ] --END-- [ RunTime:0.001000s ]
SQL: SHOW COLUMNS FROM `sd_class` [ RunTime:0.0050s ]
SQL: SELECT * FROM `sd_class` WHERE ( pid = 0 ) ORDER BY sort DESC  [ RunTime:0.0000s ]
SQL: SHOW COLUMNS FROM `sd_nav` [ RunTime:0.0050s ]
SQL: SELECT * FROM `sd_nav`  [ RunTime:0.0000s ]
SQL: SHOW COLUMNS FROM `sd_special` [ RunTime:0.0050s ]
SQL: SELECT s.id,s.active,c.sp_link,c.sp_id,c.id as cid,c.sp_img FROM sd_special s INNER JOIN sd_spcontent as c on s.id = c.sp_id  WHERE s.pid = '28' AND s.active = 1  [ RunTime:0.0000s ]

[ 2016-09-02T13:56:34+08:00 ] 127.0.0.1 /index.php/Wap/Wap/project_right?id=160
INFO: [ app_begin ] --START--
INFO: Run Behavior\ReadHtmlCacheBehavior [ RunTime:0.000000s ]
INFO: [ app_begin ] --END-- [ RunTime:0.001000s ]
SQL: SHOW COLUMNS FROM `sd_class` [ RunTime:0.0040s ]
SQL: SELECT * FROM `sd_class` WHERE ( pid = 0 ) ORDER BY sort DESC  [ RunTime:0.0010s ]
SQL: SHOW COLUMNS FROM `sd_nav` [ RunTime:0.0040s ]
SQL: SELECT * FROM `sd_nav`  [ RunTime:0.0000s ]
SQL: SELECT `class_name`,`id`,`pid`,`sort` FROM `sd_class` WHERE `pid` = 160 ORDER BY sort desc  [ RunTime:0.0000s ]

[ 2016-09-02T13:56:36+08:00 ] 127.0.0.1 /index.php/Wap/Wap/project_right?id=163
INFO: [ app_begin ] --START--
INFO: Run Behavior\ReadHtmlCacheBehavior [ RunTime:0.000000s ]
INFO: [ app_begin ] --END-- [ RunTime:0.001000s ]
SQL: SHOW COLUMNS FROM `sd_class` [ RunTime:0.0040s ]
SQL: SELECT * FROM `sd_class` WHERE ( pid = 0 ) ORDER BY sort DESC  [ RunTime:0.0000s ]
SQL: SHOW COLUMNS FROM `sd_nav` [ RunTime:0.0040s ]
SQL: SELECT * FROM `sd_nav`  [ RunTime:0.0000s ]
SQL: SELECT `class_name`,`id`,`pid`,`sort` FROM `sd_class` WHERE `pid` = 163 ORDER BY sort desc  [ RunTime:0.0000s ]

[ 2016-09-02T13:56:39+08:00 ] 127.0.0.1 /index.php/Wap/Wap/doctor_info?id=15
INFO: [ app_begin ] --START--
INFO: Run Behavior\ReadHtmlCacheBehavior [ RunTime:0.001000s ]
INFO: [ app_begin ] --END-- [ RunTime:0.001000s ]
SQL: SHOW COLUMNS FROM `sd_class` [ RunTime:0.0040s ]
SQL: SELECT * FROM `sd_class` WHERE ( pid = 0 ) ORDER BY sort DESC  [ RunTime:0.0010s ]
SQL: SHOW COLUMNS FROM `sd_nav` [ RunTime:0.0040s ]
SQL: SELECT * FROM `sd_nav`  [ RunTime:0.0000s ]
SQL: SHOW COLUMNS FROM `sd_doctor` [ RunTime:0.0040s ]
SQL: SELECT d.id,d.img_url FROM sd_doctor d WHERE `cid` = 15  [ RunTime:0.0000s ]

[ 2016-09-02T13:56:51+08:00 ] 127.0.0.1 /index.php/Wap/Special/special_info?id=26
INFO: [ app_begin ] --START--
INFO: Run Behavior\ReadHtmlCacheBehavior [ RunTime:0.000000s ]
INFO: [ app_begin ] --END-- [ RunTime:0.000000s ]
SQL: SHOW COLUMNS FROM `sd_class` [ RunTime:0.0040s ]
SQL: SELECT * FROM `sd_class` WHERE ( pid = 0 ) ORDER BY sort DESC  [ RunTime:0.0000s ]
SQL: SHOW COLUMNS FROM `sd_nav` [ RunTime:0.0040s ]
SQL: SELECT * FROM `sd_nav`  [ RunTime:0.0000s ]
SQL: SHOW COLUMNS FROM `sd_special` [ RunTime:0.0030s ]
SQL: SELECT s.id,s.active,c.sp_link,c.sp_id,c.id as cid,c.sp_img FROM sd_special s INNER JOIN sd_spcontent as c on s.id = c.sp_id  WHERE s.pid = '26' AND s.active = 1  [ RunTime:0.0000s ]

[ 2016-09-02T14:02:57+08:00 ] 127.0.0.1 /index.php/Wap/Special/special_info?id=26
INFO: [ app_begin ] --START--
INFO: Run Behavior\ReadHtmlCacheBehavior [ RunTime:0.001000s ]
INFO: [ app_begin ] --END-- [ RunTime:0.001000s ]
SQL: SHOW COLUMNS FROM `sd_class` [ RunTime:0.0190s ]
SQL: SELECT * FROM `sd_class` WHERE ( pid = 0 ) ORDER BY sort DESC  [ RunTime:0.0010s ]
SQL: SHOW COLUMNS FROM `sd_nav` [ RunTime:0.0100s ]
SQL: SELECT * FROM `sd_nav`  [ RunTime:0.0010s ]
SQL: SHOW COLUMNS FROM `sd_special` [ RunTime:0.0090s ]
SQL: SELECT s.id,s.active,c.sp_link,c.sp_id,c.id as cid,c.sp_img FROM sd_special s INNER JOIN sd_spcontent as c on s.id = c.sp_id  WHERE s.pid = '26' AND s.active = 1  [ RunTime:0.0010s ]

[ 2016-09-02T14:02:59+08:00 ] 127.0.0.1 /index.php/Wap/Special/special_info?id=27
INFO: [ app_begin ] --START--
INFO: Run Behavior\ReadHtmlCacheBehavior [ RunTime:0.001000s ]
INFO: [ app_begin ] --END-- [ RunTime:0.002000s ]
SQL: SHOW COLUMNS FROM `sd_class` [ RunTime:0.0070s ]
SQL: SELECT * FROM `sd_class` WHERE ( pid = 0 ) ORDER BY sort DESC  [ RunTime:0.0010s ]
SQL: SHOW COLUMNS FROM `sd_nav` [ RunTime:0.0070s ]
SQL: SELECT * FROM `sd_nav`  [ RunTime:0.0000s ]
SQL: SHOW COLUMNS FROM `sd_special` [ RunTime:0.0070s ]
SQL: SELECT s.id,s.active,c.sp_link,c.sp_id,c.id as cid,c.sp_img FROM sd_special s INNER JOIN sd_spcontent as c on s.id = c.sp_id  WHERE s.pid = '27' AND s.active = 1  [ RunTime:0.0000s ]

[ 2016-09-02T14:03:02+08:00 ] 127.0.0.1 /index.php/Wap/Special/special_info?id=28
INFO: [ app_begin ] --START--
INFO: Run Behavior\ReadHtmlCacheBehavior [ RunTime:0.001000s ]
INFO: [ app_begin ] --END-- [ RunTime:0.002000s ]
SQL: SHOW COLUMNS FROM `sd_class` [ RunTime:0.0090s ]
SQL: SELECT * FROM `sd_class` WHERE ( pid = 0 ) ORDER BY sort DESC  [ RunTime:0.0000s ]
SQL: SHOW COLUMNS FROM `sd_nav` [ RunTime:0.0060s ]
SQL: SELECT * FROM `sd_nav`  [ RunTime:0.0000s ]
SQL: SHOW COLUMNS FROM `sd_special` [ RunTime:0.0050s ]
SQL: SELECT s.id,s.active,c.sp_link,c.sp_id,c.id as cid,c.sp_img FROM sd_special s INNER JOIN sd_spcontent as c on s.id = c.sp_id  WHERE s.pid = '28' AND s.active = 1  [ RunTime:0.0000s ]

[ 2016-09-02T14:28:43+08:00 ] 127.0.0.1 /index.php/Wap/Special/special_info?id=26
INFO: [ app_begin ] --START--
INFO: Run Behavior\ReadHtmlCacheBehavior [ RunTime:0.000000s ]
INFO: [ app_begin ] --END-- [ RunTime:0.001001s ]
SQL: SHOW COLUMNS FROM `sd_class` [ RunTime:0.0040s ]
SQL: SELECT * FROM `sd_class` WHERE ( pid = 0 ) ORDER BY sort DESC  [ RunTime:0.0010s ]
SQL: SHOW COLUMNS FROM `sd_nav` [ RunTime:0.0040s ]
SQL: SELECT * FROM `sd_nav`  [ RunTime:0.0000s ]
SQL: SHOW COLUMNS FROM `sd_special` [ RunTime:0.0030s ]
SQL: SELECT s.id,s.active,c.sp_link,c.sp_id,c.id as cid,c.sp_img FROM sd_special s INNER JOIN sd_spcontent as c on s.id = c.sp_id  WHERE s.pid = '26' AND s.active = 1  [ RunTime:0.0000s ]

[ 2016-09-02T17:13:30+08:00 ] 127.0.0.1 /index.php/Wap/Wap/project_right?id=160
INFO: [ app_begin ] --START--
INFO: Run Behavior\ReadHtmlCacheBehavior [ RunTime:0.000000s ]
INFO: [ app_begin ] --END-- [ RunTime:0.000000s ]
SQL: SHOW COLUMNS FROM `sd_class` [ RunTime:0.0000s ]
SQL: SELECT * FROM `sd_class` WHERE ( pid = 0 ) ORDER BY sort DESC  [ RunTime:0.0000s ]
SQL: SHOW COLUMNS FROM `sd_nav` [ RunTime:0.0100s ]
SQL: SELECT * FROM `sd_nav`  [ RunTime:0.0000s ]
SQL: SELECT `class_name`,`id`,`pid`,`sort` FROM `sd_class` WHERE `pid` = 160 ORDER BY sort desc  [ RunTime:0.0000s ]

[ 2016-09-02T17:13:38+08:00 ] 127.0.0.1 /index.php/Wap/Wap/project_right?id=166
INFO: [ app_begin ] --START--
INFO: Run Behavior\ReadHtmlCacheBehavior [ RunTime:0.000000s ]
INFO: [ app_begin ] --END-- [ RunTime:0.000000s ]
SQL: SHOW COLUMNS FROM `sd_class` [ RunTime:0.0000s ]
SQL: SELECT * FROM `sd_class` WHERE ( pid = 0 ) ORDER BY sort DESC  [ RunTime:0.0000s ]
SQL: SHOW COLUMNS FROM `sd_nav` [ RunTime:0.0100s ]
SQL: SELECT * FROM `sd_nav`  [ RunTime:0.0000s ]
SQL: SELECT `class_name`,`id`,`pid`,`sort` FROM `sd_class` WHERE `pid` = 166 ORDER BY sort desc  [ RunTime:0.0000s ]

[ 2016-09-02T17:13:42+08:00 ] 127.0.0.1 /index.php/Wap/Wap/project_right?id=160
INFO: [ app_begin ] --START--
INFO: Run Behavior\ReadHtmlCacheBehavior [ RunTime:0.000000s ]
INFO: [ app_begin ] --END-- [ RunTime:0.000000s ]
SQL: SHOW COLUMNS FROM `sd_class` [ RunTime:0.0000s ]
SQL: SELECT * FROM `sd_class` WHERE ( pid = 0 ) ORDER BY sort DESC  [ RunTime:0.0000s ]
SQL: SHOW COLUMNS FROM `sd_nav` [ RunTime:0.0100s ]
SQL: SELECT * FROM `sd_nav`  [ RunTime:0.0000s ]
SQL: SELECT `class_name`,`id`,`pid`,`sort` FROM `sd_class` WHERE `pid` = 160 ORDER BY sort desc  [ RunTime:0.0000s ]

[ 2016-09-02T17:14:07+08:00 ] 127.0.0.1 /index.php/Wap/Wap/project_right?id=166
INFO: [ app_begin ] --START--
INFO: Run Behavior\ReadHtmlCacheBehavior [ RunTime:0.000000s ]
INFO: [ app_begin ] --END-- [ RunTime:0.010000s ]
SQL: SHOW COLUMNS FROM `sd_class` [ RunTime:0.0100s ]
SQL: SELECT * FROM `sd_class` WHERE ( pid = 0 ) ORDER BY sort DESC  [ RunTime:0.0000s ]
SQL: SHOW COLUMNS FROM `sd_nav` [ RunTime:0.0100s ]
SQL: SELECT * FROM `sd_nav`  [ RunTime:0.0000s ]
SQL: SELECT `class_name`,`id`,`pid`,`sort` FROM `sd_class` WHERE `pid` = 166 ORDER BY sort desc  [ RunTime:0.0000s ]

[ 2016-09-02T17:14:12+08:00 ] 127.0.0.1 /index.php/Wap/Wap/project_right?id=160
INFO: [ app_begin ] --START--
INFO: Run Behavior\ReadHtmlCacheBehavior [ RunTime:0.000000s ]
INFO: [ app_begin ] --END-- [ RunTime:0.000000s ]
SQL: SHOW COLUMNS FROM `sd_class` [ RunTime:0.0000s ]
SQL: SELECT * FROM `sd_class` WHERE ( pid = 0 ) ORDER BY sort DESC  [ RunTime:0.0000s ]
SQL: SHOW COLUMNS FROM `sd_nav` [ RunTime:0.0100s ]
SQL: SELECT * FROM `sd_nav`  [ RunTime:0.0000s ]
SQL: SELECT `class_name`,`id`,`pid`,`sort` FROM `sd_class` WHERE `pid` = 160 ORDER BY sort desc  [ RunTime:0.0000s ]

[ 2016-09-02T17:29:00+08:00 ] 127.0.0.1 /index.php/Wap/Wap/doctor_info?id=15
INFO: [ app_begin ] --START--
INFO: Run Behavior\ReadHtmlCacheBehavior [ RunTime:0.000000s ]
INFO: [ app_begin ] --END-- [ RunTime:0.000000s ]
SQL: SHOW COLUMNS FROM `sd_class` [ RunTime:0.0000s ]
SQL: SELECT * FROM `sd_class` WHERE ( pid = 0 ) ORDER BY sort DESC  [ RunTime:0.0000s ]
SQL: SHOW COLUMNS FROM `sd_nav` [ RunTime:0.0000s ]
SQL: SELECT * FROM `sd_nav`  [ RunTime:0.0000s ]
SQL: SHOW COLUMNS FROM `sd_doctor` [ RunTime:0.0156s ]
SQL: SELECT d.id,d.img_url FROM sd_doctor d WHERE `cid` = 15  [ RunTime:0.0000s ]

[ 2016-09-02T17:29:02+08:00 ] 127.0.0.1 /index.php/Wap/Wap/doctor_info?id=16
INFO: [ app_begin ] --START--
INFO: Run Behavior\ReadHtmlCacheBehavior [ RunTime:0.000000s ]
INFO: [ app_begin ] --END-- [ RunTime:0.000000s ]
SQL: SHOW COLUMNS FROM `sd_class` [ RunTime:0.0000s ]
SQL: SELECT * FROM `sd_class` WHERE ( pid = 0 ) ORDER BY sort DESC  [ RunTime:0.0000s ]
SQL: SHOW COLUMNS FROM `sd_nav` [ RunTime:0.0000s ]
SQL: SELECT * FROM `sd_nav`  [ RunTime:0.0000s ]
SQL: SHOW COLUMNS FROM `sd_doctor` [ RunTime:0.0000s ]
SQL: SELECT d.id,d.img_url FROM sd_doctor d WHERE `cid` = 16  [ RunTime:0.0000s ]

[ 2016-09-02T17:34:36+08:00 ] 127.0.0.1 /index.php/Wap/Wap/project_right?id=160
INFO: [ app_begin ] --START--
INFO: Run Behavior\ReadHtmlCacheBehavior [ RunTime:0.000000s ]
INFO: [ app_begin ] --END-- [ RunTime:0.000000s ]
SQL: SHOW COLUMNS FROM `sd_class` [ RunTime:0.0000s ]
SQL: SELECT * FROM `sd_class` WHERE ( pid = 0 ) ORDER BY sort DESC  [ RunTime:0.0000s ]
SQL: SHOW COLUMNS FROM `sd_nav` [ RunTime:0.0000s ]
SQL: SELECT * FROM `sd_nav`  [ RunTime:0.0000s ]
SQL: SELECT `class_name`,`id`,`pid`,`sort` FROM `sd_class` WHERE `pid` = 160 ORDER BY sort desc  [ RunTime:0.0000s ]

[ 2016-09-02T17:34:38+08:00 ] 127.0.0.1 /index.php/Wap/Wap/doctor_info?id=15
INFO: [ app_begin ] --START--
INFO: Run Behavior\ReadHtmlCacheBehavior [ RunTime:0.000000s ]
INFO: [ app_begin ] --END-- [ RunTime:0.000000s ]
SQL: SHOW COLUMNS FROM `sd_class` [ RunTime:0.0000s ]
SQL: SELECT * FROM `sd_class` WHERE ( pid = 0 ) ORDER BY sort DESC  [ RunTime:0.0000s ]
SQL: SHOW COLUMNS FROM `sd_nav` [ RunTime:0.0000s ]
SQL: SELECT * FROM `sd_nav`  [ RunTime:0.0000s ]
SQL: SHOW COLUMNS FROM `sd_doctor` [ RunTime:0.0000s ]
SQL: SELECT d.id,d.img_url FROM sd_doctor d WHERE `cid` = 15  [ RunTime:0.0156s ]

[ 2016-09-02T17:34:39+08:00 ] 127.0.0.1 /index.php/Wap/Wap/project_right?id=160
INFO: [ app_begin ] --START--
INFO: Run Behavior\ReadHtmlCacheBehavior [ RunTime:0.000000s ]
INFO: [ app_begin ] --END-- [ RunTime:0.000000s ]
SQL: SHOW COLUMNS FROM `sd_class` [ RunTime:0.0000s ]
SQL: SELECT * FROM `sd_class` WHERE ( pid = 0 ) ORDER BY sort DESC  [ RunTime:0.0000s ]
SQL: SHOW COLUMNS FROM `sd_nav` [ RunTime:0.0000s ]
SQL: SELECT * FROM `sd_nav`  [ RunTime:0.0000s ]
SQL: SELECT `class_name`,`id`,`pid`,`sort` FROM `sd_class` WHERE `pid` = 160 ORDER BY sort desc  [ RunTime:0.0000s ]

[ 2016-09-02T17:40:08+08:00 ] 127.0.0.1 /index.php/Wap/Wap/doctor_info?id=15
INFO: [ app_begin ] --START--
INFO: Run Behavior\ReadHtmlCacheBehavior [ RunTime:0.000000s ]
INFO: [ app_begin ] --END-- [ RunTime:0.001001s ]
SQL: SHOW COLUMNS FROM `sd_class` [ RunTime:0.0040s ]
SQL: SELECT * FROM `sd_class` WHERE ( pid = 0 ) ORDER BY sort DESC  [ RunTime:0.0000s ]
SQL: SHOW COLUMNS FROM `sd_nav` [ RunTime:0.0030s ]
SQL: SELECT * FROM `sd_nav`  [ RunTime:0.0000s ]
SQL: SHOW COLUMNS FROM `sd_doctor` [ RunTime:0.0040s ]
SQL: SELECT d.id,d.img_url FROM sd_doctor d WHERE `cid` = 15  [ RunTime:0.0000s ]

[ 2016-09-02T17:40:36+08:00 ] 127.0.0.1 /index.php/Wap/Wap/project_right?id=160
INFO: [ app_begin ] --START--
INFO: Run Behavior\ReadHtmlCacheBehavior [ RunTime:0.001000s ]
INFO: [ app_begin ] --END-- [ RunTime:0.001000s ]
SQL: SHOW COLUMNS FROM `sd_class` [ RunTime:0.0040s ]
SQL: SELECT * FROM `sd_class` WHERE ( pid = 0 ) ORDER BY sort DESC  [ RunTime:0.0010s ]
SQL: SHOW COLUMNS FROM `sd_nav` [ RunTime:0.0040s ]
SQL: SELECT * FROM `sd_nav`  [ RunTime:0.0000s ]
SQL: SELECT `class_name`,`id`,`pid`,`sort` FROM `sd_class` WHERE `pid` = 160 ORDER BY sort desc  [ RunTime:0.0000s ]

[ 2016-09-02T17:41:03+08:00 ] 127.0.0.1 /index.php/Special/special_info?id=26
INFO: [ app_begin ] --START--
INFO: Run Behavior\ReadHtmlCacheBehavior [ RunTime:0.000000s ]
INFO: [ app_begin ] --END-- [ RunTime:0.001000s ]
SQL: SHOW COLUMNS FROM `sd_class` [ RunTime:0.0040s ]
SQL: SELECT * FROM `sd_class` WHERE ( pid = 0 ) ORDER BY sort DESC  [ RunTime:0.0000s ]
SQL: SHOW COLUMNS FROM `sd_nav` [ RunTime:0.0040s ]
SQL: SELECT * FROM `sd_nav`  [ RunTime:0.0010s ]
SQL: SHOW COLUMNS FROM `sd_special` [ RunTime:0.0040s ]
SQL: SELECT s.id,s.active,c.sp_link,c.sp_id,c.id as cid,c.sp_img FROM sd_special s INNER JOIN sd_spcontent as c on s.id = c.sp_id  WHERE s.pid = '26' AND s.active = 1  [ RunTime:0.0010s ]

[ 2016-09-02T17:41:05+08:00 ] 127.0.0.1 /index.php/Special/special_info?id=27
INFO: [ app_begin ] --START--
INFO: Run Behavior\ReadHtmlCacheBehavior [ RunTime:0.001000s ]
INFO: [ app_begin ] --END-- [ RunTime:0.001000s ]
SQL: SHOW COLUMNS FROM `sd_class` [ RunTime:0.0050s ]
SQL: SELECT * FROM `sd_class` WHERE ( pid = 0 ) ORDER BY sort DESC  [ RunTime:0.0000s ]
SQL: SHOW COLUMNS FROM `sd_nav` [ RunTime:0.0050s ]
SQL: SELECT * FROM `sd_nav`  [ RunTime:0.0010s ]
SQL: SHOW COLUMNS FROM `sd_special` [ RunTime:0.0050s ]
SQL: SELECT s.id,s.active,c.sp_link,c.sp_id,c.id as cid,c.sp_img FROM sd_special s INNER JOIN sd_spcontent as c on s.id = c.sp_id  WHERE s.pid = '27' AND s.active = 1  [ RunTime:0.0010s ]

[ 2016-09-02T17:42:04+08:00 ] 127.0.0.1 /index.php/Special/special_info?id=26
INFO: [ app_begin ] --START--
INFO: Run Behavior\ReadHtmlCacheBehavior [ RunTime:0.001000s ]
INFO: [ app_begin ] --END-- [ RunTime:0.001000s ]
SQL: SHOW COLUMNS FROM `sd_class` [ RunTime:0.0090s ]
SQL: SELECT * FROM `sd_class` WHERE ( pid = 0 ) ORDER BY sort DESC  [ RunTime:0.0000s ]
SQL: SHOW COLUMNS FROM `sd_nav` [ RunTime:0.0040s ]
SQL: SELECT * FROM `sd_nav`  [ RunTime:0.0000s ]
SQL: SHOW COLUMNS FROM `sd_special` [ RunTime:0.0030s ]
SQL: SELECT s.id,s.active,c.sp_link,c.sp_id,c.id as cid,c.sp_img FROM sd_special s INNER JOIN sd_spcontent as c on s.id = c.sp_id  WHERE s.pid = '26' AND s.active = 1  [ RunTime:0.0000s ]

[ 2016-09-02T17:42:05+08:00 ] 127.0.0.1 /index.php/Special/special_info?id=27
INFO: [ app_begin ] --START--
INFO: Run Behavior\ReadHtmlCacheBehavior [ RunTime:0.001001s ]
INFO: [ app_begin ] --END-- [ RunTime:0.002001s ]
SQL: SHOW COLUMNS FROM `sd_class` [ RunTime:0.0060s ]
SQL: SELECT * FROM `sd_class` WHERE ( pid = 0 ) ORDER BY sort DESC  [ RunTime:0.0000s ]
SQL: SHOW COLUMNS FROM `sd_nav` [ RunTime:0.0060s ]
SQL: SELECT * FROM `sd_nav`  [ RunTime:0.0000s ]
SQL: SHOW COLUMNS FROM `sd_special` [ RunTime:0.0060s ]
SQL: SELECT s.id,s.active,c.sp_link,c.sp_id,c.id as cid,c.sp_img FROM sd_special s INNER JOIN sd_spcontent as c on s.id = c.sp_id  WHERE s.pid = '27' AND s.active = 1  [ RunTime:0.0010s ]

[ 2016-09-02T17:42:06+08:00 ] 127.0.0.1 /index.php/Special/special_info?id=28
INFO: [ app_begin ] --START--
INFO: Run Behavior\ReadHtmlCacheBehavior [ RunTime:0.001000s ]
INFO: [ app_begin ] --END-- [ RunTime:0.002000s ]
SQL: SHOW COLUMNS FROM `sd_class` [ RunTime:0.0050s ]
SQL: SELECT * FROM `sd_class` WHERE ( pid = 0 ) ORDER BY sort DESC  [ RunTime:0.0000s ]
SQL: SHOW COLUMNS FROM `sd_nav` [ RunTime:0.0060s ]
SQL: SELECT * FROM `sd_nav`  [ RunTime:0.0010s ]
SQL: SHOW COLUMNS FROM `sd_special` [ RunTime:0.0050s ]
SQL: SELECT s.id,s.active,c.sp_link,c.sp_id,c.id as cid,c.sp_img FROM sd_special s INNER JOIN sd_spcontent as c on s.id = c.sp_id  WHERE s.pid = '28' AND s.active = 1  [ RunTime:0.0010s ]

[ 2016-09-02T17:43:12+08:00 ] 127.0.0.1 /index.php/Wap/Wap/project_right?id=160
INFO: [ app_begin ] --START--
INFO: Run Behavior\ReadHtmlCacheBehavior [ RunTime:0.000000s ]
INFO: [ app_begin ] --END-- [ RunTime:0.001000s ]
SQL: SHOW COLUMNS FROM `sd_class` [ RunTime:0.0200s ]
SQL: SELECT * FROM `sd_class` WHERE ( pid = 0 ) ORDER BY sort DESC  [ RunTime:0.0000s ]
SQL: SHOW COLUMNS FROM `sd_nav` [ RunTime:0.0040s ]
SQL: SELECT * FROM `sd_nav`  [ RunTime:0.0010s ]
SQL: SELECT `class_name`,`id`,`pid`,`sort` FROM `sd_class` WHERE `pid` = 160 ORDER BY sort desc  [ RunTime:0.0010s ]

[ 2016-09-02T17:52:45+08:00 ] 127.0.0.1 /index.php/Wap/Wap/doctor_info?id=15
INFO: [ app_begin ] --START--
INFO: Run Behavior\ReadHtmlCacheBehavior [ RunTime:0.000000s ]
INFO: [ app_begin ] --END-- [ RunTime:0.000000s ]
SQL: SHOW COLUMNS FROM `sd_class` [ RunTime:0.0000s ]
SQL: SELECT * FROM `sd_class` WHERE ( pid = 0 ) ORDER BY sort DESC  [ RunTime:0.0000s ]
SQL: SHOW COLUMNS FROM `sd_nav` [ RunTime:0.0156s ]
SQL: SELECT * FROM `sd_nav`  [ RunTime:0.0000s ]
SQL: SHOW COLUMNS FROM `sd_doctor` [ RunTime:0.0000s ]
SQL: SELECT d.id,d.img_url FROM sd_doctor d WHERE `cid` = 15  [ RunTime:0.0000s ]

[ 2016-09-02T17:52:51+08:00 ] 127.0.0.1 /index.php/Wap/Wap/project_right?id=160
INFO: [ app_begin ] --START--
INFO: Run Behavior\ReadHtmlCacheBehavior [ RunTime:0.000000s ]
INFO: [ app_begin ] --END-- [ RunTime:0.000000s ]
SQL: SHOW COLUMNS FROM `sd_class` [ RunTime:0.0000s ]
SQL: SELECT * FROM `sd_class` WHERE ( pid = 0 ) ORDER BY sort DESC  [ RunTime:0.0000s ]
SQL: SHOW COLUMNS FROM `sd_nav` [ RunTime:0.0000s ]
SQL: SELECT * FROM `sd_nav`  [ RunTime:0.0000s ]
SQL: SELECT `class_name`,`id`,`pid`,`sort` FROM `sd_class` WHERE `pid` = 160 ORDER BY sort desc  [ RunTime:0.0000s ]

[ 2016-09-02T17:54:11+08:00 ] 127.0.0.1 /index.php/Wap/Wap/project_right?id=160
INFO: [ app_begin ] --START--
INFO: Run Behavior\ReadHtmlCacheBehavior [ RunTime:0.000000s ]
INFO: [ app_begin ] --END-- [ RunTime:0.000000s ]
SQL: SHOW COLUMNS FROM `sd_class` [ RunTime:0.0000s ]
SQL: SELECT * FROM `sd_class` WHERE ( pid = 0 ) ORDER BY sort DESC  [ RunTime:0.0000s ]
SQL: SHOW COLUMNS FROM `sd_nav` [ RunTime:0.0156s ]
SQL: SELECT * FROM `sd_nav`  [ RunTime:0.0000s ]
SQL: SELECT `class_name`,`id`,`pid`,`sort` FROM `sd_class` WHERE `pid` = 160 ORDER BY sort desc  [ RunTime:0.0000s ]

[ 2016-09-02T17:54:13+08:00 ] 127.0.0.1 /index.php/Wap/Wap/project_right?id=160
INFO: [ app_begin ] --START--
INFO: Run Behavior\ReadHtmlCacheBehavior [ RunTime:0.000000s ]
INFO: [ app_begin ] --END-- [ RunTime:0.000000s ]
SQL: SHOW COLUMNS FROM `sd_class` [ RunTime:0.0000s ]
SQL: SELECT * FROM `sd_class` WHERE ( pid = 0 ) ORDER BY sort DESC  [ RunTime:0.0000s ]
SQL: SHOW COLUMNS FROM `sd_nav` [ RunTime:0.0000s ]
SQL: SELECT * FROM `sd_nav`  [ RunTime:0.0000s ]
SQL: SELECT `class_name`,`id`,`pid`,`sort` FROM `sd_class` WHERE `pid` = 160 ORDER BY sort desc  [ RunTime:0.0000s ]

[ 2016-09-02T18:08:41+08:00 ] 127.0.0.1 /index.php/Wap/Wap/doctor_info?id=15
INFO: [ app_begin ] --START--
INFO: Run Behavior\ReadHtmlCacheBehavior [ RunTime:0.000000s ]
INFO: [ app_begin ] --END-- [ RunTime:0.000000s ]
SQL: SHOW COLUMNS FROM `sd_class` [ RunTime:0.0000s ]
SQL: SELECT * FROM `sd_class` WHERE ( pid = 0 ) ORDER BY sort DESC  [ RunTime:0.0000s ]
SQL: SHOW COLUMNS FROM `sd_nav` [ RunTime:0.0156s ]
SQL: SELECT * FROM `sd_nav`  [ RunTime:0.0000s ]
SQL: SHOW COLUMNS FROM `sd_doctor` [ RunTime:0.0000s ]
SQL: SELECT d.id,d.img_url FROM sd_doctor d WHERE `cid` = 15  [ RunTime:0.0000s ]

