[ 2016-09-01T10:38:10+08:00 ] 127.0.0.1 /
INFO: [ app_init ] --START--
INFO: Run Behavior\BuildLiteBehavior [ RunTime:0.000000s ]
INFO: [ app_init ] --END-- [ RunTime:0.060003s ]
INFO: [ app_begin ] --START--
INFO: Run Behavior\ReadHtmlCacheBehavior [ RunTime:0.035002s ]
INFO: [ app_begin ] --END-- [ RunTime:0.036002s ]
SQL: SHOW COLUMNS FROM `sd_class` [ RunTime:0.0460s ]
SQL: SELECT * FROM `sd_class` WHERE ( pid = 0 ) ORDER BY sort DESC  [ RunTime:0.0010s ]
ERR: 1146:La table 'huanyu.sd_nav' n'existe pas
 [ SQLËØ≠Âè• ] : SHOW COLUMNS FROM `sd_nav`
ERR: 1146:La table 'huanyu.sd_nav' n'existe pas
 [ SQLËØ≠Âè• ] : SHOW COLUMNS FROM `sd_nav`

[ 2016-09-01T10:39:56+08:00 ] 127.0.0.1 /
INFO: [ app_init ] --START--
INFO: Run Behavior\BuildLiteBehavior [ RunTime:0.000000s ]
INFO: [ app_init ] --END-- [ RunTime:0.000000s ]
INFO: [ app_begin ] --START--
INFO: Run Behavior\ReadHtmlCacheBehavior [ RunTime:0.001000s ]
INFO: [ app_begin ] --END-- [ RunTime:0.001000s ]
SQL: SHOW COLUMNS FROM `sd_class` [ RunTime:0.0050s ]
SQL: SELECT * FROM `sd_class` WHERE ( pid = 0 ) ORDER BY sort DESC  [ RunTime:0.0010s ]
ERR: 1146:La table 'huanyu.sd_nav' n'existe pas
 [ SQLËØ≠Âè• ] : SHOW COLUMNS FROM `sd_nav`
ERR: 1146:La table 'huanyu.sd_nav' n'existe pas
 [ SQLËØ≠Âè• ] : SHOW COLUMNS FROM `sd_nav`

[ 2016-09-01T10:40:01+08:00 ] 127.0.0.1 /
INFO: [ app_init ] --START--
INFO: Run Behavior\BuildLiteBehavior [ RunTime:0.000000s ]
INFO: [ app_init ] --END-- [ RunTime:0.001000s ]
INFO: [ app_begin ] --START--
INFO: Run Behavior\ReadHtmlCacheBehavior [ RunTime:0.001000s ]
INFO: [ app_begin ] --END-- [ RunTime:0.001000s ]
SQL: SHOW COLUMNS FROM `sd_class` [ RunTime:0.0030s ]
SQL: SELECT * FROM `sd_class` WHERE ( pid = 0 ) ORDER BY sort DESC  [ RunTime:0.0000s ]
ERR: 1146:La table 'huanyu.sd_nav' n'existe pas
 [ SQLËØ≠Âè• ] : SHOW COLUMNS FROM `sd_nav`
ERR: 1146:La table 'huanyu.sd_nav' n'existe pas
 [ SQLËØ≠Âè• ] : SHOW COLUMNS FROM `sd_nav`

[ 2016-09-01T10:40:20+08:00 ] 127.0.0.1 /
INFO: [ app_init ] --START--
INFO: Run Behavior\BuildLiteBehavior [ RunTime:0.000000s ]
INFO: [ app_init ] --END-- [ RunTime:0.000000s ]
INFO: [ app_begin ] --START--
INFO: Run Behavior\ReadHtmlCacheBehavior [ RunTime:0.000000s ]
INFO: [ app_begin ] --END-- [ RunTime:0.000000s ]
SQL: SHOW COLUMNS FROM `sd_class` [ RunTime:0.0030s ]
SQL: SELECT * FROM `sd_class` WHERE ( pid = 0 ) ORDER BY sort DESC  [ RunTime:0.0000s ]
INFO: [ view_parse ] --START--
INFO: [ template_filter ] --START--
INFO: Run Behavior\ContentReplaceBehavior [ RunTime:0.009000s ]
INFO: [ template_filter ] --END-- [ RunTime:0.009000s ]
NOTIC: [8] Undefined variable: data D:\wamp\www\wap\Application\Runtime\Cache\Wap\063fa89705023fd0be3f8e26caf1bc34.php Á¨¨ 7 Ë°å.
NOTIC: [8] Undefined variable: nav_list D:\wamp\www\wap\Application\Runtime\Cache\Wap\063fa89705023fd0be3f8e26caf1bc34.php Á¨¨ 36 Ë°å.
INFO: Run Behavior\ParseTemplateBehavior [ RunTime:0.113007s ]
INFO: [ view_parse ] --END-- [ RunTime:0.113007s ]
INFO: [ view_filter ] --START--
INFO: Run Behavior\WriteHtmlCacheBehavior [ RunTime:0.021001s ]
INFO: [ view_filter ] --END-- [ RunTime:0.021001s ]
INFO: [ app_end ] --START--
INFO: Run Behavior\ShowPageTraceBehavior [ RunTime:0.013000s ]
INFO: [ app_end ] --END-- [ RunTime:0.013000s ]

[ 2016-09-01T10:40:30+08:00 ] 127.0.0.1 /index.php/Index/Wap.html
INFO: [ app_init ] --START--
INFO: Run Behavior\BuildLiteBehavior [ RunTime:0.001000s ]
INFO: [ app_init ] --END-- [ RunTime:0.001000s ]
INFO: [ app_begin ] --START--
INFO: Run Behavior\ReadHtmlCacheBehavior [ RunTime:0.001000s ]
INFO: [ app_begin ] --END-- [ RunTime:0.001000s ]
SQL: SHOW COLUMNS FROM `sd_class` [ RunTime:0.0030s ]
SQL: SELECT * FROM `sd_class` WHERE ( pid = 0 ) ORDER BY sort DESC  [ RunTime:0.0010s ]
INFO: [ view_parse ] --START--
INFO: [ template_filter ] --START--
INFO: Run Behavior\ContentReplaceBehavior [ RunTime:0.000000s ]
INFO: [ template_filter ] --END-- [ RunTime:0.001000s ]
NOTIC: [8] Undefined variable: data D:\wamp\www\wap\Application\Runtime\Cache\Wap\063fa89705023fd0be3f8e26caf1bc34.php Á¨¨ 7 Ë°å.
NOTIC: [8] Undefined variable: nav_list D:\wamp\www\wap\Application\Runtime\Cache\Wap\063fa89705023fd0be3f8e26caf1bc34.php Á¨¨ 36 Ë°å.
INFO: Run Behavior\ParseTemplateBehavior [ RunTime:0.009000s ]
INFO: [ view_parse ] --END-- [ RunTime:0.009000s ]
INFO: [ view_filter ] --START--
INFO: Run Behavior\WriteHtmlCacheBehavior [ RunTime:0.001000s ]
INFO: [ view_filter ] --END-- [ RunTime:0.001000s ]
INFO: [ app_end ] --START--
INFO: Run Behavior\ShowPageTraceBehavior [ RunTime:0.000000s ]
INFO: [ app_end ] --END-- [ RunTime:0.000000s ]

[ 2016-09-01T10:40:32+08:00 ] 127.0.0.1 /index.php/Index/Wap.html
INFO: [ app_init ] --START--
INFO: Run Behavior\BuildLiteBehavior [ RunTime:0.000000s ]
INFO: [ app_init ] --END-- [ RunTime:0.001000s ]
INFO: [ app_begin ] --START--
INFO: Run Behavior\ReadHtmlCacheBehavior [ RunTime:0.001000s ]
INFO: [ app_begin ] --END-- [ RunTime:0.001000s ]
SQL: SHOW COLUMNS FROM `sd_class` [ RunTime:0.0030s ]
SQL: SELECT * FROM `sd_class` WHERE ( pid = 0 ) ORDER BY sort DESC  [ RunTime:0.0000s ]
INFO: [ view_parse ] --START--
INFO: [ template_filter ] --START--
INFO: Run Behavior\ContentReplaceBehavior [ RunTime:0.000000s ]
INFO: [ template_filter ] --END-- [ RunTime:0.000000s ]
NOTIC: [8] Undefined variable: data D:\wamp\www\wap\Application\Runtime\Cache\Wap\063fa89705023fd0be3f8e26caf1bc34.php Á¨¨ 7 Ë°å.
NOTIC: [8] Undefined variable: nav_list D:\wamp\www\wap\Application\Runtime\Cache\Wap\063fa89705023fd0be3f8e26caf1bc34.php Á¨¨ 36 Ë°å.
INFO: Run Behavior\ParseTemplateBehavior [ RunTime:0.007000s ]
INFO: [ view_parse ] --END-- [ RunTime:0.007000s ]
INFO: [ view_filter ] --START--
INFO: Run Behavior\WriteHtmlCacheBehavior [ RunTime:0.000000s ]
INFO: [ view_filter ] --END-- [ RunTime:0.001001s ]
INFO: [ app_end ] --START--
INFO: Run Behavior\ShowPageTraceBehavior [ RunTime:0.000000s ]
INFO: [ app_end ] --END-- [ RunTime:0.000000s ]

[ 2016-09-01T10:40:57+08:00 ] 127.0.0.1 /index.php/Wap/Wap.html
INFO: [ app_init ] --START--
INFO: Run Behavior\BuildLiteBehavior [ RunTime:0.000000s ]
INFO: [ app_init ] --END-- [ RunTime:0.001000s ]
INFO: [ app_begin ] --START--
INFO: Run Behavior\ReadHtmlCacheBehavior [ RunTime:0.001000s ]
INFO: [ app_begin ] --END-- [ RunTime:0.001000s ]
SQL: SHOW COLUMNS FROM `sd_class` [ RunTime:0.0040s ]
SQL: SELECT * FROM `sd_class` WHERE ( pid = 0 ) ORDER BY sort DESC  [ RunTime:0.0000s ]

[ 2016-09-01T10:41:13+08:00 ] 127.0.0.1 /index.php/Wap/Wap.html
INFO: [ app_init ] --START--
INFO: Run Behavior\BuildLiteBehavior [ RunTime:0.000000s ]
INFO: [ app_init ] --END-- [ RunTime:0.001000s ]
INFO: [ app_begin ] --START--
INFO: Run Behavior\ReadHtmlCacheBehavior [ RunTime:0.001000s ]
INFO: [ app_begin ] --END-- [ RunTime:0.001000s ]
SQL: SHOW COLUMNS FROM `sd_class` [ RunTime:0.0030s ]
SQL: SELECT * FROM `sd_class` WHERE ( pid = 0 ) ORDER BY sort DESC  [ RunTime:0.0010s ]
SQL: SHOW COLUMNS FROM `sd_banner` [ RunTime:0.0160s ]
SQL: SELECT `id`,`banner_url`,`banner_filename`,`sort` FROM `sd_banner` ORDER BY sort desc  [ RunTime:0.0000s ]
ERR: 1146:La table 'huanyu.sd_spcontent' n'existe pas
 [ SQLËØ≠Âè• ] : SHOW COLUMNS FROM `sd_spcontent`
ERR: 1146:La table 'huanyu.sd_spcontent' n'existe pas
 [ SQLËØ≠Âè• ] : SHOW COLUMNS FROM `sd_spcontent`

[ 2016-09-01T10:42:07+08:00 ] 127.0.0.1 /index.php/Wap/Wap.html
INFO: [ app_init ] --START--
INFO: Run Behavior\BuildLiteBehavior [ RunTime:0.000000s ]
INFO: [ app_init ] --END-- [ RunTime:0.001000s ]
INFO: [ app_begin ] --START--
INFO: Run Behavior\ReadHtmlCacheBehavior [ RunTime:0.001000s ]
INFO: [ app_begin ] --END-- [ RunTime:0.001000s ]
SQL: SHOW COLUMNS FROM `sd_class` [ RunTime:0.0040s ]
SQL: SELECT * FROM `sd_class` WHERE ( pid = 0 ) ORDER BY sort DESC  [ RunTime:0.0000s ]
SQL: SHOW COLUMNS FROM `sd_banner` [ RunTime:0.0040s ]
SQL: SELECT `id`,`banner_url`,`banner_filename`,`sort` FROM `sd_banner` ORDER BY sort desc  [ RunTime:0.0000s ]
ERR: 1146:La table 'huanyu.sd_spcontent' n'existe pas
 [ SQLËØ≠Âè• ] : SHOW COLUMNS FROM `sd_spcontent`
ERR: 1146:La table 'huanyu.sd_spcontent' n'existe pas
 [ SQLËØ≠Âè• ] : SHOW COLUMNS FROM `sd_spcontent`

[ 2016-09-01T10:45:15+08:00 ] 127.0.0.1 /index.php/Wap/Wap.html
INFO: [ app_init ] --START--
INFO: Run Behavior\BuildLiteBehavior [ RunTime:0.000000s ]
INFO: [ app_init ] --END-- [ RunTime:0.001000s ]
INFO: [ app_begin ] --START--
INFO: Run Behavior\ReadHtmlCacheBehavior [ RunTime:0.001000s ]
INFO: [ app_begin ] --END-- [ RunTime:0.002000s ]
ERR: Êó†Ê≥ïÂä†ËΩΩÊï∞ÊçÆÂ∫ìÈ©±Âä®: Think\Db\Driver\

[ 2016-09-01T10:45:25+08:00 ] 127.0.0.1 /index.php/Wap/Wap.html
INFO: [ app_init ] --START--
INFO: Run Behavior\BuildLiteBehavior [ RunTime:0.000000s ]
INFO: [ app_init ] --END-- [ RunTime:0.000000s ]
INFO: [ app_begin ] --START--
INFO: Run Behavior\ReadHtmlCacheBehavior [ RunTime:0.000000s ]
INFO: [ app_begin ] --END-- [ RunTime:0.001000s ]
ERR: Êó†Ê≥ïÂä†ËΩΩÊï∞ÊçÆÂ∫ìÈ©±Âä®: Think\Db\Driver\

[ 2016-09-01T10:45:51+08:00 ] 127.0.0.1 /index.php/Wap/Wap.html
INFO: [ app_init ] --START--
INFO: Run Behavior\BuildLiteBehavior [ RunTime:0.000000s ]
INFO: [ app_init ] --END-- [ RunTime:0.001000s ]
INFO: [ app_begin ] --START--
INFO: Run Behavior\ReadHtmlCacheBehavior [ RunTime:0.001000s ]
INFO: [ app_begin ] --END-- [ RunTime:0.001000s ]
ERR: Êó†Ê≥ïÂä†ËΩΩÊï∞ÊçÆÂ∫ìÈ©±Âä®: Think\Db\Driver\

[ 2016-09-01T10:45:53+08:00 ] 127.0.0.1 /index.php/Wap/Wap.html
INFO: [ app_init ] --START--
INFO: Run Behavior\BuildLiteBehavior [ RunTime:0.000000s ]
INFO: [ app_init ] --END-- [ RunTime:0.000000s ]
INFO: [ app_begin ] --START--
INFO: Run Behavior\ReadHtmlCacheBehavior [ RunTime:0.001000s ]
INFO: [ app_begin ] --END-- [ RunTime:0.002000s ]
ERR: Êó†Ê≥ïÂä†ËΩΩÊï∞ÊçÆÂ∫ìÈ©±Âä®: Think\Db\Driver\

[ 2016-09-01T10:46:00+08:00 ] 127.0.0.1 /index.php/Wap/index
INFO: [ app_init ] --START--
INFO: Run Behavior\BuildLiteBehavior [ RunTime:0.000000s ]
INFO: [ app_init ] --END-- [ RunTime:0.001000s ]
INFO: [ app_begin ] --START--
INFO: Run Behavior\ReadHtmlCacheBehavior [ RunTime:0.001000s ]
INFO: [ app_begin ] --END-- [ RunTime:0.001000s ]
ERR: Êó†Ê≥ïÂä†ËΩΩÊï∞ÊçÆÂ∫ìÈ©±Âä®: Think\Db\Driver\

[ 2016-09-01T10:46:06+08:00 ] 127.0.0.1 /index.php/Wap/Wap/index
INFO: [ app_init ] --START--
INFO: Run Behavior\BuildLiteBehavior [ RunTime:0.000000s ]
INFO: [ app_init ] --END-- [ RunTime:0.001000s ]
INFO: [ app_begin ] --START--
INFO: Run Behavior\ReadHtmlCacheBehavior [ RunTime:0.001000s ]
INFO: [ app_begin ] --END-- [ RunTime:0.001000s ]
ERR: Êó†Ê≥ïÂä†ËΩΩÊï∞ÊçÆÂ∫ìÈ©±Âä®: Think\Db\Driver\

[ 2016-09-01T10:46:15+08:00 ] 127.0.0.1 /index.php/Wap/Wap/index
INFO: [ app_init ] --START--
INFO: Run Behavior\BuildLiteBehavior [ RunTime:0.000000s ]
INFO: [ app_init ] --END-- [ RunTime:0.001000s ]
INFO: [ app_begin ] --START--
INFO: Run Behavior\ReadHtmlCacheBehavior [ RunTime:0.000000s ]
INFO: [ app_begin ] --END-- [ RunTime:0.001000s ]
ERR: Êó†Ê≥ïÂä†ËΩΩÊï∞ÊçÆÂ∫ìÈ©±Âä®: Think\Db\Driver\

[ 2016-09-01T10:47:34+08:00 ] 127.0.0.1 /index.php/Wap/Wap/index
INFO: [ app_init ] --START--
INFO: Run Behavior\BuildLiteBehavior [ RunTime:0.000000s ]
INFO: [ app_init ] --END-- [ RunTime:0.000000s ]
INFO: [ app_begin ] --START--
INFO: Run Behavior\ReadHtmlCacheBehavior [ RunTime:0.000000s ]
INFO: [ app_begin ] --END-- [ RunTime:0.000000s ]
ERR: Êó†Ê≥ïÂä†ËΩΩÊï∞ÊçÆÂ∫ìÈ©±Âä®: Think\Db\Driver\

[ 2016-09-01T10:48:41+08:00 ] 127.0.0.1 /index.php/Wap/Wap/index
INFO: [ app_init ] --START--
INFO: Run Behavior\BuildLiteBehavior [ RunTime:0.000000s ]
INFO: [ app_init ] --END-- [ RunTime:0.000000s ]
INFO: [ app_begin ] --START--
INFO: Run Behavior\ReadHtmlCacheBehavior [ RunTime:0.000000s ]
INFO: [ app_begin ] --END-- [ RunTime:0.002000s ]
ERR: Êó†Ê≥ïÂä†ËΩΩÊï∞ÊçÆÂ∫ìÈ©±Âä®: Think\Db\Driver\

[ 2016-09-01T10:48:46+08:00 ] 127.0.0.1 /index.php/Wap/index
INFO: [ app_init ] --START--
INFO: Run Behavior\BuildLiteBehavior [ RunTime:0.000000s ]
INFO: [ app_init ] --END-- [ RunTime:0.001000s ]
INFO: [ app_begin ] --START--
INFO: Run Behavior\ReadHtmlCacheBehavior [ RunTime:0.000000s ]
INFO: [ app_begin ] --END-- [ RunTime:0.000000s ]
ERR: Êó†Ê≥ïÂä†ËΩΩÊï∞ÊçÆÂ∫ìÈ©±Âä®: Think\Db\Driver\

[ 2016-09-01T10:48:47+08:00 ] 127.0.0.1 /index.php/Wap/index
INFO: [ app_init ] --START--
INFO: Run Behavior\BuildLiteBehavior [ RunTime:0.000000s ]
INFO: [ app_init ] --END-- [ RunTime:0.000000s ]
INFO: [ app_begin ] --START--
INFO: Run Behavior\ReadHtmlCacheBehavior [ RunTime:0.001000s ]
INFO: [ app_begin ] --END-- [ RunTime:0.001000s ]
ERR: Êó†Ê≥ïÂä†ËΩΩÊï∞ÊçÆÂ∫ìÈ©±Âä®: Think\Db\Driver\

[ 2016-09-01T10:52:36+08:00 ] 127.0.0.1 /index.php/Wap/index
INFO: [ app_init ] --START--
INFO: Run Behavior\BuildLiteBehavior [ RunTime:0.000000s ]
INFO: [ app_init ] --END-- [ RunTime:0.001000s ]
INFO: [ app_begin ] --START--
INFO: Run Behavior\ReadHtmlCacheBehavior [ RunTime:0.001000s ]
INFO: [ app_begin ] --END-- [ RunTime:0.001000s ]
ERR: Êó†Ê≥ïÂä†ËΩΩÊï∞ÊçÆÂ∫ìÈ©±Âä®: Think\Db\Driver\

[ 2016-09-01T10:55:36+08:00 ] 127.0.0.1 /
ERR: SQLSTATE[HY000] [2002] ”…”⁄ƒø±Íº∆À„ª˙ª˝º´æ‹æ¯£¨Œﬁ∑®¡¨Ω”°£


[ 2016-09-01T10:55:53+08:00 ] 127.0.0.1 /
ERR: SQLSTATE[HY000] [2002] ”…”⁄ƒø±Íº∆À„ª˙ª˝º´æ‹æ¯£¨Œﬁ∑®¡¨Ω”°£


[ 2016-09-01T10:56:33+08:00 ] 127.0.0.1 /
ERR: SQLSTATE[HY000] [2002] ”…”⁄ƒø±Íº∆À„ª˙ª˝º´æ‹æ¯£¨Œﬁ∑®¡¨Ω”°£


[ 2016-09-01T10:56:48+08:00 ] 127.0.0.1 /
ERR: SQLSTATE[HY000] [2002] ”…”⁄ƒø±Íº∆À„ª˙ª˝º´æ‹æ¯£¨Œﬁ∑®¡¨Ω”°£


[ 2016-09-01T11:00:50+08:00 ] 127.0.0.1 /index.php/Wap
ERR: SQLSTATE[HY000] [2002] ”…”⁄ƒø±Íº∆À„ª˙ª˝º´æ‹æ¯£¨Œﬁ∑®¡¨Ω”°£


[ 2016-09-01T11:00:54+08:00 ] 127.0.0.1 /index.php/Wap/index
ERR: SQLSTATE[HY000] [2002] ”…”⁄ƒø±Íº∆À„ª˙ª˝º´æ‹æ¯£¨Œﬁ∑®¡¨Ω”°£


[ 2016-09-01T11:01:01+08:00 ] 127.0.0.1 /index.php/Wap/wap/index
ERR: SQLSTATE[HY000] [2002] ”…”⁄ƒø±Íº∆À„ª˙ª˝º´æ‹æ¯£¨Œﬁ∑®¡¨Ω”°£


[ 2016-09-01T11:01:09+08:00 ] 127.0.0.1 /index.php/Wap/Wap/index
ERR: SQLSTATE[HY000] [2002] ”…”⁄ƒø±Íº∆À„ª˙ª˝º´æ‹æ¯£¨Œﬁ∑®¡¨Ω”°£


[ 2016-09-01T11:02:07+08:00 ] 127.0.0.1 /index.php/Home/Wap/index
ERR: SQLSTATE[HY000] [2002] ”…”⁄ƒø±Íº∆À„ª˙ª˝º´æ‹æ¯£¨Œﬁ∑®¡¨Ω”°£


[ 2016-09-01T11:02:10+08:00 ] 127.0.0.1 /index.php/Wap/Wap/index
ERR: SQLSTATE[HY000] [2002] ”…”⁄ƒø±Íº∆À„ª˙ª˝º´æ‹æ¯£¨Œﬁ∑®¡¨Ω”°£


[ 2016-09-01T11:03:53+08:00 ] 127.0.0.1 /index.php/Wap/Wap/index
ERR: SQLSTATE[HY000] [2002] ”…”⁄ƒø±Íº∆À„ª˙ª˝º´æ‹æ¯£¨Œﬁ∑®¡¨Ω”°£


[ 2016-09-01T11:03:56+08:00 ] 127.0.0.1 /index.php/Wap/Wap/index
ERR: SQLSTATE[HY000] [2002] ”…”⁄ƒø±Íº∆À„ª˙ª˝º´æ‹æ¯£¨Œﬁ∑®¡¨Ω”°£


[ 2016-09-01T11:04:03+08:00 ] 127.0.0.1 /index.php/Wap/index
ERR: SQLSTATE[HY000] [2002] ”…”⁄ƒø±Íº∆À„ª˙ª˝º´æ‹æ¯£¨Œﬁ∑®¡¨Ω”°£


[ 2016-09-01T11:04:18+08:00 ] ::1 /wap/
ERR: SQLSTATE[HY000] [2002] ”…”⁄ƒø±Íº∆À„ª˙ª˝º´æ‹æ¯£¨Œﬁ∑®¡¨Ω”°£


[ 2016-09-01T11:05:28+08:00 ] ::1 /wap/
ERR: SQLSTATE[HY000] [2002] ”…”⁄ƒø±Íº∆À„ª˙ª˝º´æ‹æ¯£¨Œﬁ∑®¡¨Ω”°£


[ 2016-09-01T11:05:30+08:00 ] ::1 /wap/
ERR: SQLSTATE[HY000] [2002] ”…”⁄ƒø±Íº∆À„ª˙ª˝º´æ‹æ¯£¨Œﬁ∑®¡¨Ω”°£


[ 2016-09-01T11:05:32+08:00 ] ::1 /wap/
ERR: SQLSTATE[HY000] [2002] ”…”⁄ƒø±Íº∆À„ª˙ª˝º´æ‹æ¯£¨Œﬁ∑®¡¨Ω”°£


[ 2016-09-01T11:07:03+08:00 ] ::1 /wap/
ERR: SQLSTATE[HY000] [2002] ”…”⁄ƒø±Íº∆À„ª˙ª˝º´æ‹æ¯£¨Œﬁ∑®¡¨Ω”°£


[ 2016-09-01T11:07:26+08:00 ] ::1 /wap/
ERR: SQLSTATE[HY000] [2002] ”…”⁄ƒø±Íº∆À„ª˙ª˝º´æ‹æ¯£¨Œﬁ∑®¡¨Ω”°£


[ 2016-09-01T11:07:28+08:00 ] ::1 /wap/
ERR: SQLSTATE[HY000] [2002] ”…”⁄ƒø±Íº∆À„ª˙ª˝º´æ‹æ¯£¨Œﬁ∑®¡¨Ω”°£


[ 2016-09-01T11:07:32+08:00 ] 127.0.0.1 /index.php/Wap/index
ERR: SQLSTATE[HY000] [2002] ”…”⁄ƒø±Íº∆À„ª˙ª˝º´æ‹æ¯£¨Œﬁ∑®¡¨Ω”°£


[ 2016-09-01T11:07:37+08:00 ] 127.0.0.1 /index.php/Wap/index
ERR: SQLSTATE[HY000] [2002] ”…”⁄ƒø±Íº∆À„ª˙ª˝º´æ‹æ¯£¨Œﬁ∑®¡¨Ω”°£


[ 2016-09-01T11:08:01+08:00 ] 127.0.0.1 /
ERR: SQLSTATE[HY000] [2002] ”…”⁄ƒø±Íº∆À„ª˙ª˝º´æ‹æ¯£¨Œﬁ∑®¡¨Ω”°£


[ 2016-09-01T11:09:13+08:00 ] 127.0.0.1 /
ERR: SQLSTATE[HY000] [2002] ”…”⁄ƒø±Íº∆À„ª˙ª˝º´æ‹æ¯£¨Œﬁ∑®¡¨Ω”°£


[ 2016-09-01T11:09:51+08:00 ] 127.0.0.1 /
ERR: SQLSTATE[HY000] [2002] ”…”⁄ƒø±Íº∆À„ª˙ª˝º´æ‹æ¯£¨Œﬁ∑®¡¨Ω”°£


[ 2016-09-01T11:12:33+08:00 ] 127.0.0.1 /
ERR: SQLSTATE[HY000] [2002] ”…”⁄ƒø±Íº∆À„ª˙ª˝º´æ‹æ¯£¨Œﬁ∑®¡¨Ω”°£


[ 2016-09-01T11:14:58+08:00 ] 127.0.0.1 /
ERR: SQLSTATE[HY000] [2002] ”…”⁄ƒø±Íº∆À„ª˙ª˝º´æ‹æ¯£¨Œﬁ∑®¡¨Ω”°£


[ 2016-09-01T11:15:01+08:00 ] 127.0.0.1 /
ERR: SQLSTATE[HY000] [2002] ”…”⁄ƒø±Íº∆À„ª˙ª˝º´æ‹æ¯£¨Œﬁ∑®¡¨Ω”°£


[ 2016-09-01T11:15:54+08:00 ] 127.0.0.1 /
ERR: SQLSTATE[HY000] [2002] ”…”⁄ƒø±Íº∆À„ª˙ª˝º´æ‹æ¯£¨Œﬁ∑®¡¨Ω”°£


[ 2016-09-01T11:20:25+08:00 ] 127.0.0.1 /
ERR: SQLSTATE[HY000] [2002] ”…”⁄ƒø±Íº∆À„ª˙ª˝º´æ‹æ¯£¨Œﬁ∑®¡¨Ω”°£


[ 2016-09-01T11:57:18+08:00 ] 127.0.0.1 /index.php/Wap/Wap/project_list.html
ERR: Think\Controller:_getÊñπÊ≥ï‰∏çÂ≠òÂú®ÔºÅ

[ 2016-09-01T11:58:20+08:00 ] 127.0.0.1 /index.php/Wap/Wap/project_right?id=160
INFO: [ app_begin ] --START--
INFO: Run Behavior\ReadHtmlCacheBehavior [ RunTime:0.001000s ]
INFO: [ app_begin ] --END-- [ RunTime:0.001000s ]
SQL: SHOW COLUMNS FROM `sd_class` [ RunTime:0.0030s ]
SQL: SELECT * FROM `sd_class` WHERE ( pid = 0 ) ORDER BY sort DESC  [ RunTime:0.0000s ]
SQL: SHOW COLUMNS FROM `sd_nav` [ RunTime:0.0030s ]
SQL: SELECT * FROM `sd_nav`  [ RunTime:0.0000s ]
SQL: SELECT `class_name`,`id`,`pid`,`sort` FROM `sd_class` WHERE `pid` = 160 ORDER BY sort desc  [ RunTime:0.0000s ]

[ 2016-09-01T11:58:23+08:00 ] 127.0.0.1 /index.php/Wap/Wap/project_right?id=162
INFO: [ app_begin ] --START--
INFO: Run Behavior\ReadHtmlCacheBehavior [ RunTime:0.000000s ]
INFO: [ app_begin ] --END-- [ RunTime:0.001000s ]
SQL: SHOW COLUMNS FROM `sd_class` [ RunTime:0.0030s ]
SQL: SELECT * FROM `sd_class` WHERE ( pid = 0 ) ORDER BY sort DESC  [ RunTime:0.0000s ]
SQL: SHOW COLUMNS FROM `sd_nav` [ RunTime:0.0030s ]
SQL: SELECT * FROM `sd_nav`  [ RunTime:0.0000s ]
SQL: SELECT `class_name`,`id`,`pid`,`sort` FROM `sd_class` WHERE `pid` = 162 ORDER BY sort desc  [ RunTime:0.0000s ]

[ 2016-09-01T11:58:44+08:00 ] 127.0.0.1 /index.php/Wap/Wap/doctor_info?id=15
INFO: [ app_begin ] --START--
INFO: Run Behavior\ReadHtmlCacheBehavior [ RunTime:0.001001s ]
INFO: [ app_begin ] --END-- [ RunTime:0.001001s ]
SQL: SHOW COLUMNS FROM `sd_class` [ RunTime:0.0100s ]
SQL: SELECT * FROM `sd_class` WHERE ( pid = 0 ) ORDER BY sort DESC  [ RunTime:0.0010s ]
SQL: SHOW COLUMNS FROM `sd_nav` [ RunTime:0.0030s ]
SQL: SELECT * FROM `sd_nav`  [ RunTime:0.0000s ]
SQL: SHOW COLUMNS FROM `sd_doctor` [ RunTime:0.1410s ]
SQL: SELECT d.id,d.img_url FROM sd_doctor d WHERE `cid` = 15  [ RunTime:0.0120s ]

[ 2016-09-01T11:58:46+08:00 ] 127.0.0.1 /index.php/Wap/Wap/doctor_info?id=16
INFO: [ app_begin ] --START--
INFO: Run Behavior\ReadHtmlCacheBehavior [ RunTime:0.000000s ]
INFO: [ app_begin ] --END-- [ RunTime:0.001000s ]
SQL: SHOW COLUMNS FROM `sd_class` [ RunTime:0.0050s ]
SQL: SELECT * FROM `sd_class` WHERE ( pid = 0 ) ORDER BY sort DESC  [ RunTime:0.0000s ]
SQL: SHOW COLUMNS FROM `sd_nav` [ RunTime:0.0050s ]
SQL: SELECT * FROM `sd_nav`  [ RunTime:0.0010s ]
SQL: SHOW COLUMNS FROM `sd_doctor` [ RunTime:0.0050s ]
SQL: SELECT d.id,d.img_url FROM sd_doctor d WHERE `cid` = 16  [ RunTime:0.0010s ]

[ 2016-09-01T11:58:54+08:00 ] 127.0.0.1 /index.php/Wap/Wap/project_right?id=160
INFO: [ app_begin ] --START--
INFO: Run Behavior\ReadHtmlCacheBehavior [ RunTime:0.001000s ]
INFO: [ app_begin ] --END-- [ RunTime:0.001000s ]
SQL: SHOW COLUMNS FROM `sd_class` [ RunTime:0.0030s ]
SQL: SELECT * FROM `sd_class` WHERE ( pid = 0 ) ORDER BY sort DESC  [ RunTime:0.0000s ]
SQL: SHOW COLUMNS FROM `sd_nav` [ RunTime:0.0030s ]
SQL: SELECT * FROM `sd_nav`  [ RunTime:0.0000s ]
SQL: SELECT `class_name`,`id`,`pid`,`sort` FROM `sd_class` WHERE `pid` = 160 ORDER BY sort desc  [ RunTime:0.0000s ]

[ 2016-09-01T11:58:55+08:00 ] 127.0.0.1 /index.php/Wap/Wap/project_right?id=155
INFO: [ app_begin ] --START--
INFO: Run Behavior\ReadHtmlCacheBehavior [ RunTime:0.001000s ]
INFO: [ app_begin ] --END-- [ RunTime:0.002000s ]
SQL: SHOW COLUMNS FROM `sd_class` [ RunTime:0.0030s ]
SQL: SELECT * FROM `sd_class` WHERE ( pid = 0 ) ORDER BY sort DESC  [ RunTime:0.0000s ]
SQL: SHOW COLUMNS FROM `sd_nav` [ RunTime:0.0030s ]
SQL: SELECT * FROM `sd_nav`  [ RunTime:0.0000s ]
SQL: SELECT `class_name`,`id`,`pid`,`sort` FROM `sd_class` WHERE `pid` = 155 ORDER BY sort desc  [ RunTime:0.0010s ]

[ 2016-09-01T11:58:57+08:00 ] 127.0.0.1 /index.php/Wap/Wap/doctor_info?id=15
INFO: [ app_begin ] --START--
INFO: Run Behavior\ReadHtmlCacheBehavior [ RunTime:0.000000s ]
INFO: [ app_begin ] --END-- [ RunTime:0.001000s ]
SQL: SHOW COLUMNS FROM `sd_class` [ RunTime:0.0030s ]
SQL: SELECT * FROM `sd_class` WHERE ( pid = 0 ) ORDER BY sort DESC  [ RunTime:0.0000s ]
SQL: SHOW COLUMNS FROM `sd_nav` [ RunTime:0.0040s ]
SQL: SELECT * FROM `sd_nav`  [ RunTime:0.0000s ]
SQL: SHOW COLUMNS FROM `sd_doctor` [ RunTime:0.0030s ]
SQL: SELECT d.id,d.img_url FROM sd_doctor d WHERE `cid` = 15  [ RunTime:0.0000s ]

[ 2016-09-01T11:59:02+08:00 ] 127.0.0.1 /index.php/Wap/Wap/project_right?id=160
INFO: [ app_begin ] --START--
INFO: Run Behavior\ReadHtmlCacheBehavior [ RunTime:0.000000s ]
INFO: [ app_begin ] --END-- [ RunTime:0.001001s ]
SQL: SHOW COLUMNS FROM `sd_class` [ RunTime:0.0030s ]
SQL: SELECT * FROM `sd_class` WHERE ( pid = 0 ) ORDER BY sort DESC  [ RunTime:0.0000s ]
SQL: SHOW COLUMNS FROM `sd_nav` [ RunTime:0.0020s ]
SQL: SELECT * FROM `sd_nav`  [ RunTime:0.0000s ]
SQL: SELECT `class_name`,`id`,`pid`,`sort` FROM `sd_class` WHERE `pid` = 160 ORDER BY sort desc  [ RunTime:0.0000s ]

[ 2016-09-01T12:01:20+08:00 ] 127.0.0.1 /index.php/Wap/Wap/project_right?id=160
INFO: [ app_begin ] --START--
INFO: Run Behavior\ReadHtmlCacheBehavior [ RunTime:0.001000s ]
INFO: [ app_begin ] --END-- [ RunTime:0.001000s ]
SQL: SHOW COLUMNS FROM `sd_class` [ RunTime:0.0040s ]
SQL: SELECT * FROM `sd_class` WHERE ( pid = 0 ) ORDER BY sort DESC  [ RunTime:0.0000s ]
SQL: SHOW COLUMNS FROM `sd_nav` [ RunTime:0.0020s ]
SQL: SELECT * FROM `sd_nav`  [ RunTime:0.0000s ]
SQL: SELECT `class_name`,`id`,`pid`,`sort` FROM `sd_class` WHERE `pid` = 160 ORDER BY sort desc  [ RunTime:0.0010s ]

[ 2016-09-01T13:17:01+08:00 ] 127.0.0.1 /index.php/Wap/Wap/project_right?id=160
INFO: [ app_begin ] --START--
INFO: Run Behavior\ReadHtmlCacheBehavior [ RunTime:0.001000s ]
INFO: [ app_begin ] --END-- [ RunTime:0.002000s ]
SQL: SHOW COLUMNS FROM `sd_class` [ RunTime:0.0030s ]
SQL: SELECT * FROM `sd_class` WHERE ( pid = 0 ) ORDER BY sort DESC  [ RunTime:0.0000s ]
SQL: SHOW COLUMNS FROM `sd_nav` [ RunTime:0.0040s ]
SQL: SELECT * FROM `sd_nav`  [ RunTime:0.0010s ]
SQL: SELECT `class_name`,`id`,`pid`,`sort` FROM `sd_class` WHERE `pid` = 160 ORDER BY sort desc  [ RunTime:0.0010s ]

[ 2016-09-01T13:17:02+08:00 ] 127.0.0.1 /index.php/Wap/Wap/project_right?id=164
INFO: [ app_begin ] --START--
INFO: Run Behavior\ReadHtmlCacheBehavior [ RunTime:0.001000s ]
INFO: [ app_begin ] --END-- [ RunTime:0.002000s ]
SQL: SHOW COLUMNS FROM `sd_class` [ RunTime:0.0050s ]
SQL: SELECT * FROM `sd_class` WHERE ( pid = 0 ) ORDER BY sort DESC  [ RunTime:0.0010s ]
SQL: SHOW COLUMNS FROM `sd_nav` [ RunTime:0.0050s ]
SQL: SELECT * FROM `sd_nav`  [ RunTime:0.0010s ]
SQL: SELECT `class_name`,`id`,`pid`,`sort` FROM `sd_class` WHERE `pid` = 164 ORDER BY sort desc  [ RunTime:0.0010s ]

[ 2016-09-01T13:17:11+08:00 ] 127.0.0.1 /index.php/Wap/Wap/project_right?id=160
INFO: [ app_begin ] --START--
INFO: Run Behavior\ReadHtmlCacheBehavior [ RunTime:0.000000s ]
INFO: [ app_begin ] --END-- [ RunTime:0.000000s ]
SQL: SHOW COLUMNS FROM `sd_class` [ RunTime:0.0156s ]
SQL: SELECT * FROM `sd_class` WHERE ( pid = 0 ) ORDER BY sort DESC  [ RunTime:0.0000s ]
SQL: SHOW COLUMNS FROM `sd_nav` [ RunTime:0.0000s ]
SQL: SELECT * FROM `sd_nav`  [ RunTime:0.0000s ]
SQL: SELECT `class_name`,`id`,`pid`,`sort` FROM `sd_class` WHERE `pid` = 160 ORDER BY sort desc  [ RunTime:0.0000s ]

[ 2016-09-01T13:17:16+08:00 ] 127.0.0.1 /index.php/Wap/Wap/project_right?id=160
INFO: [ app_begin ] --START--
INFO: Run Behavior\ReadHtmlCacheBehavior [ RunTime:0.000000s ]
INFO: [ app_begin ] --END-- [ RunTime:0.000000s ]
SQL: SHOW COLUMNS FROM `sd_class` [ RunTime:0.0000s ]
SQL: SELECT * FROM `sd_class` WHERE ( pid = 0 ) ORDER BY sort DESC  [ RunTime:0.0000s ]
SQL: SHOW COLUMNS FROM `sd_nav` [ RunTime:0.0000s ]
SQL: SELECT * FROM `sd_nav`  [ RunTime:0.0000s ]
SQL: SELECT `class_name`,`id`,`pid`,`sort` FROM `sd_class` WHERE `pid` = 160 ORDER BY sort desc  [ RunTime:0.0000s ]

[ 2016-09-01T13:17:17+08:00 ] 127.0.0.1 /index.php/Wap/Wap/project_right?id=121
INFO: [ app_begin ] --START--
INFO: Run Behavior\ReadHtmlCacheBehavior [ RunTime:0.000000s ]
INFO: [ app_begin ] --END-- [ RunTime:0.000000s ]
SQL: SHOW COLUMNS FROM `sd_class` [ RunTime:0.0000s ]
SQL: SELECT * FROM `sd_class` WHERE ( pid = 0 ) ORDER BY sort DESC  [ RunTime:0.0000s ]
SQL: SHOW COLUMNS FROM `sd_nav` [ RunTime:0.0000s ]
SQL: SELECT * FROM `sd_nav`  [ RunTime:0.0000s ]
SQL: SELECT `class_name`,`id`,`pid`,`sort` FROM `sd_class` WHERE `pid` = 121 ORDER BY sort desc  [ RunTime:0.0000s ]

[ 2016-09-01T13:17:23+08:00 ] 127.0.0.1 /index.php/Wap/Wap/doctor_info?id=15
INFO: [ app_begin ] --START--
INFO: Run Behavior\ReadHtmlCacheBehavior [ RunTime:0.000000s ]
INFO: [ app_begin ] --END-- [ RunTime:0.000000s ]
SQL: SHOW COLUMNS FROM `sd_class` [ RunTime:0.0000s ]
SQL: SELECT * FROM `sd_class` WHERE ( pid = 0 ) ORDER BY sort DESC  [ RunTime:0.0000s ]
SQL: SHOW COLUMNS FROM `sd_nav` [ RunTime:0.0000s ]
SQL: SELECT * FROM `sd_nav`  [ RunTime:0.0000s ]
SQL: SHOW COLUMNS FROM `sd_doctor` [ RunTime:0.0000s ]
SQL: SELECT d.id,d.img_url FROM sd_doctor d WHERE `cid` = 15  [ RunTime:0.0624s ]

[ 2016-09-01T13:17:24+08:00 ] 127.0.0.1 /index.php/Wap/Wap/doctor_info?id=16
INFO: [ app_begin ] --START--
INFO: Run Behavior\ReadHtmlCacheBehavior [ RunTime:0.000000s ]
INFO: [ app_begin ] --END-- [ RunTime:0.000000s ]
SQL: SHOW COLUMNS FROM `sd_class` [ RunTime:0.0000s ]
SQL: SELECT * FROM `sd_class` WHERE ( pid = 0 ) ORDER BY sort DESC  [ RunTime:0.0000s ]
SQL: SHOW COLUMNS FROM `sd_nav` [ RunTime:0.0000s ]
SQL: SELECT * FROM `sd_nav`  [ RunTime:0.0000s ]
SQL: SHOW COLUMNS FROM `sd_doctor` [ RunTime:0.0000s ]
SQL: SELECT d.id,d.img_url FROM sd_doctor d WHERE `cid` = 16  [ RunTime:0.0000s ]

[ 2016-09-01T13:17:42+08:00 ] 127.0.0.1 /index.php/Wap/Wap/project_right?id=160
INFO: [ app_begin ] --START--
INFO: Run Behavior\ReadHtmlCacheBehavior [ RunTime:0.000000s ]
INFO: [ app_begin ] --END-- [ RunTime:0.000000s ]
SQL: SHOW COLUMNS FROM `sd_class` [ RunTime:0.0312s ]
SQL: SELECT * FROM `sd_class` WHERE ( pid = 0 ) ORDER BY sort DESC  [ RunTime:0.0000s ]
SQL: SHOW COLUMNS FROM `sd_nav` [ RunTime:0.0000s ]
SQL: SELECT * FROM `sd_nav`  [ RunTime:0.0000s ]
SQL: SELECT `class_name`,`id`,`pid`,`sort` FROM `sd_class` WHERE `pid` = 160 ORDER BY sort desc  [ RunTime:0.0000s ]

[ 2016-09-01T13:17:44+08:00 ] 127.0.0.1 /index.php/Wap/Wap/project_right?id=165
INFO: [ app_begin ] --START--
INFO: Run Behavior\ReadHtmlCacheBehavior [ RunTime:0.000000s ]
INFO: [ app_begin ] --END-- [ RunTime:0.000000s ]
SQL: SHOW COLUMNS FROM `sd_class` [ RunTime:0.0000s ]
SQL: SELECT * FROM `sd_class` WHERE ( pid = 0 ) ORDER BY sort DESC  [ RunTime:0.0000s ]
SQL: SHOW COLUMNS FROM `sd_nav` [ RunTime:0.0000s ]
SQL: SELECT * FROM `sd_nav`  [ RunTime:0.0000s ]
SQL: SELECT `class_name`,`id`,`pid`,`sort` FROM `sd_class` WHERE `pid` = 165 ORDER BY sort desc  [ RunTime:0.0000s ]

[ 2016-09-01T17:40:03+08:00 ] 127.0.0.1 /index.php/Wap/Wap/project_right?id=160
INFO: [ app_begin ] --START--
INFO: Run Behavior\ReadHtmlCacheBehavior [ RunTime:0.001000s ]
INFO: [ app_begin ] --END-- [ RunTime:0.002000s ]
SQL: SHOW COLUMNS FROM `sd_class` [ RunTime:0.0040s ]
SQL: SELECT * FROM `sd_class` WHERE ( pid = 0 ) ORDER BY sort DESC  [ RunTime:0.0000s ]
SQL: SHOW COLUMNS FROM `sd_nav` [ RunTime:0.0040s ]
SQL: SELECT * FROM `sd_nav`  [ RunTime:0.0000s ]
SQL: SELECT `class_name`,`id`,`pid`,`sort` FROM `sd_class` WHERE `pid` = 160 ORDER BY sort desc  [ RunTime:0.0000s ]

[ 2016-09-01T17:40:04+08:00 ] 127.0.0.1 /index.php/Wap/Wap/project_right?id=153
INFO: [ app_begin ] --START--
INFO: Run Behavior\ReadHtmlCacheBehavior [ RunTime:0.001000s ]
INFO: [ app_begin ] --END-- [ RunTime:0.001000s ]
SQL: SHOW COLUMNS FROM `sd_class` [ RunTime:0.0030s ]
SQL: SELECT * FROM `sd_class` WHERE ( pid = 0 ) ORDER BY sort DESC  [ RunTime:0.0000s ]
SQL: SHOW COLUMNS FROM `sd_nav` [ RunTime:0.0040s ]
SQL: SELECT * FROM `sd_nav`  [ RunTime:0.0000s ]
SQL: SELECT `class_name`,`id`,`pid`,`sort` FROM `sd_class` WHERE `pid` = 153 ORDER BY sort desc  [ RunTime:0.0000s ]

[ 2016-09-01T17:40:09+08:00 ] 127.0.0.1 /index.php/Wap/Wap/project_right?id=160
INFO: [ app_begin ] --START--
INFO: Run Behavior\ReadHtmlCacheBehavior [ RunTime:0.000000s ]
INFO: [ app_begin ] --END-- [ RunTime:0.000000s ]
SQL: SHOW COLUMNS FROM `sd_class` [ RunTime:0.0040s ]
SQL: SELECT * FROM `sd_class` WHERE ( pid = 0 ) ORDER BY sort DESC  [ RunTime:0.0000s ]
SQL: SHOW COLUMNS FROM `sd_nav` [ RunTime:0.0040s ]
SQL: SELECT * FROM `sd_nav`  [ RunTime:0.0000s ]
SQL: SELECT `class_name`,`id`,`pid`,`sort` FROM `sd_class` WHERE `pid` = 160 ORDER BY sort desc  [ RunTime:0.0000s ]

[ 2016-09-01T17:49:08+08:00 ] 127.0.0.1 /index.php/Wap/Wap/project_right?id=160
INFO: [ app_begin ] --START--
INFO: Run Behavior\ReadHtmlCacheBehavior [ RunTime:0.001000s ]
INFO: [ app_begin ] --END-- [ RunTime:0.001000s ]
SQL: SHOW COLUMNS FROM `sd_class` [ RunTime:0.0040s ]
SQL: SELECT * FROM `sd_class` WHERE ( pid = 0 ) ORDER BY sort DESC  [ RunTime:0.0010s ]
SQL: SHOW COLUMNS FROM `sd_nav` [ RunTime:0.0050s ]
SQL: SELECT * FROM `sd_nav`  [ RunTime:0.0000s ]
SQL: SELECT `class_name`,`id`,`pid`,`sort` FROM `sd_class` WHERE `pid` = 160 ORDER BY sort desc  [ RunTime:0.0000s ]

[ 2016-09-01T17:52:02+08:00 ] 127.0.0.1 /index.php/Wap/Wap/project_right?id=160
INFO: [ app_begin ] --START--
INFO: Run Behavior\ReadHtmlCacheBehavior [ RunTime:0.000000s ]
INFO: [ app_begin ] --END-- [ RunTime:0.000000s ]
SQL: SHOW COLUMNS FROM `sd_class` [ RunTime:0.0000s ]
SQL: SELECT * FROM `sd_class` WHERE ( pid = 0 ) ORDER BY sort DESC  [ RunTime:0.0000s ]
SQL: SHOW COLUMNS FROM `sd_nav` [ RunTime:0.0100s ]
SQL: SELECT * FROM `sd_nav`  [ RunTime:0.0000s ]
SQL: SELECT `class_name`,`id`,`pid`,`sort` FROM `sd_class` WHERE `pid` = 160 ORDER BY sort desc  [ RunTime:0.0000s ]

[ 2016-09-01T17:52:03+08:00 ] 127.0.0.1 /index.php/Wap/Wap/project_right?id=164
INFO: [ app_begin ] --START--
INFO: Run Behavior\ReadHtmlCacheBehavior [ RunTime:0.000000s ]
INFO: [ app_begin ] --END-- [ RunTime:0.000000s ]
SQL: SHOW COLUMNS FROM `sd_class` [ RunTime:0.0000s ]
SQL: SELECT * FROM `sd_class` WHERE ( pid = 0 ) ORDER BY sort DESC  [ RunTime:0.0000s ]
SQL: SHOW COLUMNS FROM `sd_nav` [ RunTime:0.0100s ]
SQL: SELECT * FROM `sd_nav`  [ RunTime:0.0000s ]
SQL: SELECT `class_name`,`id`,`pid`,`sort` FROM `sd_class` WHERE `pid` = 164 ORDER BY sort desc  [ RunTime:0.0000s ]

[ 2016-09-01T17:52:05+08:00 ] 127.0.0.1 /index.php/Wap/Wap/project_right?id=153
INFO: [ app_begin ] --START--
INFO: Run Behavior\ReadHtmlCacheBehavior [ RunTime:0.000000s ]
INFO: [ app_begin ] --END-- [ RunTime:0.000000s ]
SQL: SHOW COLUMNS FROM `sd_class` [ RunTime:0.0000s ]
SQL: SELECT * FROM `sd_class` WHERE ( pid = 0 ) ORDER BY sort DESC  [ RunTime:0.0000s ]
SQL: SHOW COLUMNS FROM `sd_nav` [ RunTime:0.0100s ]
SQL: SELECT * FROM `sd_nav`  [ RunTime:0.0000s ]
SQL: SELECT `class_name`,`id`,`pid`,`sort` FROM `sd_class` WHERE `pid` = 153 ORDER BY sort desc  [ RunTime:0.0000s ]

[ 2016-09-01T17:52:09+08:00 ] 127.0.0.1 /index.php/Wap/Wap/doctor_info?id=15
INFO: [ app_begin ] --START--
INFO: Run Behavior\ReadHtmlCacheBehavior [ RunTime:0.000000s ]
INFO: [ app_begin ] --END-- [ RunTime:0.000000s ]
SQL: SHOW COLUMNS FROM `sd_class` [ RunTime:0.0100s ]
SQL: SELECT * FROM `sd_class` WHERE ( pid = 0 ) ORDER BY sort DESC  [ RunTime:0.0000s ]
SQL: SHOW COLUMNS FROM `sd_nav` [ RunTime:0.0000s ]
SQL: SELECT * FROM `sd_nav`  [ RunTime:0.0000s ]
SQL: SHOW COLUMNS FROM `sd_doctor` [ RunTime:0.0100s ]
SQL: SELECT d.id,d.img_url FROM sd_doctor d WHERE `cid` = 15  [ RunTime:0.0300s ]

