[ 2016-10-28T09:14:23+08:00 ] 61.50.106.246 /
INFO: [ app_init ] --START--
INFO: Run Behavior\BuildLiteBehavior [ RunTime:0.000000s ]
INFO: [ app_init ] --END-- [ RunTime:0.000000s ]
INFO: [ app_begin ] --START--
INFO: Run Behavior\ReadHtmlCacheBehavior [ RunTime:0.000000s ]
INFO: [ app_begin ] --END-- [ RunTime:0.000000s ]
SQL: SHOW COLUMNS FROM `sd_banner` [ RunTime:0.0156s ]
SQL: SELECT `id`,`th_img_url`,`bg_img_url`,`sort`,`category` FROM `sd_banner` WHERE `category` = 1 ORDER BY sort desc  [ RunTime:0.0000s ]
SQL: SHOW COLUMNS FROM `sd_spcontent` [ RunTime:0.0000s ]
SQL: SELECT `sp_img`,`sp_link`,`sp_show`,`sp_sort` FROM `sd_spcontent` WHERE `sp_show` = 1 ORDER BY sp_sort DESC  [ RunTime:0.0000s ]
INFO: [ view_parse ] --START--
INFO: [ template_filter ] --START--
INFO: Run Behavior\ContentReplaceBehavior [ RunTime:0.000000s ]
INFO: [ template_filter ] --END-- [ RunTime:0.000000s ]
INFO: Run Behavior\ParseTemplateBehavior [ RunTime:0.015625s ]
INFO: [ view_parse ] --END-- [ RunTime:0.015625s ]
INFO: [ view_filter ] --START--
INFO: Run Behavior\WriteHtmlCacheBehavior [ RunTime:0.000000s ]
INFO: [ view_filter ] --END-- [ RunTime:0.000000s ]
INFO: [ app_end ] --START--
INFO: Run Behavior\ShowPageTraceBehavior [ RunTime:0.000000s ]
INFO: [ app_end ] --END-- [ RunTime:0.000000s ]

[ 2016-10-28T09:14:36+08:00 ] 61.50.106.246 /
INFO: [ app_init ] --START--
INFO: Run Behavior\BuildLiteBehavior [ RunTime:0.000000s ]
INFO: [ app_init ] --END-- [ RunTime:0.000000s ]
INFO: [ app_begin ] --START--
INFO: Run Behavior\ReadHtmlCacheBehavior [ RunTime:0.000000s ]
INFO: [ app_begin ] --END-- [ RunTime:0.000000s ]
SQL: SHOW COLUMNS FROM `sd_banner` [ RunTime:0.0000s ]
SQL: SELECT `id`,`th_img_url`,`bg_img_url`,`sort`,`category` FROM `sd_banner` WHERE `category` = 1 ORDER BY sort desc  [ RunTime:0.0000s ]
SQL: SHOW COLUMNS FROM `sd_spcontent` [ RunTime:0.0000s ]
SQL: SELECT `sp_img`,`sp_link`,`sp_show`,`sp_sort` FROM `sd_spcontent` WHERE `sp_show` = 1 ORDER BY sp_sort DESC  [ RunTime:0.0000s ]
INFO: [ view_parse ] --START--
INFO: [ template_filter ] --START--
INFO: Run Behavior\ContentReplaceBehavior [ RunTime:0.000000s ]
INFO: [ template_filter ] --END-- [ RunTime:0.000000s ]
INFO: Run Behavior\ParseTemplateBehavior [ RunTime:0.000000s ]
INFO: [ view_parse ] --END-- [ RunTime:0.000000s ]
INFO: [ view_filter ] --START--
INFO: Run Behavior\WriteHtmlCacheBehavior [ RunTime:0.000000s ]
INFO: [ view_filter ] --END-- [ RunTime:0.000000s ]
INFO: [ app_end ] --START--
INFO: Run Behavior\ShowPageTraceBehavior [ RunTime:0.000000s ]
INFO: [ app_end ] --END-- [ RunTime:0.000000s ]

[ 2016-10-28T17:46:10+08:00 ] 61.50.106.246 /
INFO: [ app_init ] --START--
INFO: Run Behavior\BuildLiteBehavior [ RunTime:0.000976s ]
INFO: [ app_init ] --END-- [ RunTime:0.000976s ]
INFO: [ app_begin ] --START--
INFO: Run Behavior\ReadHtmlCacheBehavior [ RunTime:0.000000s ]
INFO: [ app_begin ] --END-- [ RunTime:0.000000s ]
SQL: SHOW COLUMNS FROM `sd_banner` [ RunTime:0.0029s ]
SQL: SELECT `id`,`th_img_url`,`bg_img_url`,`sort`,`category` FROM `sd_banner` WHERE `category` = 1 ORDER BY sort desc  [ RunTime:0.0000s ]
SQL: SHOW COLUMNS FROM `sd_spcontent` [ RunTime:0.0029s ]
SQL: SELECT `sp_img`,`sp_link`,`sp_show`,`sp_sort` FROM `sd_spcontent` WHERE `sp_show` = 1 ORDER BY sp_sort DESC  [ RunTime:0.0000s ]
INFO: [ view_parse ] --START--
INFO: [ template_filter ] --START--
INFO: Run Behavior\ContentReplaceBehavior [ RunTime:0.000000s ]
INFO: [ template_filter ] --END-- [ RunTime:0.000000s ]
INFO: Run Behavior\ParseTemplateBehavior [ RunTime:0.014649s ]
INFO: [ view_parse ] --END-- [ RunTime:0.015626s ]
INFO: [ view_filter ] --START--
INFO: Run Behavior\WriteHtmlCacheBehavior [ RunTime:0.000000s ]
INFO: [ view_filter ] --END-- [ RunTime:0.000000s ]
INFO: [ app_end ] --START--
INFO: Run Behavior\ShowPageTraceBehavior [ RunTime:0.000976s ]
INFO: [ app_end ] --END-- [ RunTime:0.000976s ]

