[ 2016-09-07T10:34:52+08:00 ] 127.0.0.1 /index.php/Admin/Login/index.html
INFO: [ app_init ] --START--
INFO: Run Behavior\BuildLiteBehavior [ RunTime:0.000000s ]
INFO: [ app_init ] --END-- [ RunTime:0.043003s ]

[ 2016-09-07T10:34:53+08:00 ] 127.0.0.1 /index.php/Admin/Login/captcha/
INFO: [ app_init ] --START--
INFO: Run Behavior\BuildLiteBehavior [ RunTime:0.000000s ]
INFO: [ app_init ] --END-- [ RunTime:0.000000s ]

[ 2016-09-07T10:34:59+08:00 ] 127.0.0.1 /index.php/Admin/Login/captcha/&0.8872799302387604
INFO: [ app_init ] --START--
INFO: Run Behavior\BuildLiteBehavior [ RunTime:0.000000s ]
INFO: [ app_init ] --END-- [ RunTime:0.002000s ]

[ 2016-09-07T10:35:00+08:00 ] 127.0.0.1 /index.php/Admin/Login/captcha/&0.8872799302387604&0.795445947078044
INFO: [ app_init ] --START--
INFO: Run Behavior\BuildLiteBehavior [ RunTime:0.000000s ]
INFO: [ app_init ] --END-- [ RunTime:0.000000s ]

[ 2016-09-07T10:35:07+08:00 ] 127.0.0.1 /index.php/Admin/Login/checkLogin.html
INFO: [ app_init ] --START--
INFO: Run Behavior\BuildLiteBehavior [ RunTime:0.000000s ]
INFO: [ app_init ] --END-- [ RunTime:0.004000s ]

[ 2016-09-07T10:35:07+08:00 ] 127.0.0.1 /index.php/Admin/Index/index.html
INFO: [ app_init ] --START--
INFO: Run Behavior\BuildLiteBehavior [ RunTime:0.000000s ]
INFO: [ app_init ] --END-- [ RunTime:0.000000s ]

[ 2016-09-07T10:35:08+08:00 ] 127.0.0.1 /index.php/Admin/Index/main.html
INFO: [ app_init ] --START--
INFO: Run Behavior\BuildLiteBehavior [ RunTime:0.000000s ]
INFO: [ app_init ] --END-- [ RunTime:0.000000s ]

[ 2016-09-07T10:35:08+08:00 ] 127.0.0.1 /index.php/Admin/Index/left/id/85.html
INFO: [ app_init ] --START--
INFO: Run Behavior\BuildLiteBehavior [ RunTime:0.000000s ]
INFO: [ app_init ] --END-- [ RunTime:0.001000s ]
INFO: [ app_begin ] --START--
INFO: Run Behavior\ReadHtmlCacheBehavior [ RunTime:0.002000s ]
INFO: [ app_begin ] --END-- [ RunTime:0.002000s ]
SQL: SHOW COLUMNS FROM `sd_node` [ RunTime:0.0230s ]
SQL: SELECT `id`,`data`,`title`
                FROM `sd_node`
                WHERE ( `status` =1 AND `display`=2 AND `pid`=85)
                ORDER BY sort DESC [ RunTime:0.0980s ]
SQL: SELECT `title` FROM `sd_node` WHERE `id` = 85 LIMIT 1   [ RunTime:0.0010s ]
SQL: SELECT `id`,`data`,`title`
                FROM `sd_node`
                WHERE ( `status` =1 AND `display`=2 AND `pid`=86)
                ORDER BY sort DESC [ RunTime:0.0010s ]
NOTIC: [8] Use of undefined constant title - assumed 'title' D:\wamp\www\wap\Application\Admin\Controller\IndexController.class.php 第 74 行.
NOTIC: [8] Use of undefined constant title - assumed 'title' D:\wamp\www\wap\Application\Admin\Controller\IndexController.class.php 第 87 行.
NOTIC: [8] Use of undefined constant title - assumed 'title' D:\wamp\www\wap\Application\Admin\Controller\IndexController.class.php 第 87 行.
INFO: [ view_parse ] --START--
INFO: [ template_filter ] --START--
INFO: Run Behavior\ContentReplaceBehavior [ RunTime:0.000000s ]
INFO: [ template_filter ] --END-- [ RunTime:0.000000s ]
INFO: Run Behavior\ParseTemplateBehavior [ RunTime:0.066004s ]
INFO: [ view_parse ] --END-- [ RunTime:0.066004s ]
INFO: [ view_filter ] --START--
INFO: Run Behavior\WriteHtmlCacheBehavior [ RunTime:0.001000s ]
INFO: [ view_filter ] --END-- [ RunTime:0.001000s ]
INFO: [ app_end ] --START--
INFO: Run Behavior\ShowPageTraceBehavior [ RunTime:0.001000s ]
INFO: [ app_end ] --END-- [ RunTime:0.001000s ]

[ 2016-09-07T10:35:10+08:00 ] 127.0.0.1 /index.php/Admin/Index/left/id/85.html?id=340
INFO: [ app_init ] --START--
INFO: Run Behavior\BuildLiteBehavior [ RunTime:0.000000s ]
INFO: [ app_init ] --END-- [ RunTime:0.001000s ]
INFO: [ app_begin ] --START--
INFO: Run Behavior\ReadHtmlCacheBehavior [ RunTime:0.001000s ]
INFO: [ app_begin ] --END-- [ RunTime:0.001000s ]
SQL: SHOW COLUMNS FROM `sd_node` [ RunTime:0.0210s ]
SQL: SELECT `id`,`data`,`title`
                FROM `sd_node`
                WHERE ( `status` =1 AND `display`=2 AND `pid`=340)
                ORDER BY sort DESC [ RunTime:0.0010s ]
SQL: SELECT `title` FROM `sd_node` WHERE `id` = 340 LIMIT 1   [ RunTime:0.0000s ]
SQL: SELECT `id`,`data`,`title`
                FROM `sd_node`
                WHERE ( `status` =1 AND `display`=2 AND `pid`=341)
                ORDER BY sort DESC [ RunTime:0.0010s ]
NOTIC: [8] Use of undefined constant title - assumed 'title' D:\wamp\www\wap\Application\Admin\Controller\IndexController.class.php 第 74 行.
NOTIC: [8] Use of undefined constant title - assumed 'title' D:\wamp\www\wap\Application\Admin\Controller\IndexController.class.php 第 87 行.
SQL: SELECT `id`,`data`,`title`
                FROM `sd_node`
                WHERE ( `status` =1 AND `display`=2 AND `pid`=367)
                ORDER BY sort DESC [ RunTime:0.0000s ]
NOTIC: [8] Use of undefined constant title - assumed 'title' D:\wamp\www\wap\Application\Admin\Controller\IndexController.class.php 第 74 行.
NOTIC: [8] Use of undefined constant title - assumed 'title' D:\wamp\www\wap\Application\Admin\Controller\IndexController.class.php 第 87 行.
SQL: SELECT `id`,`data`,`title`
                FROM `sd_node`
                WHERE ( `status` =1 AND `display`=2 AND `pid`=361)
                ORDER BY sort DESC [ RunTime:0.0010s ]
NOTIC: [8] Use of undefined constant title - assumed 'title' D:\wamp\www\wap\Application\Admin\Controller\IndexController.class.php 第 74 行.
NOTIC: [8] Use of undefined constant title - assumed 'title' D:\wamp\www\wap\Application\Admin\Controller\IndexController.class.php 第 87 行.
NOTIC: [8] Use of undefined constant title - assumed 'title' D:\wamp\www\wap\Application\Admin\Controller\IndexController.class.php 第 87 行.
SQL: SELECT `id`,`data`,`title`
                FROM `sd_node`
                WHERE ( `status` =1 AND `display`=2 AND `pid`=363)
                ORDER BY sort DESC [ RunTime:0.0010s ]
NOTIC: [8] Use of undefined constant title - assumed 'title' D:\wamp\www\wap\Application\Admin\Controller\IndexController.class.php 第 74 行.
NOTIC: [8] Use of undefined constant title - assumed 'title' D:\wamp\www\wap\Application\Admin\Controller\IndexController.class.php 第 87 行.
NOTIC: [8] Use of undefined constant title - assumed 'title' D:\wamp\www\wap\Application\Admin\Controller\IndexController.class.php 第 87 行.
SQL: SELECT `id`,`data`,`title`
                FROM `sd_node`
                WHERE ( `status` =1 AND `display`=2 AND `pid`=369)
                ORDER BY sort DESC [ RunTime:0.0010s ]
NOTIC: [8] Use of undefined constant title - assumed 'title' D:\wamp\www\wap\Application\Admin\Controller\IndexController.class.php 第 74 行.
NOTIC: [8] Use of undefined constant title - assumed 'title' D:\wamp\www\wap\Application\Admin\Controller\IndexController.class.php 第 87 行.
SQL: SELECT `id`,`data`,`title`
                FROM `sd_node`
                WHERE ( `status` =1 AND `display`=2 AND `pid`=371)
                ORDER BY sort DESC [ RunTime:0.0000s ]
NOTIC: [8] Use of undefined constant title - assumed 'title' D:\wamp\www\wap\Application\Admin\Controller\IndexController.class.php 第 74 行.
NOTIC: [8] Use of undefined constant title - assumed 'title' D:\wamp\www\wap\Application\Admin\Controller\IndexController.class.php 第 87 行.
NOTIC: [8] Use of undefined constant title - assumed 'title' D:\wamp\www\wap\Application\Admin\Controller\IndexController.class.php 第 87 行.
NOTIC: [8] Use of undefined constant title - assumed 'title' D:\wamp\www\wap\Application\Admin\Controller\IndexController.class.php 第 87 行.
SQL: SELECT `id`,`data`,`title`
                FROM `sd_node`
                WHERE ( `status` =1 AND `display`=2 AND `pid`=377)
                ORDER BY sort DESC [ RunTime:0.0010s ]
NOTIC: [8] Use of undefined constant title - assumed 'title' D:\wamp\www\wap\Application\Admin\Controller\IndexController.class.php 第 74 行.
NOTIC: [8] Use of undefined constant title - assumed 'title' D:\wamp\www\wap\Application\Admin\Controller\IndexController.class.php 第 87 行.
SQL: SELECT `id`,`data`,`title`
                FROM `sd_node`
                WHERE ( `status` =1 AND `display`=2 AND `pid`=378)
                ORDER BY sort DESC [ RunTime:0.0010s ]
NOTIC: [8] Use of undefined constant title - assumed 'title' D:\wamp\www\wap\Application\Admin\Controller\IndexController.class.php 第 74 行.
NOTIC: [8] Use of undefined constant title - assumed 'title' D:\wamp\www\wap\Application\Admin\Controller\IndexController.class.php 第 87 行.
INFO: [ view_parse ] --START--
INFO: [ template_filter ] --START--
INFO: Run Behavior\ContentReplaceBehavior [ RunTime:0.000000s ]
INFO: [ template_filter ] --END-- [ RunTime:0.000000s ]
INFO: Run Behavior\ParseTemplateBehavior [ RunTime:0.009000s ]
INFO: [ view_parse ] --END-- [ RunTime:0.009000s ]
INFO: [ view_filter ] --START--
INFO: Run Behavior\WriteHtmlCacheBehavior [ RunTime:0.001000s ]
INFO: [ view_filter ] --END-- [ RunTime:0.001000s ]
INFO: [ app_end ] --START--
INFO: Run Behavior\ShowPageTraceBehavior [ RunTime:0.001001s ]
INFO: [ app_end ] --END-- [ RunTime:0.001001s ]

[ 2016-09-07T10:35:10+08:00 ] 127.0.0.1 /index.php/Admin/Index/index.html?s=/Admin/Setting/banner_list
INFO: [ app_init ] --START--
INFO: Run Behavior\BuildLiteBehavior [ RunTime:0.000000s ]
INFO: [ app_init ] --END-- [ RunTime:0.000000s ]

