[ 2016-11-04T15:03:47+08:00 ] 61.50.106.246 /Admin/Login/index
INFO: [ app_init ] --START--
INFO: Run Behavior\BuildLiteBehavior [ RunTime:0.000000s ]
INFO: [ app_init ] --END-- [ RunTime:0.000000s ]
INFO: [ app_begin ] --START--
INFO: Run Behavior\ReadHtmlCacheBehavior [ RunTime:0.000000s ]
INFO: [ app_begin ] --END-- [ RunTime:0.000000s ]
INFO: [ view_parse ] --START--
INFO: [ template_filter ] --START--
INFO: Run Behavior\ContentReplaceBehavior [ RunTime:0.000000s ]
INFO: [ template_filter ] --END-- [ RunTime:0.000000s ]
INFO: Run Behavior\ParseTemplateBehavior [ RunTime:0.015625s ]
INFO: [ view_parse ] --END-- [ RunTime:0.015625s ]
INFO: [ view_filter ] --START--
INFO: Run Behavior\WriteHtmlCacheBehavior [ RunTime:0.000000s ]
INFO: [ view_filter ] --END-- [ RunTime:0.000000s ]
INFO: [ app_end ] --START--
INFO: Run Behavior\ShowPageTraceBehavior [ RunTime:0.000000s ]
INFO: [ app_end ] --END-- [ RunTime:0.000000s ]

[ 2016-11-04T15:03:48+08:00 ] 61.50.106.246 /Admin/Login/captcha/
INFO: [ app_init ] --START--
INFO: Run Behavior\BuildLiteBehavior [ RunTime:0.000000s ]
INFO: [ app_init ] --END-- [ RunTime:0.000000s ]
INFO: [ app_begin ] --START--
INFO: Run Behavior\ReadHtmlCacheBehavior [ RunTime:0.000000s ]
INFO: [ app_begin ] --END-- [ RunTime:0.000000s ]
INFO: [ app_end ] --START--
INFO: Run Behavior\ShowPageTraceBehavior [ RunTime:0.000000s ]
INFO: [ app_end ] --END-- [ RunTime:0.000000s ]

[ 2016-11-04T15:03:54+08:00 ] 61.50.106.246 /Admin/Login/captcha/&0.35051549874886456
INFO: [ app_init ] --START--
INFO: Run Behavior\BuildLiteBehavior [ RunTime:0.000000s ]
INFO: [ app_init ] --END-- [ RunTime:0.000000s ]
INFO: [ app_begin ] --START--
INFO: Run Behavior\ReadHtmlCacheBehavior [ RunTime:0.000000s ]
INFO: [ app_begin ] --END-- [ RunTime:0.000000s ]
INFO: [ app_end ] --START--
INFO: Run Behavior\ShowPageTraceBehavior [ RunTime:0.000000s ]
INFO: [ app_end ] --END-- [ RunTime:0.000000s ]

[ 2016-11-04T15:03:58+08:00 ] 61.50.106.246 /Admin/Login/checkLogin.html
INFO: [ app_init ] --START--
INFO: Run Behavior\BuildLiteBehavior [ RunTime:0.000000s ]
INFO: [ app_init ] --END-- [ RunTime:0.000000s ]
INFO: [ app_begin ] --START--
INFO: Run Behavior\ReadHtmlCacheBehavior [ RunTime:0.000000s ]
INFO: [ app_begin ] --END-- [ RunTime:0.000000s ]
SQL: SHOW COLUMNS FROM `sd_users` [ RunTime:0.0000s ]
SQL: SELECT `uid`,`role_id`,`username`,`password`,`status`,`remark` FROM `sd_users` WHERE ( username='administrator' ) LIMIT 1   [ RunTime:0.0000s ]
INFO: [ view_parse ] --START--
INFO: [ template_filter ] --START--
INFO: Run Behavior\ContentReplaceBehavior [ RunTime:0.000000s ]
INFO: [ template_filter ] --END-- [ RunTime:0.000000s ]
INFO: Run Behavior\ParseTemplateBehavior [ RunTime:0.000000s ]
INFO: [ view_parse ] --END-- [ RunTime:0.000000s ]
INFO: [ view_filter ] --START--
INFO: Run Behavior\WriteHtmlCacheBehavior [ RunTime:0.000000s ]
INFO: [ view_filter ] --END-- [ RunTime:0.000000s ]

[ 2016-11-04T15:04:07+08:00 ] 61.50.106.246 /Admin/Login/captcha/&0.795313571378631
INFO: [ app_init ] --START--
INFO: Run Behavior\BuildLiteBehavior [ RunTime:0.000000s ]
INFO: [ app_init ] --END-- [ RunTime:0.000000s ]
INFO: [ app_begin ] --START--
INFO: Run Behavior\ReadHtmlCacheBehavior [ RunTime:0.000000s ]
INFO: [ app_begin ] --END-- [ RunTime:0.000000s ]
INFO: [ app_end ] --START--
INFO: Run Behavior\ShowPageTraceBehavior [ RunTime:0.000000s ]
INFO: [ app_end ] --END-- [ RunTime:0.000000s ]

[ 2016-11-04T15:04:08+08:00 ] 61.50.106.246 /Admin/Login/captcha/&0.795313571378631&0.21663402725366687
INFO: [ app_init ] --START--
INFO: Run Behavior\BuildLiteBehavior [ RunTime:0.000000s ]
INFO: [ app_init ] --END-- [ RunTime:0.000000s ]
INFO: [ app_begin ] --START--
INFO: Run Behavior\ReadHtmlCacheBehavior [ RunTime:0.000000s ]
INFO: [ app_begin ] --END-- [ RunTime:0.000000s ]
INFO: [ app_end ] --START--
INFO: Run Behavior\ShowPageTraceBehavior [ RunTime:0.000000s ]
INFO: [ app_end ] --END-- [ RunTime:0.000000s ]

[ 2016-11-04T15:04:15+08:00 ] 61.50.106.246 /Admin/Login/checkLogin.html
INFO: [ app_init ] --START--
INFO: Run Behavior\BuildLiteBehavior [ RunTime:0.000000s ]
INFO: [ app_init ] --END-- [ RunTime:0.000000s ]
INFO: [ app_begin ] --START--
INFO: Run Behavior\ReadHtmlCacheBehavior [ RunTime:0.000000s ]
INFO: [ app_begin ] --END-- [ RunTime:0.000000s ]
SQL: SHOW COLUMNS FROM `sd_users` [ RunTime:0.0000s ]
SQL: SELECT `uid`,`role_id`,`username`,`password`,`status`,`remark` FROM `sd_users` WHERE ( username='administrator' ) LIMIT 1   [ RunTime:0.0000s ]
SQL: SELECT `uid`,`role_id`,`username` FROM `sd_users` WHERE `uid` = 1 LIMIT 1   [ RunTime:0.0000s ]
NOTIC: [2] fopen(C:\www\ThinkPHP\Library\Org\Net/UTFWry.dat): failed to open stream: No such file or directory C:\www\ThinkPHP\Library\Org\Net\IpLocation.class.php 第 54 行.
SQL: UPDATE `sd_users` SET `last_login`='1478243055',`last_login_ip`='61.50.106.246' WHERE `uid` = 1 [ RunTime:0.0000s ]

[ 2016-11-04T15:04:15+08:00 ] 61.50.106.246 /Admin/Index/index.html
INFO: [ app_init ] --START--
INFO: Run Behavior\BuildLiteBehavior [ RunTime:0.000000s ]
INFO: [ app_init ] --END-- [ RunTime:0.000000s ]
INFO: [ app_begin ] --START--
INFO: Run Behavior\ReadHtmlCacheBehavior [ RunTime:0.000000s ]
INFO: [ app_begin ] --END-- [ RunTime:0.000000s ]
SQL: SELECT `id`,`title`,name
                       FROM `sd_node`
                       WHERE( `status` =1 AND `display`=1)
                       ORDER BY sort DESC [ RunTime:0.0000s ]
INFO: [ view_parse ] --START--
INFO: [ template_filter ] --START--
INFO: Run Behavior\ContentReplaceBehavior [ RunTime:0.000000s ]
INFO: [ template_filter ] --END-- [ RunTime:0.000000s ]
NOTIC: [8] Undefined variable: sub_menu_html C:\www\hyuwap\Application\Runtime\Cache\Admin\b595b808c2ebeeeb0478ffc30bb4e87a.php 第 96 行.
INFO: Run Behavior\ParseTemplateBehavior [ RunTime:0.015626s ]
INFO: [ view_parse ] --END-- [ RunTime:0.015626s ]
INFO: [ view_filter ] --START--
INFO: Run Behavior\WriteHtmlCacheBehavior [ RunTime:0.000000s ]
INFO: [ view_filter ] --END-- [ RunTime:0.000000s ]
INFO: [ app_end ] --START--
INFO: Run Behavior\ShowPageTraceBehavior [ RunTime:0.000000s ]
INFO: [ app_end ] --END-- [ RunTime:0.000000s ]

[ 2016-11-04T15:04:15+08:00 ] 61.50.106.246 /Admin/Index/main.html
INFO: [ app_init ] --START--
INFO: Run Behavior\BuildLiteBehavior [ RunTime:0.000000s ]
INFO: [ app_init ] --END-- [ RunTime:0.000000s ]
INFO: [ app_begin ] --START--
INFO: Run Behavior\ReadHtmlCacheBehavior [ RunTime:0.000000s ]
INFO: [ app_begin ] --END-- [ RunTime:0.000000s ]
NOTIC: [8] Use of undefined constant gd_info - assumed 'gd_info' C:\www\hyuwap\Application\Admin\Controller\IndexController.class.php 第 161 行.
NOTIC: [8] Undefined index: SERVER_ADDR C:\www\hyuwap\Application\Admin\Controller\IndexController.class.php 第 168 行.
NOTIC: [8] Use of undefined constant WEB_ROOT - assumed 'WEB_ROOT' C:\www\hyuwap\Application\Admin\Controller\IndexController.class.php 第 171 行.
INFO: [ view_parse ] --START--
INFO: [ template_filter ] --START--
INFO: Run Behavior\ContentReplaceBehavior [ RunTime:0.000000s ]
INFO: [ template_filter ] --END-- [ RunTime:0.000000s ]
NOTIC: [8] Undefined variable: ikphp C:\www\hyuwap\Application\Runtime\Cache\Admin\b0f0b709690a72033d17719e8059053c.php 第 5 行.
NOTIC: [8] Undefined variable: caches C:\www\hyuwap\Application\Runtime\Cache\Admin\b0f0b709690a72033d17719e8059053c.php 第 36 行.
INFO: Run Behavior\ParseTemplateBehavior [ RunTime:0.000000s ]
INFO: [ view_parse ] --END-- [ RunTime:0.000000s ]
INFO: [ view_filter ] --START--
INFO: Run Behavior\WriteHtmlCacheBehavior [ RunTime:0.000000s ]
INFO: [ view_filter ] --END-- [ RunTime:0.000000s ]
INFO: [ app_end ] --START--
INFO: Run Behavior\ShowPageTraceBehavior [ RunTime:0.000000s ]
INFO: [ app_end ] --END-- [ RunTime:0.000000s ]

[ 2016-11-04T15:04:15+08:00 ] 61.50.106.246 /Admin/Index/left/id/85.html
INFO: [ app_init ] --START--
INFO: Run Behavior\BuildLiteBehavior [ RunTime:0.000000s ]
INFO: [ app_init ] --END-- [ RunTime:0.000000s ]
INFO: [ app_begin ] --START--
INFO: Run Behavior\ReadHtmlCacheBehavior [ RunTime:0.000000s ]
INFO: [ app_begin ] --END-- [ RunTime:0.000000s ]
SQL: SHOW COLUMNS FROM `sd_node` [ RunTime:0.0156s ]
SQL: SELECT `id`,`data`,`title`
                FROM `sd_node`
                WHERE ( `status` =1 AND `display`=2 AND `pid`=85)
                ORDER BY sort DESC [ RunTime:0.0000s ]
SQL: SELECT `title` FROM `sd_node` WHERE `id` = 85 LIMIT 1   [ RunTime:0.0000s ]
SQL: SELECT `id`,`data`,`title`
                FROM `sd_node`
                WHERE ( `status` =1 AND `display`=2 AND `pid`=86)
                ORDER BY sort DESC [ RunTime:0.0000s ]
NOTIC: [8] Use of undefined constant title - assumed 'title' C:\www\hyuwap\Application\Admin\Controller\IndexController.class.php 第 74 行.
NOTIC: [8] Use of undefined constant title - assumed 'title' C:\www\hyuwap\Application\Admin\Controller\IndexController.class.php 第 87 行.
NOTIC: [8] Use of undefined constant title - assumed 'title' C:\www\hyuwap\Application\Admin\Controller\IndexController.class.php 第 87 行.
INFO: [ view_parse ] --START--
INFO: [ template_filter ] --START--
INFO: Run Behavior\ContentReplaceBehavior [ RunTime:0.000000s ]
INFO: [ template_filter ] --END-- [ RunTime:0.000000s ]
INFO: Run Behavior\ParseTemplateBehavior [ RunTime:0.000000s ]
INFO: [ view_parse ] --END-- [ RunTime:0.000000s ]
INFO: [ view_filter ] --START--
INFO: Run Behavior\WriteHtmlCacheBehavior [ RunTime:0.000000s ]
INFO: [ view_filter ] --END-- [ RunTime:0.000000s ]
INFO: [ app_end ] --START--
INFO: Run Behavior\ShowPageTraceBehavior [ RunTime:0.000000s ]
INFO: [ app_end ] --END-- [ RunTime:0.000000s ]

[ 2016-11-04T15:04:20+08:00 ] 61.50.106.246 /Admin/Index/left/id/85.html?id=340
INFO: [ app_init ] --START--
INFO: Run Behavior\BuildLiteBehavior [ RunTime:0.000000s ]
INFO: [ app_init ] --END-- [ RunTime:0.000000s ]
INFO: [ app_begin ] --START--
INFO: Run Behavior\ReadHtmlCacheBehavior [ RunTime:0.000000s ]
INFO: [ app_begin ] --END-- [ RunTime:0.000000s ]
SQL: SHOW COLUMNS FROM `sd_node` [ RunTime:0.0000s ]
SQL: SELECT `id`,`data`,`title`
                FROM `sd_node`
                WHERE ( `status` =1 AND `display`=2 AND `pid`=340)
                ORDER BY sort DESC [ RunTime:0.0000s ]
SQL: SELECT `title` FROM `sd_node` WHERE `id` = 340 LIMIT 1   [ RunTime:0.0000s ]
SQL: SELECT `id`,`data`,`title`
                FROM `sd_node`
                WHERE ( `status` =1 AND `display`=2 AND `pid`=341)
                ORDER BY sort DESC [ RunTime:0.0000s ]
NOTIC: [8] Use of undefined constant title - assumed 'title' C:\www\hyuwap\Application\Admin\Controller\IndexController.class.php 第 74 行.
NOTIC: [8] Use of undefined constant title - assumed 'title' C:\www\hyuwap\Application\Admin\Controller\IndexController.class.php 第 87 行.
SQL: SELECT `id`,`data`,`title`
                FROM `sd_node`
                WHERE ( `status` =1 AND `display`=2 AND `pid`=367)
                ORDER BY sort DESC [ RunTime:0.0000s ]
NOTIC: [8] Use of undefined constant title - assumed 'title' C:\www\hyuwap\Application\Admin\Controller\IndexController.class.php 第 74 行.
NOTIC: [8] Use of undefined constant title - assumed 'title' C:\www\hyuwap\Application\Admin\Controller\IndexController.class.php 第 87 行.
SQL: SELECT `id`,`data`,`title`
                FROM `sd_node`
                WHERE ( `status` =1 AND `display`=2 AND `pid`=361)
                ORDER BY sort DESC [ RunTime:0.0000s ]
NOTIC: [8] Use of undefined constant title - assumed 'title' C:\www\hyuwap\Application\Admin\Controller\IndexController.class.php 第 74 行.
NOTIC: [8] Use of undefined constant title - assumed 'title' C:\www\hyuwap\Application\Admin\Controller\IndexController.class.php 第 87 行.
NOTIC: [8] Use of undefined constant title - assumed 'title' C:\www\hyuwap\Application\Admin\Controller\IndexController.class.php 第 87 行.
SQL: SELECT `id`,`data`,`title`
                FROM `sd_node`
                WHERE ( `status` =1 AND `display`=2 AND `pid`=363)
                ORDER BY sort DESC [ RunTime:0.0000s ]
NOTIC: [8] Use of undefined constant title - assumed 'title' C:\www\hyuwap\Application\Admin\Controller\IndexController.class.php 第 74 行.
NOTIC: [8] Use of undefined constant title - assumed 'title' C:\www\hyuwap\Application\Admin\Controller\IndexController.class.php 第 87 行.
NOTIC: [8] Use of undefined constant title - assumed 'title' C:\www\hyuwap\Application\Admin\Controller\IndexController.class.php 第 87 行.
SQL: SELECT `id`,`data`,`title`
                FROM `sd_node`
                WHERE ( `status` =1 AND `display`=2 AND `pid`=369)
                ORDER BY sort DESC [ RunTime:0.0000s ]
NOTIC: [8] Use of undefined constant title - assumed 'title' C:\www\hyuwap\Application\Admin\Controller\IndexController.class.php 第 74 行.
NOTIC: [8] Use of undefined constant title - assumed 'title' C:\www\hyuwap\Application\Admin\Controller\IndexController.class.php 第 87 行.
SQL: SELECT `id`,`data`,`title`
                FROM `sd_node`
                WHERE ( `status` =1 AND `display`=2 AND `pid`=371)
                ORDER BY sort DESC [ RunTime:0.0000s ]
NOTIC: [8] Use of undefined constant title - assumed 'title' C:\www\hyuwap\Application\Admin\Controller\IndexController.class.php 第 74 行.
NOTIC: [8] Use of undefined constant title - assumed 'title' C:\www\hyuwap\Application\Admin\Controller\IndexController.class.php 第 87 行.
NOTIC: [8] Use of undefined constant title - assumed 'title' C:\www\hyuwap\Application\Admin\Controller\IndexController.class.php 第 87 行.
SQL: SELECT `id`,`data`,`title`
                FROM `sd_node`
                WHERE ( `status` =1 AND `display`=2 AND `pid`=377)
                ORDER BY sort DESC [ RunTime:0.0000s ]
NOTIC: [8] Use of undefined constant title - assumed 'title' C:\www\hyuwap\Application\Admin\Controller\IndexController.class.php 第 74 行.
NOTIC: [8] Use of undefined constant title - assumed 'title' C:\www\hyuwap\Application\Admin\Controller\IndexController.class.php 第 87 行.
SQL: SELECT `id`,`data`,`title`
                FROM `sd_node`
                WHERE ( `status` =1 AND `display`=2 AND `pid`=378)
                ORDER BY sort DESC [ RunTime:0.0000s ]
NOTIC: [8] Use of undefined constant title - assumed 'title' C:\www\hyuwap\Application\Admin\Controller\IndexController.class.php 第 74 行.
NOTIC: [8] Use of undefined constant title - assumed 'title' C:\www\hyuwap\Application\Admin\Controller\IndexController.class.php 第 87 行.
INFO: [ view_parse ] --START--
INFO: [ template_filter ] --START--
INFO: Run Behavior\ContentReplaceBehavior [ RunTime:0.000000s ]
INFO: [ template_filter ] --END-- [ RunTime:0.000000s ]
INFO: Run Behavior\ParseTemplateBehavior [ RunTime:0.000000s ]
INFO: [ view_parse ] --END-- [ RunTime:0.000000s ]
INFO: [ view_filter ] --START--
INFO: Run Behavior\WriteHtmlCacheBehavior [ RunTime:0.000000s ]
INFO: [ view_filter ] --END-- [ RunTime:0.000000s ]
INFO: [ app_end ] --START--
INFO: Run Behavior\ShowPageTraceBehavior [ RunTime:0.000000s ]
INFO: [ app_end ] --END-- [ RunTime:0.000000s ]

[ 2016-11-04T15:04:21+08:00 ] 61.50.106.246 /Admin/Index/index.html?s=/Admin/Setting/banner_list
INFO: [ app_init ] --START--
INFO: Run Behavior\BuildLiteBehavior [ RunTime:0.000000s ]
INFO: [ app_init ] --END-- [ RunTime:0.000000s ]
INFO: [ app_begin ] --START--
INFO: Run Behavior\ReadHtmlCacheBehavior [ RunTime:0.000000s ]
INFO: [ app_begin ] --END-- [ RunTime:0.000000s ]
SQL: SHOW COLUMNS FROM `sd_banner` [ RunTime:0.0000s ]
SQL: SELECT `id`,`sort`,`category`,`th_img_url` FROM `sd_banner` ORDER BY sort desc  [ RunTime:0.0156s ]
INFO: [ view_parse ] --START--
INFO: [ template_filter ] --START--
INFO: Run Behavior\ContentReplaceBehavior [ RunTime:0.000000s ]
INFO: [ template_filter ] --END-- [ RunTime:0.000000s ]
INFO: Run Behavior\ParseTemplateBehavior [ RunTime:0.000000s ]
INFO: [ view_parse ] --END-- [ RunTime:0.000000s ]
INFO: [ view_filter ] --START--
INFO: Run Behavior\WriteHtmlCacheBehavior [ RunTime:0.000000s ]
INFO: [ view_filter ] --END-- [ RunTime:0.000000s ]
INFO: [ app_end ] --START--
INFO: Run Behavior\ShowPageTraceBehavior [ RunTime:0.000000s ]
INFO: [ app_end ] --END-- [ RunTime:0.000000s ]

[ 2016-11-04T15:04:37+08:00 ] 61.50.106.246 /Admin/Index/left/id/85.html?id=151
INFO: [ app_init ] --START--
INFO: Run Behavior\BuildLiteBehavior [ RunTime:0.000000s ]
INFO: [ app_init ] --END-- [ RunTime:0.000000s ]
INFO: [ app_begin ] --START--
INFO: Run Behavior\ReadHtmlCacheBehavior [ RunTime:0.000000s ]
INFO: [ app_begin ] --END-- [ RunTime:0.000000s ]
SQL: SHOW COLUMNS FROM `sd_node` [ RunTime:0.0156s ]
SQL: SELECT `id`,`data`,`title`
                FROM `sd_node`
                WHERE ( `status` =1 AND `display`=2 AND `pid`=151)
                ORDER BY sort DESC [ RunTime:0.0000s ]
SQL: SELECT `title` FROM `sd_node` WHERE `id` = 151 LIMIT 1   [ RunTime:0.0000s ]
SQL: SELECT `id`,`data`,`title`
                FROM `sd_node`
                WHERE ( `status` =1 AND `display`=2 AND `pid`=152)
                ORDER BY sort DESC [ RunTime:0.0000s ]
NOTIC: [8] Use of undefined constant title - assumed 'title' C:\www\hyuwap\Application\Admin\Controller\IndexController.class.php 第 74 行.
NOTIC: [8] Use of undefined constant title - assumed 'title' C:\www\hyuwap\Application\Admin\Controller\IndexController.class.php 第 87 行.
INFO: [ view_parse ] --START--
INFO: [ template_filter ] --START--
INFO: Run Behavior\ContentReplaceBehavior [ RunTime:0.000000s ]
INFO: [ template_filter ] --END-- [ RunTime:0.000000s ]
INFO: Run Behavior\ParseTemplateBehavior [ RunTime:0.000000s ]
INFO: [ view_parse ] --END-- [ RunTime:0.000000s ]
INFO: [ view_filter ] --START--
INFO: Run Behavior\WriteHtmlCacheBehavior [ RunTime:0.000000s ]
INFO: [ view_filter ] --END-- [ RunTime:0.000000s ]
INFO: [ app_end ] --START--
INFO: Run Behavior\ShowPageTraceBehavior [ RunTime:0.000000s ]
INFO: [ app_end ] --END-- [ RunTime:0.000000s ]

[ 2016-11-04T15:04:37+08:00 ] 61.50.106.246 /Admin/Index/index.html?s=/Admin/User/index
INFO: [ app_init ] --START--
INFO: Run Behavior\BuildLiteBehavior [ RunTime:0.000000s ]
INFO: [ app_init ] --END-- [ RunTime:0.000000s ]
INFO: [ app_begin ] --START--
INFO: Run Behavior\ReadHtmlCacheBehavior [ RunTime:0.000000s ]
INFO: [ app_begin ] --END-- [ RunTime:0.015625s ]
SQL: SHOW COLUMNS FROM `sd_users` [ RunTime:0.0000s ]
SQL: SELECT u.uid,u.role_id,u.username,u.status,r.id,r.name FROM sd_users u INNER JOIN sd_role as r on u.uid=r.id  WHERE ( 2>1 )  [ RunTime:0.0000s ]
INFO: [ view_parse ] --START--
INFO: [ template_filter ] --START--
INFO: Run Behavior\ContentReplaceBehavior [ RunTime:0.000000s ]
INFO: [ template_filter ] --END-- [ RunTime:0.000000s ]
NOTIC: [8] Undefined variable: roles C:\www\hyuwap\Application\Runtime\Cache\Admin\65e605872ed5d34210f5b33beb13f5a3.php 第 38 行.
NOTIC: [8] Use of undefined constant hlbs - assumed 'hlbs' C:\www\hyuwap\Application\Runtime\Cache\Admin\65e605872ed5d34210f5b33beb13f5a3.php 第 55 行.
NOTIC: [8] Undefined variable: page C:\www\hyuwap\Application\Runtime\Cache\Admin\65e605872ed5d34210f5b33beb13f5a3.php 第 75 行.
NOTIC: [8] Undefined variable: pageUrl C:\www\hyuwap\Application\Runtime\Cache\Admin\65e605872ed5d34210f5b33beb13f5a3.php 第 79 行.
INFO: Run Behavior\ParseTemplateBehavior [ RunTime:0.015626s ]
INFO: [ view_parse ] --END-- [ RunTime:0.015626s ]
INFO: [ view_filter ] --START--
INFO: Run Behavior\WriteHtmlCacheBehavior [ RunTime:0.000000s ]
INFO: [ view_filter ] --END-- [ RunTime:0.000000s ]
INFO: [ app_end ] --START--
INFO: Run Behavior\ShowPageTraceBehavior [ RunTime:0.000000s ]
INFO: [ app_end ] --END-- [ RunTime:0.000000s ]

[ 2016-11-04T15:04:39+08:00 ] 61.50.106.246 /Admin/Index/left/id/85.html?id=340
INFO: [ app_init ] --START--
INFO: Run Behavior\BuildLiteBehavior [ RunTime:0.000000s ]
INFO: [ app_init ] --END-- [ RunTime:0.000000s ]
INFO: [ app_begin ] --START--
INFO: Run Behavior\ReadHtmlCacheBehavior [ RunTime:0.000000s ]
INFO: [ app_begin ] --END-- [ RunTime:0.000000s ]
SQL: SHOW COLUMNS FROM `sd_node` [ RunTime:0.0000s ]
SQL: SELECT `id`,`data`,`title`
                FROM `sd_node`
                WHERE ( `status` =1 AND `display`=2 AND `pid`=340)
                ORDER BY sort DESC [ RunTime:0.0000s ]
SQL: SELECT `title` FROM `sd_node` WHERE `id` = 340 LIMIT 1   [ RunTime:0.0000s ]
SQL: SELECT `id`,`data`,`title`
                FROM `sd_node`
                WHERE ( `status` =1 AND `display`=2 AND `pid`=341)
                ORDER BY sort DESC [ RunTime:0.0000s ]
NOTIC: [8] Use of undefined constant title - assumed 'title' C:\www\hyuwap\Application\Admin\Controller\IndexController.class.php 第 74 行.
NOTIC: [8] Use of undefined constant title - assumed 'title' C:\www\hyuwap\Application\Admin\Controller\IndexController.class.php 第 87 行.
SQL: SELECT `id`,`data`,`title`
                FROM `sd_node`
                WHERE ( `status` =1 AND `display`=2 AND `pid`=367)
                ORDER BY sort DESC [ RunTime:0.0000s ]
NOTIC: [8] Use of undefined constant title - assumed 'title' C:\www\hyuwap\Application\Admin\Controller\IndexController.class.php 第 74 行.
NOTIC: [8] Use of undefined constant title - assumed 'title' C:\www\hyuwap\Application\Admin\Controller\IndexController.class.php 第 87 行.
SQL: SELECT `id`,`data`,`title`
                FROM `sd_node`
                WHERE ( `status` =1 AND `display`=2 AND `pid`=361)
                ORDER BY sort DESC [ RunTime:0.0000s ]
NOTIC: [8] Use of undefined constant title - assumed 'title' C:\www\hyuwap\Application\Admin\Controller\IndexController.class.php 第 74 行.
NOTIC: [8] Use of undefined constant title - assumed 'title' C:\www\hyuwap\Application\Admin\Controller\IndexController.class.php 第 87 行.
NOTIC: [8] Use of undefined constant title - assumed 'title' C:\www\hyuwap\Application\Admin\Controller\IndexController.class.php 第 87 行.
SQL: SELECT `id`,`data`,`title`
                FROM `sd_node`
                WHERE ( `status` =1 AND `display`=2 AND `pid`=363)
                ORDER BY sort DESC [ RunTime:0.0000s ]
NOTIC: [8] Use of undefined constant title - assumed 'title' C:\www\hyuwap\Application\Admin\Controller\IndexController.class.php 第 74 行.
NOTIC: [8] Use of undefined constant title - assumed 'title' C:\www\hyuwap\Application\Admin\Controller\IndexController.class.php 第 87 行.
NOTIC: [8] Use of undefined constant title - assumed 'title' C:\www\hyuwap\Application\Admin\Controller\IndexController.class.php 第 87 行.
SQL: SELECT `id`,`data`,`title`
                FROM `sd_node`
                WHERE ( `status` =1 AND `display`=2 AND `pid`=369)
                ORDER BY sort DESC [ RunTime:0.0000s ]
NOTIC: [8] Use of undefined constant title - assumed 'title' C:\www\hyuwap\Application\Admin\Controller\IndexController.class.php 第 74 行.
NOTIC: [8] Use of undefined constant title - assumed 'title' C:\www\hyuwap\Application\Admin\Controller\IndexController.class.php 第 87 行.
SQL: SELECT `id`,`data`,`title`
                FROM `sd_node`
                WHERE ( `status` =1 AND `display`=2 AND `pid`=371)
                ORDER BY sort DESC [ RunTime:0.0000s ]
NOTIC: [8] Use of undefined constant title - assumed 'title' C:\www\hyuwap\Application\Admin\Controller\IndexController.class.php 第 74 行.
NOTIC: [8] Use of undefined constant title - assumed 'title' C:\www\hyuwap\Application\Admin\Controller\IndexController.class.php 第 87 行.
NOTIC: [8] Use of undefined constant title - assumed 'title' C:\www\hyuwap\Application\Admin\Controller\IndexController.class.php 第 87 行.
SQL: SELECT `id`,`data`,`title`
                FROM `sd_node`
                WHERE ( `status` =1 AND `display`=2 AND `pid`=377)
                ORDER BY sort DESC [ RunTime:0.0000s ]
NOTIC: [8] Use of undefined constant title - assumed 'title' C:\www\hyuwap\Application\Admin\Controller\IndexController.class.php 第 74 行.
NOTIC: [8] Use of undefined constant title - assumed 'title' C:\www\hyuwap\Application\Admin\Controller\IndexController.class.php 第 87 行.
SQL: SELECT `id`,`data`,`title`
                FROM `sd_node`
                WHERE ( `status` =1 AND `display`=2 AND `pid`=378)
                ORDER BY sort DESC [ RunTime:0.0000s ]
NOTIC: [8] Use of undefined constant title - assumed 'title' C:\www\hyuwap\Application\Admin\Controller\IndexController.class.php 第 74 行.
NOTIC: [8] Use of undefined constant title - assumed 'title' C:\www\hyuwap\Application\Admin\Controller\IndexController.class.php 第 87 行.
INFO: [ view_parse ] --START--
INFO: [ template_filter ] --START--
INFO: Run Behavior\ContentReplaceBehavior [ RunTime:0.000000s ]
INFO: [ template_filter ] --END-- [ RunTime:0.000000s ]
INFO: Run Behavior\ParseTemplateBehavior [ RunTime:0.000000s ]
INFO: [ view_parse ] --END-- [ RunTime:0.000000s ]
INFO: [ view_filter ] --START--
INFO: Run Behavior\WriteHtmlCacheBehavior [ RunTime:0.000000s ]
INFO: [ view_filter ] --END-- [ RunTime:0.000000s ]
INFO: [ app_end ] --START--
INFO: Run Behavior\ShowPageTraceBehavior [ RunTime:0.000000s ]
INFO: [ app_end ] --END-- [ RunTime:0.000000s ]

[ 2016-11-04T15:04:39+08:00 ] 61.50.106.246 /Admin/Index/index.html?s=/Admin/Setting/banner_list
INFO: [ app_init ] --START--
INFO: Run Behavior\BuildLiteBehavior [ RunTime:0.000000s ]
INFO: [ app_init ] --END-- [ RunTime:0.000000s ]
INFO: [ app_begin ] --START--
INFO: Run Behavior\ReadHtmlCacheBehavior [ RunTime:0.000000s ]
INFO: [ app_begin ] --END-- [ RunTime:0.000000s ]
SQL: SHOW COLUMNS FROM `sd_banner` [ RunTime:0.0000s ]
SQL: SELECT `id`,`sort`,`category`,`th_img_url` FROM `sd_banner` ORDER BY sort desc  [ RunTime:0.0000s ]
INFO: [ view_parse ] --START--
INFO: [ template_filter ] --START--
INFO: Run Behavior\ContentReplaceBehavior [ RunTime:0.000000s ]
INFO: [ template_filter ] --END-- [ RunTime:0.000000s ]
INFO: Run Behavior\ParseTemplateBehavior [ RunTime:0.000000s ]
INFO: [ view_parse ] --END-- [ RunTime:0.000000s ]
INFO: [ view_filter ] --START--
INFO: Run Behavior\WriteHtmlCacheBehavior [ RunTime:0.000000s ]
INFO: [ view_filter ] --END-- [ RunTime:0.000000s ]
INFO: [ app_end ] --START--
INFO: Run Behavior\ShowPageTraceBehavior [ RunTime:0.000000s ]
INFO: [ app_end ] --END-- [ RunTime:0.000000s ]

[ 2016-11-04T15:04:40+08:00 ] 61.50.106.246 /Admin/Index/index.html?s=Admin/Doctor/doctor_dept
INFO: [ app_init ] --START--
INFO: Run Behavior\BuildLiteBehavior [ RunTime:0.000000s ]
INFO: [ app_init ] --END-- [ RunTime:0.000000s ]
INFO: [ app_begin ] --START--
INFO: Run Behavior\ReadHtmlCacheBehavior [ RunTime:0.000000s ]
INFO: [ app_begin ] --END-- [ RunTime:0.000000s ]
SQL: SHOW COLUMNS FROM `sd_doctor_class` [ RunTime:0.0000s ]
SQL: SELECT * FROM `sd_doctor_class`  [ RunTime:0.0000s ]
INFO: [ view_parse ] --START--
INFO: [ template_filter ] --START--
INFO: Run Behavior\ContentReplaceBehavior [ RunTime:0.000000s ]
INFO: [ template_filter ] --END-- [ RunTime:0.000000s ]
INFO: Run Behavior\ParseTemplateBehavior [ RunTime:0.000000s ]
INFO: [ view_parse ] --END-- [ RunTime:0.000000s ]
INFO: [ view_filter ] --START--
INFO: Run Behavior\WriteHtmlCacheBehavior [ RunTime:0.000000s ]
INFO: [ view_filter ] --END-- [ RunTime:0.000000s ]
INFO: [ app_end ] --START--
INFO: Run Behavior\ShowPageTraceBehavior [ RunTime:0.000000s ]
INFO: [ app_end ] --END-- [ RunTime:0.000000s ]

[ 2016-11-04T15:04:42+08:00 ] 61.50.106.246 /Admin/Index/index.html?s=Admin/Setting/class_list
INFO: [ app_init ] --START--
INFO: Run Behavior\BuildLiteBehavior [ RunTime:0.000000s ]
INFO: [ app_init ] --END-- [ RunTime:0.000000s ]
INFO: [ app_begin ] --START--
INFO: Run Behavior\ReadHtmlCacheBehavior [ RunTime:0.000000s ]
INFO: [ app_begin ] --END-- [ RunTime:0.000000s ]
SQL: SHOW COLUMNS FROM `sd_class` [ RunTime:0.0156s ]
SQL: SELECT `id`,`pid`,`class_name`,`sort`,`th_img_url` FROM `sd_class` ORDER BY sort desc  [ RunTime:0.0000s ]
INFO: [ view_parse ] --START--
INFO: [ template_filter ] --START--
INFO: Run Behavior\ContentReplaceBehavior [ RunTime:0.000000s ]
INFO: [ template_filter ] --END-- [ RunTime:0.000000s ]
INFO: Run Behavior\ParseTemplateBehavior [ RunTime:0.000000s ]
INFO: [ view_parse ] --END-- [ RunTime:0.000000s ]
INFO: [ view_filter ] --START--
INFO: Run Behavior\WriteHtmlCacheBehavior [ RunTime:0.000000s ]
INFO: [ view_filter ] --END-- [ RunTime:0.000000s ]
INFO: [ app_end ] --START--
INFO: Run Behavior\ShowPageTraceBehavior [ RunTime:0.000000s ]
INFO: [ app_end ] --END-- [ RunTime:0.000000s ]

[ 2016-11-04T15:06:19+08:00 ] 61.50.106.246 /Admin/Index/index.html?s=Admin/Special/sp_list
INFO: [ app_init ] --START--
INFO: Run Behavior\BuildLiteBehavior [ RunTime:0.000000s ]
INFO: [ app_init ] --END-- [ RunTime:0.000000s ]
INFO: [ app_begin ] --START--
INFO: Run Behavior\ReadHtmlCacheBehavior [ RunTime:0.000000s ]
INFO: [ app_begin ] --END-- [ RunTime:0.000000s ]
SQL: SHOW COLUMNS FROM `sd_spcontent` [ RunTime:0.0781s ]
SQL: SELECT `id`,`sp_id`,`name` FROM `sd_spcontent`  [ RunTime:0.0000s ]
SQL: SHOW COLUMNS FROM `sd_special` [ RunTime:0.0000s ]
SQL: SELECT * FROM `sd_special`  [ RunTime:0.0000s ]
INFO: [ view_parse ] --START--
INFO: [ template_filter ] --START--
INFO: Run Behavior\ContentReplaceBehavior [ RunTime:0.000000s ]
INFO: [ template_filter ] --END-- [ RunTime:0.000000s ]
NOTIC: [8] Undefined index: active C:\www\hyuwap\Application\Runtime\Cache\Admin\b5fec19983b2a3f5e53b6fef77639c5d.php 第 41 行.
NOTIC: [8] Undefined index: active C:\www\hyuwap\Application\Runtime\Cache\Admin\b5fec19983b2a3f5e53b6fef77639c5d.php 第 49 行.
NOTIC: [8] Undefined index: active C:\www\hyuwap\Application\Runtime\Cache\Admin\b5fec19983b2a3f5e53b6fef77639c5d.php 第 41 行.
NOTIC: [8] Undefined index: active C:\www\hyuwap\Application\Runtime\Cache\Admin\b5fec19983b2a3f5e53b6fef77639c5d.php 第 49 行.
NOTIC: [8] Undefined index: active C:\www\hyuwap\Application\Runtime\Cache\Admin\b5fec19983b2a3f5e53b6fef77639c5d.php 第 41 行.
NOTIC: [8] Undefined index: active C:\www\hyuwap\Application\Runtime\Cache\Admin\b5fec19983b2a3f5e53b6fef77639c5d.php 第 49 行.
NOTIC: [8] Undefined index: active C:\www\hyuwap\Application\Runtime\Cache\Admin\b5fec19983b2a3f5e53b6fef77639c5d.php 第 41 行.
NOTIC: [8] Undefined index: active C:\www\hyuwap\Application\Runtime\Cache\Admin\b5fec19983b2a3f5e53b6fef77639c5d.php 第 49 行.
NOTIC: [8] Undefined index: active C:\www\hyuwap\Application\Runtime\Cache\Admin\b5fec19983b2a3f5e53b6fef77639c5d.php 第 41 行.
NOTIC: [8] Undefined index: active C:\www\hyuwap\Application\Runtime\Cache\Admin\b5fec19983b2a3f5e53b6fef77639c5d.php 第 49 行.
NOTIC: [8] Undefined index: active C:\www\hyuwap\Application\Runtime\Cache\Admin\b5fec19983b2a3f5e53b6fef77639c5d.php 第 41 行.
NOTIC: [8] Undefined index: active C:\www\hyuwap\Application\Runtime\Cache\Admin\b5fec19983b2a3f5e53b6fef77639c5d.php 第 49 行.
NOTIC: [8] Undefined index: active C:\www\hyuwap\Application\Runtime\Cache\Admin\b5fec19983b2a3f5e53b6fef77639c5d.php 第 41 行.
NOTIC: [8] Undefined index: active C:\www\hyuwap\Application\Runtime\Cache\Admin\b5fec19983b2a3f5e53b6fef77639c5d.php 第 49 行.
NOTIC: [8] Undefined index: active C:\www\hyuwap\Application\Runtime\Cache\Admin\b5fec19983b2a3f5e53b6fef77639c5d.php 第 41 行.
NOTIC: [8] Undefined index: active C:\www\hyuwap\Application\Runtime\Cache\Admin\b5fec19983b2a3f5e53b6fef77639c5d.php 第 49 行.
NOTIC: [8] Undefined index: active C:\www\hyuwap\Application\Runtime\Cache\Admin\b5fec19983b2a3f5e53b6fef77639c5d.php 第 41 行.
NOTIC: [8] Undefined index: active C:\www\hyuwap\Application\Runtime\Cache\Admin\b5fec19983b2a3f5e53b6fef77639c5d.php 第 49 行.
NOTIC: [8] Undefined index: active C:\www\hyuwap\Application\Runtime\Cache\Admin\b5fec19983b2a3f5e53b6fef77639c5d.php 第 41 行.
NOTIC: [8] Undefined index: active C:\www\hyuwap\Application\Runtime\Cache\Admin\b5fec19983b2a3f5e53b6fef77639c5d.php 第 49 行.
NOTIC: [8] Undefined index: active C:\www\hyuwap\Application\Runtime\Cache\Admin\b5fec19983b2a3f5e53b6fef77639c5d.php 第 41 行.
NOTIC: [8] Undefined index: active C:\www\hyuwap\Application\Runtime\Cache\Admin\b5fec19983b2a3f5e53b6fef77639c5d.php 第 49 行.
NOTIC: [8] Undefined index: active C:\www\hyuwap\Application\Runtime\Cache\Admin\b5fec19983b2a3f5e53b6fef77639c5d.php 第 41 行.
NOTIC: [8] Undefined index: active C:\www\hyuwap\Application\Runtime\Cache\Admin\b5fec19983b2a3f5e53b6fef77639c5d.php 第 49 行.
INFO: Run Behavior\ParseTemplateBehavior [ RunTime:0.015626s ]
INFO: [ view_parse ] --END-- [ RunTime:0.015626s ]
INFO: [ view_filter ] --START--
INFO: Run Behavior\WriteHtmlCacheBehavior [ RunTime:0.000000s ]
INFO: [ view_filter ] --END-- [ RunTime:0.000000s ]
INFO: [ app_end ] --START--
INFO: Run Behavior\ShowPageTraceBehavior [ RunTime:0.000000s ]
INFO: [ app_end ] --END-- [ RunTime:0.000000s ]

[ 2016-11-04T15:06:20+08:00 ] 61.50.106.246 /Admin/Index/index.html?s=Admin/Special/sp_class
INFO: [ app_init ] --START--
INFO: Run Behavior\BuildLiteBehavior [ RunTime:0.000000s ]
INFO: [ app_init ] --END-- [ RunTime:0.000000s ]
INFO: [ app_begin ] --START--
INFO: Run Behavior\ReadHtmlCacheBehavior [ RunTime:0.000000s ]
INFO: [ app_begin ] --END-- [ RunTime:0.000000s ]
SQL: SHOW COLUMNS FROM `sd_special` [ RunTime:0.0000s ]
SQL: SELECT * FROM `sd_special` WHERE `active` = 1  [ RunTime:0.0000s ]
INFO: [ view_parse ] --START--
INFO: [ template_filter ] --START--
INFO: Run Behavior\ContentReplaceBehavior [ RunTime:0.000000s ]
INFO: [ template_filter ] --END-- [ RunTime:0.000000s ]
NOTIC: [8] Undefined index: sort C:\www\hyuwap\Application\Runtime\Cache\Admin\22776075d00b78ba1a4fce7f76144dc5.php 第 39 行.
NOTIC: [8] Undefined index: sort C:\www\hyuwap\Application\Runtime\Cache\Admin\22776075d00b78ba1a4fce7f76144dc5.php 第 39 行.
NOTIC: [8] Undefined index: sort C:\www\hyuwap\Application\Runtime\Cache\Admin\22776075d00b78ba1a4fce7f76144dc5.php 第 39 行.
NOTIC: [8] Undefined index: sort C:\www\hyuwap\Application\Runtime\Cache\Admin\22776075d00b78ba1a4fce7f76144dc5.php 第 39 行.
NOTIC: [8] Undefined index: sort C:\www\hyuwap\Application\Runtime\Cache\Admin\22776075d00b78ba1a4fce7f76144dc5.php 第 39 行.
NOTIC: [8] Undefined index: sort C:\www\hyuwap\Application\Runtime\Cache\Admin\22776075d00b78ba1a4fce7f76144dc5.php 第 39 行.
NOTIC: [8] Undefined index: sort C:\www\hyuwap\Application\Runtime\Cache\Admin\22776075d00b78ba1a4fce7f76144dc5.php 第 39 行.
NOTIC: [8] Undefined index: sort C:\www\hyuwap\Application\Runtime\Cache\Admin\22776075d00b78ba1a4fce7f76144dc5.php 第 39 行.
NOTIC: [8] Undefined index: sort C:\www\hyuwap\Application\Runtime\Cache\Admin\22776075d00b78ba1a4fce7f76144dc5.php 第 39 行.
NOTIC: [8] Undefined index: sort C:\www\hyuwap\Application\Runtime\Cache\Admin\22776075d00b78ba1a4fce7f76144dc5.php 第 39 行.
NOTIC: [8] Undefined index: sort C:\www\hyuwap\Application\Runtime\Cache\Admin\22776075d00b78ba1a4fce7f76144dc5.php 第 39 行.
NOTIC: [8] Undefined index: sort C:\www\hyuwap\Application\Runtime\Cache\Admin\22776075d00b78ba1a4fce7f76144dc5.php 第 39 行.
INFO: Run Behavior\ParseTemplateBehavior [ RunTime:0.015625s ]
INFO: [ view_parse ] --END-- [ RunTime:0.015625s ]
INFO: [ view_filter ] --START--
INFO: Run Behavior\WriteHtmlCacheBehavior [ RunTime:0.000000s ]
INFO: [ view_filter ] --END-- [ RunTime:0.000000s ]
INFO: [ app_end ] --START--
INFO: Run Behavior\ShowPageTraceBehavior [ RunTime:0.000000s ]
INFO: [ app_end ] --END-- [ RunTime:0.000000s ]

[ 2016-11-04T15:06:21+08:00 ] 61.50.106.246 /Admin/Index/index.html?s=Admin/User/index
INFO: [ app_init ] --START--
INFO: Run Behavior\BuildLiteBehavior [ RunTime:0.000000s ]
INFO: [ app_init ] --END-- [ RunTime:0.000000s ]
INFO: [ app_begin ] --START--
INFO: Run Behavior\ReadHtmlCacheBehavior [ RunTime:0.000000s ]
INFO: [ app_begin ] --END-- [ RunTime:0.000000s ]
SQL: SHOW COLUMNS FROM `sd_users` [ RunTime:0.0156s ]
SQL: SELECT u.uid,u.role_id,u.username,u.status,r.id,r.name FROM sd_users u INNER JOIN sd_role as r on u.uid=r.id  WHERE ( 2>1 )  [ RunTime:0.0000s ]
INFO: [ view_parse ] --START--
INFO: [ template_filter ] --START--
INFO: Run Behavior\ContentReplaceBehavior [ RunTime:0.000000s ]
INFO: [ template_filter ] --END-- [ RunTime:0.000000s ]
NOTIC: [8] Undefined variable: roles C:\www\hyuwap\Application\Runtime\Cache\Admin\65e605872ed5d34210f5b33beb13f5a3.php 第 38 行.
NOTIC: [8] Use of undefined constant hlbs - assumed 'hlbs' C:\www\hyuwap\Application\Runtime\Cache\Admin\65e605872ed5d34210f5b33beb13f5a3.php 第 55 行.
NOTIC: [8] Undefined variable: page C:\www\hyuwap\Application\Runtime\Cache\Admin\65e605872ed5d34210f5b33beb13f5a3.php 第 75 行.
NOTIC: [8] Undefined variable: pageUrl C:\www\hyuwap\Application\Runtime\Cache\Admin\65e605872ed5d34210f5b33beb13f5a3.php 第 79 行.
INFO: Run Behavior\ParseTemplateBehavior [ RunTime:0.000000s ]
INFO: [ view_parse ] --END-- [ RunTime:0.000000s ]
INFO: [ view_filter ] --START--
INFO: Run Behavior\WriteHtmlCacheBehavior [ RunTime:0.000000s ]
INFO: [ view_filter ] --END-- [ RunTime:0.000000s ]
INFO: [ app_end ] --START--
INFO: Run Behavior\ShowPageTraceBehavior [ RunTime:0.000000s ]
INFO: [ app_end ] --END-- [ RunTime:0.000000s ]

[ 2016-11-04T15:06:23+08:00 ] 61.50.106.246 /Admin/Index/index.html?s=Admin/Role/index
INFO: [ app_init ] --START--
INFO: Run Behavior\BuildLiteBehavior [ RunTime:0.000000s ]
INFO: [ app_init ] --END-- [ RunTime:0.000000s ]
INFO: [ app_begin ] --START--
INFO: Run Behavior\ReadHtmlCacheBehavior [ RunTime:0.000000s ]
INFO: [ app_begin ] --END-- [ RunTime:0.000000s ]
SQL: SHOW COLUMNS FROM `sd_role` [ RunTime:0.0156s ]
SQL: SELECT * FROM `sd_role` ORDER BY sort DESC  [ RunTime:0.0000s ]
SQL: SHOW COLUMNS FROM `sd_users` [ RunTime:0.0000s ]
SQL: SELECT COUNT(*) AS tp_count FROM `sd_users` LIMIT 1   [ RunTime:0.0000s ]
INFO: [ view_parse ] --START--
INFO: [ template_filter ] --START--
INFO: Run Behavior\ContentReplaceBehavior [ RunTime:0.000000s ]
INFO: [ template_filter ] --END-- [ RunTime:0.000000s ]
INFO: Run Behavior\ParseTemplateBehavior [ RunTime:0.015626s ]
INFO: [ view_parse ] --END-- [ RunTime:0.015626s ]
INFO: [ view_filter ] --START--
INFO: Run Behavior\WriteHtmlCacheBehavior [ RunTime:0.000000s ]
INFO: [ view_filter ] --END-- [ RunTime:0.000000s ]
INFO: [ app_end ] --START--
INFO: Run Behavior\ShowPageTraceBehavior [ RunTime:0.000000s ]
INFO: [ app_end ] --END-- [ RunTime:0.000000s ]

[ 2016-11-04T15:06:25+08:00 ] 61.50.106.246 /Admin/Index/index.html?s=Admin/Setting/content_list
INFO: [ app_init ] --START--
INFO: Run Behavior\BuildLiteBehavior [ RunTime:0.000000s ]
INFO: [ app_init ] --END-- [ RunTime:0.000000s ]
INFO: [ app_begin ] --START--
INFO: Run Behavior\ReadHtmlCacheBehavior [ RunTime:0.000000s ]
INFO: [ app_begin ] --END-- [ RunTime:0.000000s ]
SQL: SHOW COLUMNS FROM `sd_content` [ RunTime:0.0000s ]
SQL: SELECT COUNT(*) AS tp_count FROM `sd_content` LIMIT 1   [ RunTime:0.0000s ]
SQL: SELECT c.id as con_id,c.cid,c.title,c.createtime,a.id,a.class_name FROM sd_content c INNER JOIN sd_class as a on c.cid=a.id  LIMIT 0,20   [ RunTime:0.0000s ]
INFO: [ view_parse ] --START--
INFO: [ template_filter ] --START--
INFO: Run Behavior\ContentReplaceBehavior [ RunTime:0.000000s ]
INFO: [ template_filter ] --END-- [ RunTime:0.000000s ]
INFO: Run Behavior\ParseTemplateBehavior [ RunTime:0.015626s ]
INFO: [ view_parse ] --END-- [ RunTime:0.015626s ]
INFO: [ view_filter ] --START--
INFO: Run Behavior\WriteHtmlCacheBehavior [ RunTime:0.000000s ]
INFO: [ view_filter ] --END-- [ RunTime:0.000000s ]
INFO: [ app_end ] --START--
INFO: Run Behavior\ShowPageTraceBehavior [ RunTime:0.000000s ]
INFO: [ app_end ] --END-- [ RunTime:0.000000s ]

[ 2016-11-04T15:06:27+08:00 ] 61.50.106.246 /Admin/Index/index.html?s=Admin/Setting/class_list
INFO: [ app_init ] --START--
INFO: Run Behavior\BuildLiteBehavior [ RunTime:0.000000s ]
INFO: [ app_init ] --END-- [ RunTime:0.015625s ]
INFO: [ app_begin ] --START--
INFO: Run Behavior\ReadHtmlCacheBehavior [ RunTime:0.000000s ]
INFO: [ app_begin ] --END-- [ RunTime:0.000000s ]
SQL: SHOW COLUMNS FROM `sd_class` [ RunTime:0.0156s ]
SQL: SELECT `id`,`pid`,`class_name`,`sort`,`th_img_url` FROM `sd_class` ORDER BY sort desc  [ RunTime:0.0000s ]
INFO: [ view_parse ] --START--
INFO: [ template_filter ] --START--
INFO: Run Behavior\ContentReplaceBehavior [ RunTime:0.000000s ]
INFO: [ template_filter ] --END-- [ RunTime:0.000000s ]
INFO: Run Behavior\ParseTemplateBehavior [ RunTime:0.000000s ]
INFO: [ view_parse ] --END-- [ RunTime:0.000000s ]
INFO: [ view_filter ] --START--
INFO: Run Behavior\WriteHtmlCacheBehavior [ RunTime:0.000000s ]
INFO: [ view_filter ] --END-- [ RunTime:0.000000s ]
INFO: [ app_end ] --START--
INFO: Run Behavior\ShowPageTraceBehavior [ RunTime:0.000000s ]
INFO: [ app_end ] --END-- [ RunTime:0.000000s ]

[ 2016-11-04T15:06:29+08:00 ] 61.50.106.246 /Admin/Index/index.html?s=Admin/Setting/content_list
INFO: [ app_init ] --START--
INFO: Run Behavior\BuildLiteBehavior [ RunTime:0.000000s ]
INFO: [ app_init ] --END-- [ RunTime:0.000000s ]
INFO: [ app_begin ] --START--
INFO: Run Behavior\ReadHtmlCacheBehavior [ RunTime:0.000000s ]
INFO: [ app_begin ] --END-- [ RunTime:0.000000s ]
SQL: SHOW COLUMNS FROM `sd_content` [ RunTime:0.0000s ]
SQL: SELECT COUNT(*) AS tp_count FROM `sd_content` LIMIT 1   [ RunTime:0.0000s ]
SQL: SELECT c.id as con_id,c.cid,c.title,c.createtime,a.id,a.class_name FROM sd_content c INNER JOIN sd_class as a on c.cid=a.id  LIMIT 0,20   [ RunTime:0.0000s ]
INFO: [ view_parse ] --START--
INFO: [ template_filter ] --START--
INFO: Run Behavior\ContentReplaceBehavior [ RunTime:0.000000s ]
INFO: [ template_filter ] --END-- [ RunTime:0.000000s ]
INFO: Run Behavior\ParseTemplateBehavior [ RunTime:0.015625s ]
INFO: [ view_parse ] --END-- [ RunTime:0.015625s ]
INFO: [ view_filter ] --START--
INFO: Run Behavior\WriteHtmlCacheBehavior [ RunTime:0.000000s ]
INFO: [ view_filter ] --END-- [ RunTime:0.000000s ]
INFO: [ app_end ] --START--
INFO: Run Behavior\ShowPageTraceBehavior [ RunTime:0.000000s ]
INFO: [ app_end ] --END-- [ RunTime:0.000000s ]

[ 2016-11-04T15:06:30+08:00 ] 61.50.106.246 /Admin/Setting/content_list/p/2.html
INFO: [ app_init ] --START--
INFO: Run Behavior\BuildLiteBehavior [ RunTime:0.000000s ]
INFO: [ app_init ] --END-- [ RunTime:0.000000s ]
INFO: [ app_begin ] --START--
INFO: Run Behavior\ReadHtmlCacheBehavior [ RunTime:0.000000s ]
INFO: [ app_begin ] --END-- [ RunTime:0.000000s ]
SQL: SHOW COLUMNS FROM `sd_content` [ RunTime:0.0000s ]
SQL: SELECT COUNT(*) AS tp_count FROM `sd_content` LIMIT 1   [ RunTime:0.0000s ]
SQL: SELECT c.id as con_id,c.cid,c.title,c.createtime,a.id,a.class_name FROM sd_content c INNER JOIN sd_class as a on c.cid=a.id  LIMIT 20,20   [ RunTime:0.0000s ]
INFO: [ view_parse ] --START--
INFO: [ template_filter ] --START--
INFO: Run Behavior\ContentReplaceBehavior [ RunTime:0.000000s ]
INFO: [ template_filter ] --END-- [ RunTime:0.000000s ]
INFO: Run Behavior\ParseTemplateBehavior [ RunTime:0.000000s ]
INFO: [ view_parse ] --END-- [ RunTime:0.000000s ]
INFO: [ view_filter ] --START--
INFO: Run Behavior\WriteHtmlCacheBehavior [ RunTime:0.000000s ]
INFO: [ view_filter ] --END-- [ RunTime:0.000000s ]
INFO: [ app_end ] --START--
INFO: Run Behavior\ShowPageTraceBehavior [ RunTime:0.015625s ]
INFO: [ app_end ] --END-- [ RunTime:0.015625s ]

[ 2016-11-04T15:06:31+08:00 ] 61.50.106.246 /Admin/Setting/content_list/p/3.html
INFO: [ app_init ] --START--
INFO: Run Behavior\BuildLiteBehavior [ RunTime:0.000000s ]
INFO: [ app_init ] --END-- [ RunTime:0.000000s ]
INFO: [ app_begin ] --START--
INFO: Run Behavior\ReadHtmlCacheBehavior [ RunTime:0.000000s ]
INFO: [ app_begin ] --END-- [ RunTime:0.000000s ]
SQL: SHOW COLUMNS FROM `sd_content` [ RunTime:0.0156s ]
SQL: SELECT COUNT(*) AS tp_count FROM `sd_content` LIMIT 1   [ RunTime:0.0000s ]
SQL: SELECT c.id as con_id,c.cid,c.title,c.createtime,a.id,a.class_name FROM sd_content c INNER JOIN sd_class as a on c.cid=a.id  LIMIT 40,20   [ RunTime:0.0000s ]
INFO: [ view_parse ] --START--
INFO: [ template_filter ] --START--
INFO: Run Behavior\ContentReplaceBehavior [ RunTime:0.000000s ]
INFO: [ template_filter ] --END-- [ RunTime:0.000000s ]
INFO: Run Behavior\ParseTemplateBehavior [ RunTime:0.000000s ]
INFO: [ view_parse ] --END-- [ RunTime:0.000000s ]
INFO: [ view_filter ] --START--
INFO: Run Behavior\WriteHtmlCacheBehavior [ RunTime:0.000000s ]
INFO: [ view_filter ] --END-- [ RunTime:0.000000s ]
INFO: [ app_end ] --START--
INFO: Run Behavior\ShowPageTraceBehavior [ RunTime:0.000000s ]
INFO: [ app_end ] --END-- [ RunTime:0.000000s ]

[ 2016-11-04T15:06:33+08:00 ] 61.50.106.246 /Admin/Setting/content_list/p/1.html
INFO: [ app_init ] --START--
INFO: Run Behavior\BuildLiteBehavior [ RunTime:0.000000s ]
INFO: [ app_init ] --END-- [ RunTime:0.000000s ]
INFO: [ app_begin ] --START--
INFO: Run Behavior\ReadHtmlCacheBehavior [ RunTime:0.000000s ]
INFO: [ app_begin ] --END-- [ RunTime:0.000000s ]
SQL: SHOW COLUMNS FROM `sd_content` [ RunTime:0.0000s ]
SQL: SELECT COUNT(*) AS tp_count FROM `sd_content` LIMIT 1   [ RunTime:0.0000s ]
SQL: SELECT c.id as con_id,c.cid,c.title,c.createtime,a.id,a.class_name FROM sd_content c INNER JOIN sd_class as a on c.cid=a.id  LIMIT 0,20   [ RunTime:0.0000s ]
INFO: [ view_parse ] --START--
INFO: [ template_filter ] --START--
INFO: Run Behavior\ContentReplaceBehavior [ RunTime:0.000000s ]
INFO: [ template_filter ] --END-- [ RunTime:0.000000s ]
INFO: Run Behavior\ParseTemplateBehavior [ RunTime:0.015625s ]
INFO: [ view_parse ] --END-- [ RunTime:0.015625s ]
INFO: [ view_filter ] --START--
INFO: Run Behavior\WriteHtmlCacheBehavior [ RunTime:0.000000s ]
INFO: [ view_filter ] --END-- [ RunTime:0.000000s ]
INFO: [ app_end ] --START--
INFO: Run Behavior\ShowPageTraceBehavior [ RunTime:0.000000s ]
INFO: [ app_end ] --END-- [ RunTime:0.000000s ]

[ 2016-11-04T15:06:37+08:00 ] 61.50.106.246 /Admin/Index/index.html?s=/Admin/Setting/banner_list
INFO: [ app_init ] --START--
INFO: Run Behavior\BuildLiteBehavior [ RunTime:0.000000s ]
INFO: [ app_init ] --END-- [ RunTime:0.000000s ]
INFO: [ app_begin ] --START--
INFO: Run Behavior\ReadHtmlCacheBehavior [ RunTime:0.000000s ]
INFO: [ app_begin ] --END-- [ RunTime:0.000000s ]
SQL: SHOW COLUMNS FROM `sd_banner` [ RunTime:0.0000s ]
SQL: SELECT `id`,`sort`,`category`,`th_img_url` FROM `sd_banner` ORDER BY sort desc  [ RunTime:0.0000s ]
INFO: [ view_parse ] --START--
INFO: [ template_filter ] --START--
INFO: Run Behavior\ContentReplaceBehavior [ RunTime:0.000000s ]
INFO: [ template_filter ] --END-- [ RunTime:0.000000s ]
INFO: Run Behavior\ParseTemplateBehavior [ RunTime:0.015625s ]
INFO: [ view_parse ] --END-- [ RunTime:0.015625s ]
INFO: [ view_filter ] --START--
INFO: Run Behavior\WriteHtmlCacheBehavior [ RunTime:0.000000s ]
INFO: [ view_filter ] --END-- [ RunTime:0.000000s ]
INFO: [ app_end ] --START--
INFO: Run Behavior\ShowPageTraceBehavior [ RunTime:0.000000s ]
INFO: [ app_end ] --END-- [ RunTime:0.000000s ]

[ 2016-11-04T17:15:03+08:00 ] 61.50.106.246 /Admin/Index/left/id/85.html?id=340
INFO: [ app_init ] --START--
INFO: Run Behavior\BuildLiteBehavior [ RunTime:0.000000s ]
INFO: [ app_init ] --END-- [ RunTime:0.000000s ]
INFO: [ app_begin ] --START--
INFO: Run Behavior\ReadHtmlCacheBehavior [ RunTime:0.000000s ]
INFO: [ app_begin ] --END-- [ RunTime:0.000000s ]
SQL: SHOW COLUMNS FROM `sd_node` [ RunTime:0.0313s ]
SQL: SELECT `id`,`data`,`title`
                FROM `sd_node`
                WHERE ( `status` =1 AND `display`=2 AND `pid`=340)
                ORDER BY sort DESC [ RunTime:0.0000s ]
SQL: SELECT `title` FROM `sd_node` WHERE `id` = 340 LIMIT 1   [ RunTime:0.0000s ]
SQL: SELECT `id`,`data`,`title`
                FROM `sd_node`
                WHERE ( `status` =1 AND `display`=2 AND `pid`=341)
                ORDER BY sort DESC [ RunTime:0.0000s ]
NOTIC: [8] Use of undefined constant title - assumed 'title' C:\www\hyuwap\Application\Admin\Controller\IndexController.class.php 第 74 行.
NOTIC: [8] Use of undefined constant title - assumed 'title' C:\www\hyuwap\Application\Admin\Controller\IndexController.class.php 第 87 行.
SQL: SELECT `id`,`data`,`title`
                FROM `sd_node`
                WHERE ( `status` =1 AND `display`=2 AND `pid`=367)
                ORDER BY sort DESC [ RunTime:0.0000s ]
NOTIC: [8] Use of undefined constant title - assumed 'title' C:\www\hyuwap\Application\Admin\Controller\IndexController.class.php 第 74 行.
NOTIC: [8] Use of undefined constant title - assumed 'title' C:\www\hyuwap\Application\Admin\Controller\IndexController.class.php 第 87 行.
SQL: SELECT `id`,`data`,`title`
                FROM `sd_node`
                WHERE ( `status` =1 AND `display`=2 AND `pid`=361)
                ORDER BY sort DESC [ RunTime:0.0000s ]
NOTIC: [8] Use of undefined constant title - assumed 'title' C:\www\hyuwap\Application\Admin\Controller\IndexController.class.php 第 74 行.
NOTIC: [8] Use of undefined constant title - assumed 'title' C:\www\hyuwap\Application\Admin\Controller\IndexController.class.php 第 87 行.
NOTIC: [8] Use of undefined constant title - assumed 'title' C:\www\hyuwap\Application\Admin\Controller\IndexController.class.php 第 87 行.
SQL: SELECT `id`,`data`,`title`
                FROM `sd_node`
                WHERE ( `status` =1 AND `display`=2 AND `pid`=363)
                ORDER BY sort DESC [ RunTime:0.0000s ]
NOTIC: [8] Use of undefined constant title - assumed 'title' C:\www\hyuwap\Application\Admin\Controller\IndexController.class.php 第 74 行.
NOTIC: [8] Use of undefined constant title - assumed 'title' C:\www\hyuwap\Application\Admin\Controller\IndexController.class.php 第 87 行.
NOTIC: [8] Use of undefined constant title - assumed 'title' C:\www\hyuwap\Application\Admin\Controller\IndexController.class.php 第 87 行.
SQL: SELECT `id`,`data`,`title`
                FROM `sd_node`
                WHERE ( `status` =1 AND `display`=2 AND `pid`=369)
                ORDER BY sort DESC [ RunTime:0.0000s ]
NOTIC: [8] Use of undefined constant title - assumed 'title' C:\www\hyuwap\Application\Admin\Controller\IndexController.class.php 第 74 行.
NOTIC: [8] Use of undefined constant title - assumed 'title' C:\www\hyuwap\Application\Admin\Controller\IndexController.class.php 第 87 行.
SQL: SELECT `id`,`data`,`title`
                FROM `sd_node`
                WHERE ( `status` =1 AND `display`=2 AND `pid`=371)
                ORDER BY sort DESC [ RunTime:0.0000s ]
NOTIC: [8] Use of undefined constant title - assumed 'title' C:\www\hyuwap\Application\Admin\Controller\IndexController.class.php 第 74 行.
NOTIC: [8] Use of undefined constant title - assumed 'title' C:\www\hyuwap\Application\Admin\Controller\IndexController.class.php 第 87 行.
NOTIC: [8] Use of undefined constant title - assumed 'title' C:\www\hyuwap\Application\Admin\Controller\IndexController.class.php 第 87 行.
SQL: SELECT `id`,`data`,`title`
                FROM `sd_node`
                WHERE ( `status` =1 AND `display`=2 AND `pid`=377)
                ORDER BY sort DESC [ RunTime:0.0000s ]
NOTIC: [8] Use of undefined constant title - assumed 'title' C:\www\hyuwap\Application\Admin\Controller\IndexController.class.php 第 74 行.
NOTIC: [8] Use of undefined constant title - assumed 'title' C:\www\hyuwap\Application\Admin\Controller\IndexController.class.php 第 87 行.
SQL: SELECT `id`,`data`,`title`
                FROM `sd_node`
                WHERE ( `status` =1 AND `display`=2 AND `pid`=378)
                ORDER BY sort DESC [ RunTime:0.0000s ]
NOTIC: [8] Use of undefined constant title - assumed 'title' C:\www\hyuwap\Application\Admin\Controller\IndexController.class.php 第 74 行.
NOTIC: [8] Use of undefined constant title - assumed 'title' C:\www\hyuwap\Application\Admin\Controller\IndexController.class.php 第 87 行.
INFO: [ view_parse ] --START--
INFO: [ template_filter ] --START--
INFO: Run Behavior\ContentReplaceBehavior [ RunTime:0.000000s ]
INFO: [ template_filter ] --END-- [ RunTime:0.000000s ]
INFO: Run Behavior\ParseTemplateBehavior [ RunTime:0.015626s ]
INFO: [ view_parse ] --END-- [ RunTime:0.015626s ]
INFO: [ view_filter ] --START--
INFO: Run Behavior\WriteHtmlCacheBehavior [ RunTime:0.000000s ]
INFO: [ view_filter ] --END-- [ RunTime:0.000000s ]
INFO: [ app_end ] --START--
INFO: Run Behavior\ShowPageTraceBehavior [ RunTime:0.000000s ]
INFO: [ app_end ] --END-- [ RunTime:0.000000s ]

[ 2016-11-04T17:15:03+08:00 ] 61.50.106.246 /Admin/Index/index.html?s=/Admin/Setting/banner_list
INFO: [ app_init ] --START--
INFO: Run Behavior\BuildLiteBehavior [ RunTime:0.000000s ]
INFO: [ app_init ] --END-- [ RunTime:0.000000s ]
INFO: [ app_begin ] --START--
INFO: Run Behavior\ReadHtmlCacheBehavior [ RunTime:0.000000s ]
INFO: [ app_begin ] --END-- [ RunTime:0.000000s ]
SQL: SHOW COLUMNS FROM `sd_banner` [ RunTime:0.0000s ]
SQL: SELECT `id`,`sort`,`category`,`th_img_url` FROM `sd_banner` ORDER BY sort desc  [ RunTime:0.0000s ]
INFO: [ view_parse ] --START--
INFO: [ template_filter ] --START--
INFO: Run Behavior\ContentReplaceBehavior [ RunTime:0.000000s ]
INFO: [ template_filter ] --END-- [ RunTime:0.000000s ]
INFO: Run Behavior\ParseTemplateBehavior [ RunTime:0.000000s ]
INFO: [ view_parse ] --END-- [ RunTime:0.000000s ]
INFO: [ view_filter ] --START--
INFO: Run Behavior\WriteHtmlCacheBehavior [ RunTime:0.000000s ]
INFO: [ view_filter ] --END-- [ RunTime:0.000000s ]
INFO: [ app_end ] --START--
INFO: Run Behavior\ShowPageTraceBehavior [ RunTime:0.000000s ]
INFO: [ app_end ] --END-- [ RunTime:0.000000s ]

[ 2016-11-04T17:15:03+08:00 ] 61.50.106.246 /Admin/Index/left/id/85.html?id=151
INFO: [ app_init ] --START--
INFO: Run Behavior\BuildLiteBehavior [ RunTime:0.000000s ]
INFO: [ app_init ] --END-- [ RunTime:0.000000s ]
INFO: [ app_begin ] --START--
INFO: Run Behavior\ReadHtmlCacheBehavior [ RunTime:0.000000s ]
INFO: [ app_begin ] --END-- [ RunTime:0.000000s ]
SQL: SHOW COLUMNS FROM `sd_node` [ RunTime:0.0000s ]
SQL: SELECT `id`,`data`,`title`
                FROM `sd_node`
                WHERE ( `status` =1 AND `display`=2 AND `pid`=151)
                ORDER BY sort DESC [ RunTime:0.0156s ]
SQL: SELECT `title` FROM `sd_node` WHERE `id` = 151 LIMIT 1   [ RunTime:0.0000s ]
SQL: SELECT `id`,`data`,`title`
                FROM `sd_node`
                WHERE ( `status` =1 AND `display`=2 AND `pid`=152)
                ORDER BY sort DESC [ RunTime:0.0000s ]
NOTIC: [8] Use of undefined constant title - assumed 'title' C:\www\hyuwap\Application\Admin\Controller\IndexController.class.php 第 74 行.
NOTIC: [8] Use of undefined constant title - assumed 'title' C:\www\hyuwap\Application\Admin\Controller\IndexController.class.php 第 87 行.
INFO: [ view_parse ] --START--
INFO: [ template_filter ] --START--
INFO: Run Behavior\ContentReplaceBehavior [ RunTime:0.000000s ]
INFO: [ template_filter ] --END-- [ RunTime:0.000000s ]
INFO: Run Behavior\ParseTemplateBehavior [ RunTime:0.000000s ]
INFO: [ view_parse ] --END-- [ RunTime:0.000000s ]
INFO: [ view_filter ] --START--
INFO: Run Behavior\WriteHtmlCacheBehavior [ RunTime:0.000000s ]
INFO: [ view_filter ] --END-- [ RunTime:0.000000s ]
INFO: [ app_end ] --START--
INFO: Run Behavior\ShowPageTraceBehavior [ RunTime:0.000000s ]
INFO: [ app_end ] --END-- [ RunTime:0.000000s ]

[ 2016-11-04T17:15:04+08:00 ] 61.50.106.246 /Admin/Index/index.html?s=/Admin/User/index
INFO: [ app_init ] --START--
INFO: Run Behavior\BuildLiteBehavior [ RunTime:0.000000s ]
INFO: [ app_init ] --END-- [ RunTime:0.000000s ]
INFO: [ app_begin ] --START--
INFO: Run Behavior\ReadHtmlCacheBehavior [ RunTime:0.000000s ]
INFO: [ app_begin ] --END-- [ RunTime:0.000000s ]
SQL: SHOW COLUMNS FROM `sd_users` [ RunTime:0.0000s ]
SQL: SELECT u.uid,u.role_id,u.username,u.status,r.id,r.name FROM sd_users u INNER JOIN sd_role as r on u.uid=r.id  WHERE ( 2>1 )  [ RunTime:0.0000s ]
INFO: [ view_parse ] --START--
INFO: [ template_filter ] --START--
INFO: Run Behavior\ContentReplaceBehavior [ RunTime:0.000000s ]
INFO: [ template_filter ] --END-- [ RunTime:0.000000s ]
NOTIC: [8] Undefined variable: roles C:\www\hyuwap\Application\Runtime\Cache\Admin\65e605872ed5d34210f5b33beb13f5a3.php 第 38 行.
NOTIC: [8] Use of undefined constant hlbs - assumed 'hlbs' C:\www\hyuwap\Application\Runtime\Cache\Admin\65e605872ed5d34210f5b33beb13f5a3.php 第 55 行.
NOTIC: [8] Undefined variable: page C:\www\hyuwap\Application\Runtime\Cache\Admin\65e605872ed5d34210f5b33beb13f5a3.php 第 75 行.
NOTIC: [8] Undefined variable: pageUrl C:\www\hyuwap\Application\Runtime\Cache\Admin\65e605872ed5d34210f5b33beb13f5a3.php 第 79 行.
INFO: Run Behavior\ParseTemplateBehavior [ RunTime:0.000000s ]
INFO: [ view_parse ] --END-- [ RunTime:0.000000s ]
INFO: [ view_filter ] --START--
INFO: Run Behavior\WriteHtmlCacheBehavior [ RunTime:0.000000s ]
INFO: [ view_filter ] --END-- [ RunTime:0.000000s ]
INFO: [ app_end ] --START--
INFO: Run Behavior\ShowPageTraceBehavior [ RunTime:0.000000s ]
INFO: [ app_end ] --END-- [ RunTime:0.000000s ]

[ 2016-11-04T17:15:05+08:00 ] 61.50.106.246 /Admin/Index/left/id/85.html?id=70
INFO: [ app_init ] --START--
INFO: Run Behavior\BuildLiteBehavior [ RunTime:0.000000s ]
INFO: [ app_init ] --END-- [ RunTime:0.000000s ]
INFO: [ app_begin ] --START--
INFO: Run Behavior\ReadHtmlCacheBehavior [ RunTime:0.000000s ]
INFO: [ app_begin ] --END-- [ RunTime:0.000000s ]
SQL: SHOW COLUMNS FROM `sd_node` [ RunTime:0.0000s ]
SQL: SELECT `id`,`data`,`title`
                FROM `sd_node`
                WHERE ( `status` =1 AND `display`=2 AND `pid`=70)
                ORDER BY sort DESC [ RunTime:0.0000s ]
SQL: SELECT `title` FROM `sd_node` WHERE `id` = 70 LIMIT 1   [ RunTime:0.0000s ]
SQL: SELECT `id`,`data`,`title`
                FROM `sd_node`
                WHERE ( `status` =1 AND `display`=2 AND `pid`=71)
                ORDER BY sort DESC [ RunTime:0.0000s ]
NOTIC: [8] Use of undefined constant title - assumed 'title' C:\www\hyuwap\Application\Admin\Controller\IndexController.class.php 第 74 行.
NOTIC: [8] Use of undefined constant title - assumed 'title' C:\www\hyuwap\Application\Admin\Controller\IndexController.class.php 第 87 行.
INFO: [ view_parse ] --START--
INFO: [ template_filter ] --START--
INFO: Run Behavior\ContentReplaceBehavior [ RunTime:0.000000s ]
INFO: [ template_filter ] --END-- [ RunTime:0.000000s ]
INFO: Run Behavior\ParseTemplateBehavior [ RunTime:0.000000s ]
INFO: [ view_parse ] --END-- [ RunTime:0.000000s ]
INFO: [ view_filter ] --START--
INFO: Run Behavior\WriteHtmlCacheBehavior [ RunTime:0.000000s ]
INFO: [ view_filter ] --END-- [ RunTime:0.000000s ]
INFO: [ app_end ] --START--
INFO: Run Behavior\ShowPageTraceBehavior [ RunTime:0.000000s ]
INFO: [ app_end ] --END-- [ RunTime:0.000000s ]

[ 2016-11-04T17:15:05+08:00 ] 61.50.106.246 /Admin/Index/index.html?s=/Admin/Node/index
INFO: [ app_init ] --START--
INFO: Run Behavior\BuildLiteBehavior [ RunTime:0.000000s ]
INFO: [ app_init ] --END-- [ RunTime:0.015625s ]
INFO: [ app_begin ] --START--
INFO: Run Behavior\ReadHtmlCacheBehavior [ RunTime:0.000000s ]
INFO: [ app_begin ] --END-- [ RunTime:0.000000s ]
SQL: SHOW COLUMNS FROM `sd_node` [ RunTime:0.0000s ]
SQL: SELECT * FROM `sd_node` ORDER BY sort DESC  [ RunTime:0.0000s ]
INFO: [ view_parse ] --START--
INFO: [ template_filter ] --START--
INFO: Run Behavior\ContentReplaceBehavior [ RunTime:0.000000s ]
INFO: [ template_filter ] --END-- [ RunTime:0.000000s ]
INFO: Run Behavior\ParseTemplateBehavior [ RunTime:0.000000s ]
INFO: [ view_parse ] --END-- [ RunTime:0.000000s ]
INFO: [ view_filter ] --START--
INFO: Run Behavior\WriteHtmlCacheBehavior [ RunTime:0.000000s ]
INFO: [ view_filter ] --END-- [ RunTime:0.000000s ]
INFO: [ app_end ] --START--
INFO: Run Behavior\ShowPageTraceBehavior [ RunTime:0.000000s ]
INFO: [ app_end ] --END-- [ RunTime:0.000000s ]

[ 2016-11-04T17:15:07+08:00 ] 61.50.106.246 /Admin/Index/left/id/85.html?id=171
INFO: [ app_init ] --START--
INFO: Run Behavior\BuildLiteBehavior [ RunTime:0.000000s ]
INFO: [ app_init ] --END-- [ RunTime:0.000000s ]
INFO: [ app_begin ] --START--
INFO: Run Behavior\ReadHtmlCacheBehavior [ RunTime:0.000000s ]
INFO: [ app_begin ] --END-- [ RunTime:0.000000s ]
SQL: SHOW COLUMNS FROM `sd_node` [ RunTime:0.0000s ]
SQL: SELECT `id`,`data`,`title`
                FROM `sd_node`
                WHERE ( `status` =1 AND `display`=2 AND `pid`=171)
                ORDER BY sort DESC [ RunTime:0.0000s ]
SQL: SELECT `title` FROM `sd_node` WHERE `id` = 171 LIMIT 1   [ RunTime:0.0000s ]
SQL: SELECT `id`,`data`,`title`
                FROM `sd_node`
                WHERE ( `status` =1 AND `display`=2 AND `pid`=172)
                ORDER BY sort DESC [ RunTime:0.0000s ]
NOTIC: [8] Use of undefined constant title - assumed 'title' C:\www\hyuwap\Application\Admin\Controller\IndexController.class.php 第 74 行.
NOTIC: [8] Use of undefined constant title - assumed 'title' C:\www\hyuwap\Application\Admin\Controller\IndexController.class.php 第 87 行.
INFO: [ view_parse ] --START--
INFO: [ template_filter ] --START--
INFO: Run Behavior\ContentReplaceBehavior [ RunTime:0.000000s ]
INFO: [ template_filter ] --END-- [ RunTime:0.000000s ]
INFO: Run Behavior\ParseTemplateBehavior [ RunTime:0.000000s ]
INFO: [ view_parse ] --END-- [ RunTime:0.000000s ]
INFO: [ view_filter ] --START--
INFO: Run Behavior\WriteHtmlCacheBehavior [ RunTime:0.000000s ]
INFO: [ view_filter ] --END-- [ RunTime:0.000000s ]
INFO: [ app_end ] --START--
INFO: Run Behavior\ShowPageTraceBehavior [ RunTime:0.000000s ]
INFO: [ app_end ] --END-- [ RunTime:0.000000s ]

[ 2016-11-04T17:15:08+08:00 ] 61.50.106.246 /Admin/Index/index.html?s=/Admin/Role/index
INFO: [ app_init ] --START--
INFO: Run Behavior\BuildLiteBehavior [ RunTime:0.000000s ]
INFO: [ app_init ] --END-- [ RunTime:0.000000s ]
INFO: [ app_begin ] --START--
INFO: Run Behavior\ReadHtmlCacheBehavior [ RunTime:0.000000s ]
INFO: [ app_begin ] --END-- [ RunTime:0.000000s ]
SQL: SHOW COLUMNS FROM `sd_role` [ RunTime:0.0000s ]
SQL: SELECT * FROM `sd_role` ORDER BY sort DESC  [ RunTime:0.0000s ]
SQL: SHOW COLUMNS FROM `sd_users` [ RunTime:0.0000s ]
SQL: SELECT COUNT(*) AS tp_count FROM `sd_users` LIMIT 1   [ RunTime:0.0000s ]
INFO: [ view_parse ] --START--
INFO: [ template_filter ] --START--
INFO: Run Behavior\ContentReplaceBehavior [ RunTime:0.000000s ]
INFO: [ template_filter ] --END-- [ RunTime:0.000000s ]
INFO: Run Behavior\ParseTemplateBehavior [ RunTime:0.015626s ]
INFO: [ view_parse ] --END-- [ RunTime:0.015626s ]
INFO: [ view_filter ] --START--
INFO: Run Behavior\WriteHtmlCacheBehavior [ RunTime:0.000000s ]
INFO: [ view_filter ] --END-- [ RunTime:0.000000s ]
INFO: [ app_end ] --START--
INFO: Run Behavior\ShowPageTraceBehavior [ RunTime:0.000000s ]
INFO: [ app_end ] --END-- [ RunTime:0.000000s ]

[ 2016-11-04T17:15:09+08:00 ] 61.50.106.246 /Admin/Index/left/id/85.html?id=340
INFO: [ app_init ] --START--
INFO: Run Behavior\BuildLiteBehavior [ RunTime:0.000000s ]
INFO: [ app_init ] --END-- [ RunTime:0.000000s ]
INFO: [ app_begin ] --START--
INFO: Run Behavior\ReadHtmlCacheBehavior [ RunTime:0.000000s ]
INFO: [ app_begin ] --END-- [ RunTime:0.000000s ]
SQL: SHOW COLUMNS FROM `sd_node` [ RunTime:0.0000s ]
SQL: SELECT `id`,`data`,`title`
                FROM `sd_node`
                WHERE ( `status` =1 AND `display`=2 AND `pid`=340)
                ORDER BY sort DESC [ RunTime:0.0000s ]
SQL: SELECT `title` FROM `sd_node` WHERE `id` = 340 LIMIT 1   [ RunTime:0.0000s ]
SQL: SELECT `id`,`data`,`title`
                FROM `sd_node`
                WHERE ( `status` =1 AND `display`=2 AND `pid`=341)
                ORDER BY sort DESC [ RunTime:0.0000s ]
NOTIC: [8] Use of undefined constant title - assumed 'title' C:\www\hyuwap\Application\Admin\Controller\IndexController.class.php 第 74 行.
NOTIC: [8] Use of undefined constant title - assumed 'title' C:\www\hyuwap\Application\Admin\Controller\IndexController.class.php 第 87 行.
SQL: SELECT `id`,`data`,`title`
                FROM `sd_node`
                WHERE ( `status` =1 AND `display`=2 AND `pid`=367)
                ORDER BY sort DESC [ RunTime:0.0000s ]
NOTIC: [8] Use of undefined constant title - assumed 'title' C:\www\hyuwap\Application\Admin\Controller\IndexController.class.php 第 74 行.
NOTIC: [8] Use of undefined constant title - assumed 'title' C:\www\hyuwap\Application\Admin\Controller\IndexController.class.php 第 87 行.
SQL: SELECT `id`,`data`,`title`
                FROM `sd_node`
                WHERE ( `status` =1 AND `display`=2 AND `pid`=361)
                ORDER BY sort DESC [ RunTime:0.0000s ]
NOTIC: [8] Use of undefined constant title - assumed 'title' C:\www\hyuwap\Application\Admin\Controller\IndexController.class.php 第 74 行.
NOTIC: [8] Use of undefined constant title - assumed 'title' C:\www\hyuwap\Application\Admin\Controller\IndexController.class.php 第 87 行.
NOTIC: [8] Use of undefined constant title - assumed 'title' C:\www\hyuwap\Application\Admin\Controller\IndexController.class.php 第 87 行.
SQL: SELECT `id`,`data`,`title`
                FROM `sd_node`
                WHERE ( `status` =1 AND `display`=2 AND `pid`=363)
                ORDER BY sort DESC [ RunTime:0.0000s ]
NOTIC: [8] Use of undefined constant title - assumed 'title' C:\www\hyuwap\Application\Admin\Controller\IndexController.class.php 第 74 行.
NOTIC: [8] Use of undefined constant title - assumed 'title' C:\www\hyuwap\Application\Admin\Controller\IndexController.class.php 第 87 行.
NOTIC: [8] Use of undefined constant title - assumed 'title' C:\www\hyuwap\Application\Admin\Controller\IndexController.class.php 第 87 行.
SQL: SELECT `id`,`data`,`title`
                FROM `sd_node`
                WHERE ( `status` =1 AND `display`=2 AND `pid`=369)
                ORDER BY sort DESC [ RunTime:0.0000s ]
NOTIC: [8] Use of undefined constant title - assumed 'title' C:\www\hyuwap\Application\Admin\Controller\IndexController.class.php 第 74 行.
NOTIC: [8] Use of undefined constant title - assumed 'title' C:\www\hyuwap\Application\Admin\Controller\IndexController.class.php 第 87 行.
SQL: SELECT `id`,`data`,`title`
                FROM `sd_node`
                WHERE ( `status` =1 AND `display`=2 AND `pid`=371)
                ORDER BY sort DESC [ RunTime:0.0000s ]
NOTIC: [8] Use of undefined constant title - assumed 'title' C:\www\hyuwap\Application\Admin\Controller\IndexController.class.php 第 74 行.
NOTIC: [8] Use of undefined constant title - assumed 'title' C:\www\hyuwap\Application\Admin\Controller\IndexController.class.php 第 87 行.
NOTIC: [8] Use of undefined constant title - assumed 'title' C:\www\hyuwap\Application\Admin\Controller\IndexController.class.php 第 87 行.
SQL: SELECT `id`,`data`,`title`
                FROM `sd_node`
                WHERE ( `status` =1 AND `display`=2 AND `pid`=377)
                ORDER BY sort DESC [ RunTime:0.0000s ]
NOTIC: [8] Use of undefined constant title - assumed 'title' C:\www\hyuwap\Application\Admin\Controller\IndexController.class.php 第 74 行.
NOTIC: [8] Use of undefined constant title - assumed 'title' C:\www\hyuwap\Application\Admin\Controller\IndexController.class.php 第 87 行.
SQL: SELECT `id`,`data`,`title`
                FROM `sd_node`
                WHERE ( `status` =1 AND `display`=2 AND `pid`=378)
                ORDER BY sort DESC [ RunTime:0.0156s ]
NOTIC: [8] Use of undefined constant title - assumed 'title' C:\www\hyuwap\Application\Admin\Controller\IndexController.class.php 第 74 行.
NOTIC: [8] Use of undefined constant title - assumed 'title' C:\www\hyuwap\Application\Admin\Controller\IndexController.class.php 第 87 行.
INFO: [ view_parse ] --START--
INFO: [ template_filter ] --START--
INFO: Run Behavior\ContentReplaceBehavior [ RunTime:0.000000s ]
INFO: [ template_filter ] --END-- [ RunTime:0.000000s ]
INFO: Run Behavior\ParseTemplateBehavior [ RunTime:0.000000s ]
INFO: [ view_parse ] --END-- [ RunTime:0.000000s ]
INFO: [ view_filter ] --START--
INFO: Run Behavior\WriteHtmlCacheBehavior [ RunTime:0.000000s ]
INFO: [ view_filter ] --END-- [ RunTime:0.000000s ]
INFO: [ app_end ] --START--
INFO: Run Behavior\ShowPageTraceBehavior [ RunTime:0.000000s ]
INFO: [ app_end ] --END-- [ RunTime:0.000000s ]

[ 2016-11-04T17:15:09+08:00 ] 61.50.106.246 /Admin/Index/index.html?s=/Admin/Setting/banner_list
INFO: [ app_init ] --START--
INFO: Run Behavior\BuildLiteBehavior [ RunTime:0.000000s ]
INFO: [ app_init ] --END-- [ RunTime:0.000000s ]
INFO: [ app_begin ] --START--
INFO: Run Behavior\ReadHtmlCacheBehavior [ RunTime:0.000000s ]
INFO: [ app_begin ] --END-- [ RunTime:0.000000s ]
SQL: SHOW COLUMNS FROM `sd_banner` [ RunTime:0.0000s ]
SQL: SELECT `id`,`sort`,`category`,`th_img_url` FROM `sd_banner` ORDER BY sort desc  [ RunTime:0.0000s ]
INFO: [ view_parse ] --START--
INFO: [ template_filter ] --START--
INFO: Run Behavior\ContentReplaceBehavior [ RunTime:0.000000s ]
INFO: [ template_filter ] --END-- [ RunTime:0.000000s ]
INFO: Run Behavior\ParseTemplateBehavior [ RunTime:0.000000s ]
INFO: [ view_parse ] --END-- [ RunTime:0.000000s ]
INFO: [ view_filter ] --START--
INFO: Run Behavior\WriteHtmlCacheBehavior [ RunTime:0.000000s ]
INFO: [ view_filter ] --END-- [ RunTime:0.000000s ]
INFO: [ app_end ] --START--
INFO: Run Behavior\ShowPageTraceBehavior [ RunTime:0.000000s ]
INFO: [ app_end ] --END-- [ RunTime:0.000000s ]

[ 2016-11-04T17:15:10+08:00 ] 61.50.106.246 /Admin/Index/index.html?s=Admin/Doctor/doctor_list
INFO: [ app_init ] --START--
INFO: Run Behavior\BuildLiteBehavior [ RunTime:0.000000s ]
INFO: [ app_init ] --END-- [ RunTime:0.000000s ]
INFO: [ app_begin ] --START--
INFO: Run Behavior\ReadHtmlCacheBehavior [ RunTime:0.000000s ]
INFO: [ app_begin ] --END-- [ RunTime:0.000000s ]
SQL: SHOW COLUMNS FROM `sd_doctor` [ RunTime:0.0000s ]
SQL: SELECT d.*,c.id as claid,c.class_name FROM sd_doctor d LEFT JOIN sd_doctor_class as c on d.cid = c.id   [ RunTime:0.0000s ]
INFO: [ view_parse ] --START--
INFO: [ template_filter ] --START--
INFO: Run Behavior\ContentReplaceBehavior [ RunTime:0.000000s ]
INFO: [ template_filter ] --END-- [ RunTime:0.000000s ]
INFO: Run Behavior\ParseTemplateBehavior [ RunTime:0.000000s ]
INFO: [ view_parse ] --END-- [ RunTime:0.000000s ]
INFO: [ view_filter ] --START--
INFO: Run Behavior\WriteHtmlCacheBehavior [ RunTime:0.000000s ]
INFO: [ view_filter ] --END-- [ RunTime:0.000000s ]
INFO: [ app_end ] --START--
INFO: Run Behavior\ShowPageTraceBehavior [ RunTime:0.000000s ]
INFO: [ app_end ] --END-- [ RunTime:0.000000s ]

[ 2016-11-04T17:15:11+08:00 ] 61.50.106.246 /Admin/Index/index.html?s=Admin/Doctor/doctor_dept
INFO: [ app_init ] --START--
INFO: Run Behavior\BuildLiteBehavior [ RunTime:0.000000s ]
INFO: [ app_init ] --END-- [ RunTime:0.000000s ]
INFO: [ app_begin ] --START--
INFO: Run Behavior\ReadHtmlCacheBehavior [ RunTime:0.000000s ]
INFO: [ app_begin ] --END-- [ RunTime:0.000000s ]
SQL: SHOW COLUMNS FROM `sd_doctor_class` [ RunTime:0.0000s ]
SQL: SELECT * FROM `sd_doctor_class`  [ RunTime:0.0000s ]
INFO: [ view_parse ] --START--
INFO: [ template_filter ] --START--
INFO: Run Behavior\ContentReplaceBehavior [ RunTime:0.000000s ]
INFO: [ template_filter ] --END-- [ RunTime:0.000000s ]
INFO: Run Behavior\ParseTemplateBehavior [ RunTime:0.000000s ]
INFO: [ view_parse ] --END-- [ RunTime:0.000000s ]
INFO: [ view_filter ] --START--
INFO: Run Behavior\WriteHtmlCacheBehavior [ RunTime:0.000000s ]
INFO: [ view_filter ] --END-- [ RunTime:0.000000s ]
INFO: [ app_end ] --START--
INFO: Run Behavior\ShowPageTraceBehavior [ RunTime:0.000000s ]
INFO: [ app_end ] --END-- [ RunTime:0.000000s ]

[ 2016-11-04T17:15:13+08:00 ] 61.50.106.246 /Admin/Index/index.html?s=Admin/Setting/class_list
INFO: [ app_init ] --START--
INFO: Run Behavior\BuildLiteBehavior [ RunTime:0.000000s ]
INFO: [ app_init ] --END-- [ RunTime:0.000000s ]
INFO: [ app_begin ] --START--
INFO: Run Behavior\ReadHtmlCacheBehavior [ RunTime:0.000000s ]
INFO: [ app_begin ] --END-- [ RunTime:0.000000s ]
SQL: SHOW COLUMNS FROM `sd_class` [ RunTime:0.0000s ]
SQL: SELECT `id`,`pid`,`class_name`,`sort`,`th_img_url` FROM `sd_class` ORDER BY sort desc  [ RunTime:0.0000s ]
INFO: [ view_parse ] --START--
INFO: [ template_filter ] --START--
INFO: Run Behavior\ContentReplaceBehavior [ RunTime:0.000000s ]
INFO: [ template_filter ] --END-- [ RunTime:0.000000s ]
INFO: Run Behavior\ParseTemplateBehavior [ RunTime:0.000000s ]
INFO: [ view_parse ] --END-- [ RunTime:0.000000s ]
INFO: [ view_filter ] --START--
INFO: Run Behavior\WriteHtmlCacheBehavior [ RunTime:0.000000s ]
INFO: [ view_filter ] --END-- [ RunTime:0.000000s ]
INFO: [ app_end ] --START--
INFO: Run Behavior\ShowPageTraceBehavior [ RunTime:0.000000s ]
INFO: [ app_end ] --END-- [ RunTime:0.000000s ]

[ 2016-11-04T17:22:32+08:00 ] 61.50.106.246 /Admin/Index/index.html?s=Admin/Special/sp_list
INFO: [ app_init ] --START--
INFO: Run Behavior\BuildLiteBehavior [ RunTime:0.000000s ]
INFO: [ app_init ] --END-- [ RunTime:0.000000s ]
INFO: [ app_begin ] --START--
INFO: Run Behavior\ReadHtmlCacheBehavior [ RunTime:0.000000s ]
INFO: [ app_begin ] --END-- [ RunTime:0.000000s ]
SQL: SHOW COLUMNS FROM `sd_spcontent` [ RunTime:0.0000s ]
SQL: SELECT `id`,`sp_id`,`name` FROM `sd_spcontent`  [ RunTime:0.0000s ]
SQL: SHOW COLUMNS FROM `sd_special` [ RunTime:0.0156s ]
SQL: SELECT * FROM `sd_special`  [ RunTime:0.0000s ]
INFO: [ view_parse ] --START--
INFO: [ template_filter ] --START--
INFO: Run Behavior\ContentReplaceBehavior [ RunTime:0.000000s ]
INFO: [ template_filter ] --END-- [ RunTime:0.000000s ]
NOTIC: [8] Undefined index: active C:\www\hyuwap\Application\Runtime\Cache\Admin\b5fec19983b2a3f5e53b6fef77639c5d.php 第 41 行.
NOTIC: [8] Undefined index: active C:\www\hyuwap\Application\Runtime\Cache\Admin\b5fec19983b2a3f5e53b6fef77639c5d.php 第 49 行.
NOTIC: [8] Undefined index: active C:\www\hyuwap\Application\Runtime\Cache\Admin\b5fec19983b2a3f5e53b6fef77639c5d.php 第 41 行.
NOTIC: [8] Undefined index: active C:\www\hyuwap\Application\Runtime\Cache\Admin\b5fec19983b2a3f5e53b6fef77639c5d.php 第 49 行.
NOTIC: [8] Undefined index: active C:\www\hyuwap\Application\Runtime\Cache\Admin\b5fec19983b2a3f5e53b6fef77639c5d.php 第 41 行.
NOTIC: [8] Undefined index: active C:\www\hyuwap\Application\Runtime\Cache\Admin\b5fec19983b2a3f5e53b6fef77639c5d.php 第 49 行.
NOTIC: [8] Undefined index: active C:\www\hyuwap\Application\Runtime\Cache\Admin\b5fec19983b2a3f5e53b6fef77639c5d.php 第 41 行.
NOTIC: [8] Undefined index: active C:\www\hyuwap\Application\Runtime\Cache\Admin\b5fec19983b2a3f5e53b6fef77639c5d.php 第 49 行.
NOTIC: [8] Undefined index: active C:\www\hyuwap\Application\Runtime\Cache\Admin\b5fec19983b2a3f5e53b6fef77639c5d.php 第 41 行.
NOTIC: [8] Undefined index: active C:\www\hyuwap\Application\Runtime\Cache\Admin\b5fec19983b2a3f5e53b6fef77639c5d.php 第 49 行.
NOTIC: [8] Undefined index: active C:\www\hyuwap\Application\Runtime\Cache\Admin\b5fec19983b2a3f5e53b6fef77639c5d.php 第 41 行.
NOTIC: [8] Undefined index: active C:\www\hyuwap\Application\Runtime\Cache\Admin\b5fec19983b2a3f5e53b6fef77639c5d.php 第 49 行.
NOTIC: [8] Undefined index: active C:\www\hyuwap\Application\Runtime\Cache\Admin\b5fec19983b2a3f5e53b6fef77639c5d.php 第 41 行.
NOTIC: [8] Undefined index: active C:\www\hyuwap\Application\Runtime\Cache\Admin\b5fec19983b2a3f5e53b6fef77639c5d.php 第 49 行.
NOTIC: [8] Undefined index: active C:\www\hyuwap\Application\Runtime\Cache\Admin\b5fec19983b2a3f5e53b6fef77639c5d.php 第 41 行.
NOTIC: [8] Undefined index: active C:\www\hyuwap\Application\Runtime\Cache\Admin\b5fec19983b2a3f5e53b6fef77639c5d.php 第 49 行.
NOTIC: [8] Undefined index: active C:\www\hyuwap\Application\Runtime\Cache\Admin\b5fec19983b2a3f5e53b6fef77639c5d.php 第 41 行.
NOTIC: [8] Undefined index: active C:\www\hyuwap\Application\Runtime\Cache\Admin\b5fec19983b2a3f5e53b6fef77639c5d.php 第 49 行.
NOTIC: [8] Undefined index: active C:\www\hyuwap\Application\Runtime\Cache\Admin\b5fec19983b2a3f5e53b6fef77639c5d.php 第 41 行.
NOTIC: [8] Undefined index: active C:\www\hyuwap\Application\Runtime\Cache\Admin\b5fec19983b2a3f5e53b6fef77639c5d.php 第 49 行.
NOTIC: [8] Undefined index: active C:\www\hyuwap\Application\Runtime\Cache\Admin\b5fec19983b2a3f5e53b6fef77639c5d.php 第 41 行.
NOTIC: [8] Undefined index: active C:\www\hyuwap\Application\Runtime\Cache\Admin\b5fec19983b2a3f5e53b6fef77639c5d.php 第 49 行.
NOTIC: [8] Undefined index: active C:\www\hyuwap\Application\Runtime\Cache\Admin\b5fec19983b2a3f5e53b6fef77639c5d.php 第 41 行.
NOTIC: [8] Undefined index: active C:\www\hyuwap\Application\Runtime\Cache\Admin\b5fec19983b2a3f5e53b6fef77639c5d.php 第 49 行.
INFO: Run Behavior\ParseTemplateBehavior [ RunTime:0.015625s ]
INFO: [ view_parse ] --END-- [ RunTime:0.015625s ]
INFO: [ view_filter ] --START--
INFO: Run Behavior\WriteHtmlCacheBehavior [ RunTime:0.000000s ]
INFO: [ view_filter ] --END-- [ RunTime:0.000000s ]
INFO: [ app_end ] --START--
INFO: Run Behavior\ShowPageTraceBehavior [ RunTime:0.000000s ]
INFO: [ app_end ] --END-- [ RunTime:0.000000s ]

[ 2016-11-04T17:22:37+08:00 ] 61.50.106.246 /Admin/Special/sp_edit/id/16.html
INFO: [ app_init ] --START--
INFO: Run Behavior\BuildLiteBehavior [ RunTime:0.000000s ]
INFO: [ app_init ] --END-- [ RunTime:0.000000s ]
INFO: [ app_begin ] --START--
INFO: Run Behavior\ReadHtmlCacheBehavior [ RunTime:0.000000s ]
INFO: [ app_begin ] --END-- [ RunTime:0.000000s ]
SQL: SHOW COLUMNS FROM `sd_spcontent` [ RunTime:0.0156s ]
SQL: SELECT `id`,`sp_id`,`content`,`sp_img` FROM `sd_spcontent` WHERE `id` = 16 LIMIT 1   [ RunTime:0.0000s ]
SQL: SHOW COLUMNS FROM `sd_special` [ RunTime:0.0000s ]
SQL: SELECT * FROM `sd_special`  [ RunTime:0.0000s ]
INFO: [ view_parse ] --START--
INFO: [ template_filter ] --START--
INFO: Run Behavior\ContentReplaceBehavior [ RunTime:0.000000s ]
INFO: [ template_filter ] --END-- [ RunTime:0.000000s ]
NOTIC: [8] Undefined index: name C:\www\hyuwap\Application\Runtime\Cache\Admin\606feb19839782e3ca75f9d054c97e39.php 第 32 行.
INFO: Run Behavior\ParseTemplateBehavior [ RunTime:0.000000s ]
INFO: [ view_parse ] --END-- [ RunTime:0.000000s ]
INFO: [ view_filter ] --START--
INFO: Run Behavior\WriteHtmlCacheBehavior [ RunTime:0.000000s ]
INFO: [ view_filter ] --END-- [ RunTime:0.000000s ]
INFO: [ app_end ] --START--
INFO: Run Behavior\ShowPageTraceBehavior [ RunTime:0.000000s ]
INFO: [ app_end ] --END-- [ RunTime:0.000000s ]

[ 2016-11-04T17:22:44+08:00 ] 61.50.106.246 /Admin/Index/index.html?s=Admin/Special/sp_class
INFO: [ app_init ] --START--
INFO: Run Behavior\BuildLiteBehavior [ RunTime:0.000000s ]
INFO: [ app_init ] --END-- [ RunTime:0.000000s ]
INFO: [ app_begin ] --START--
INFO: Run Behavior\ReadHtmlCacheBehavior [ RunTime:0.000000s ]
INFO: [ app_begin ] --END-- [ RunTime:0.000000s ]
SQL: SHOW COLUMNS FROM `sd_special` [ RunTime:0.0000s ]
SQL: SELECT * FROM `sd_special` WHERE `active` = 1  [ RunTime:0.0000s ]
INFO: [ view_parse ] --START--
INFO: [ template_filter ] --START--
INFO: Run Behavior\ContentReplaceBehavior [ RunTime:0.000000s ]
INFO: [ template_filter ] --END-- [ RunTime:0.000000s ]
NOTIC: [8] Undefined index: sort C:\www\hyuwap\Application\Runtime\Cache\Admin\22776075d00b78ba1a4fce7f76144dc5.php 第 39 行.
NOTIC: [8] Undefined index: sort C:\www\hyuwap\Application\Runtime\Cache\Admin\22776075d00b78ba1a4fce7f76144dc5.php 第 39 行.
NOTIC: [8] Undefined index: sort C:\www\hyuwap\Application\Runtime\Cache\Admin\22776075d00b78ba1a4fce7f76144dc5.php 第 39 行.
NOTIC: [8] Undefined index: sort C:\www\hyuwap\Application\Runtime\Cache\Admin\22776075d00b78ba1a4fce7f76144dc5.php 第 39 行.
NOTIC: [8] Undefined index: sort C:\www\hyuwap\Application\Runtime\Cache\Admin\22776075d00b78ba1a4fce7f76144dc5.php 第 39 行.
NOTIC: [8] Undefined index: sort C:\www\hyuwap\Application\Runtime\Cache\Admin\22776075d00b78ba1a4fce7f76144dc5.php 第 39 行.
NOTIC: [8] Undefined index: sort C:\www\hyuwap\Application\Runtime\Cache\Admin\22776075d00b78ba1a4fce7f76144dc5.php 第 39 行.
NOTIC: [8] Undefined index: sort C:\www\hyuwap\Application\Runtime\Cache\Admin\22776075d00b78ba1a4fce7f76144dc5.php 第 39 行.
NOTIC: [8] Undefined index: sort C:\www\hyuwap\Application\Runtime\Cache\Admin\22776075d00b78ba1a4fce7f76144dc5.php 第 39 行.
NOTIC: [8] Undefined index: sort C:\www\hyuwap\Application\Runtime\Cache\Admin\22776075d00b78ba1a4fce7f76144dc5.php 第 39 行.
NOTIC: [8] Undefined index: sort C:\www\hyuwap\Application\Runtime\Cache\Admin\22776075d00b78ba1a4fce7f76144dc5.php 第 39 行.
NOTIC: [8] Undefined index: sort C:\www\hyuwap\Application\Runtime\Cache\Admin\22776075d00b78ba1a4fce7f76144dc5.php 第 39 行.
INFO: Run Behavior\ParseTemplateBehavior [ RunTime:0.015625s ]
INFO: [ view_parse ] --END-- [ RunTime:0.015625s ]
INFO: [ view_filter ] --START--
INFO: Run Behavior\WriteHtmlCacheBehavior [ RunTime:0.000000s ]
INFO: [ view_filter ] --END-- [ RunTime:0.000000s ]
INFO: [ app_end ] --START--
INFO: Run Behavior\ShowPageTraceBehavior [ RunTime:0.000000s ]
INFO: [ app_end ] --END-- [ RunTime:0.000000s ]

